nohup: ignoring input
Random seed : 10
number of postive/negtive samples 4599/2042.
{'Br': 0, 'C': 1, 'H': 2, 'N': 3, 'O': 4, 'F': 5, 'Cl': 6, 'S': 7, 'P': 8, 'I': 9, 'B': 10, 'Se': 11, 'Ar': 12, 'Kr': 13, 'Li': 14, 'Ne': 15, 'Xe': 16, 'Si': 17, 'Na': 18}
train set is initialized successfully. The max length of the atom is 276. The number of dataset is 6641. Padding length is 150.
number of postive/negtive samples 1120/540.
{'Br': 0, 'C': 1, 'H': 2, 'N': 3, 'O': 4, 'F': 5, 'Cl': 6, 'S': 7, 'P': 8, 'I': 9, 'B': 10, 'Se': 11, 'Ar': 12, 'Kr': 13, 'Li': 14, 'Ne': 15, 'Xe': 16, 'Si': 17, 'Na': 18}
test set is initialized successfully. The max length of the atom is 196. The number of dataset is 1660. Padding length is 150.
Set of Optimizer: lr:5e-05, weight_decay:0.0
Current Optimizer is adan
Current learning rate is [1.6666666666666667e-05, 1.6666666666666667e-05, 1.6666666666666667e-05].
Let's start training!
epoch: 1 / 100,step 39 / 415, loss: 1.8313
epoch: 1 / 100,step 79 / 415, loss: 1.4627
epoch: 1 / 100,step 119 / 415, loss: 1.5590
epoch: 1 / 100,step 159 / 415, loss: 1.4338
epoch: 1 / 100,step 199 / 415, loss: 1.5653
epoch: 1 / 100,step 239 / 415, loss: 1.2876
epoch: 1 / 100,step 279 / 415, loss: 1.2302
epoch: 1 / 100,step 319 / 415, loss: 1.0777
epoch: 1 / 100,step 359 / 415, loss: 0.9740
epoch: 1 / 100,step 399 / 415, loss: 1.0671
evaluating...
epoch: 1 / 100, test loss: 1.75093
epoch: 1 end ; cost time: 1.4849 min
Current learning rate is [2.3333333333333336e-05, 2.3333333333333336e-05, 2.3333333333333336e-05].
epoch: 2 / 100,step 39 / 415, loss: 0.9872
epoch: 2 / 100,step 79 / 415, loss: 0.7376
epoch: 2 / 100,step 119 / 415, loss: 0.9467
epoch: 2 / 100,step 159 / 415, loss: 0.9659
epoch: 2 / 100,step 199 / 415, loss: 0.8211
epoch: 2 / 100,step 239 / 415, loss: 0.8328
epoch: 2 / 100,step 279 / 415, loss: 0.9408
epoch: 2 / 100,step 319 / 415, loss: 0.2818
epoch: 2 / 100,step 359 / 415, loss: 0.9869
epoch: 2 / 100,step 399 / 415, loss: 0.4935
evaluating...
epoch: 2 / 100, test loss: 1.35549
epoch: 2 end ; cost time: 1.4874 min
Current learning rate is [3.0000000000000004e-05, 3.0000000000000004e-05, 3.0000000000000004e-05].
epoch: 3 / 100,step 39 / 415, loss: 0.6694
epoch: 3 / 100,step 79 / 415, loss: 0.6186
epoch: 3 / 100,step 119 / 415, loss: 0.6565
epoch: 3 / 100,step 159 / 415, loss: 0.8860
epoch: 3 / 100,step 199 / 415, loss: 0.7953
epoch: 3 / 100,step 239 / 415, loss: 0.3518
epoch: 3 / 100,step 279 / 415, loss: 0.6687
epoch: 3 / 100,step 319 / 415, loss: 0.5608
epoch: 3 / 100,step 359 / 415, loss: 0.5645
epoch: 3 / 100,step 399 / 415, loss: 0.4300
evaluating...
epoch: 3 / 100, test loss: 1.20674
epoch: 3 end ; cost time: 1.4895 min
Current learning rate is [3.666666666666667e-05, 3.666666666666667e-05, 3.666666666666667e-05].
epoch: 4 / 100,step 39 / 415, loss: 0.6368
epoch: 4 / 100,step 79 / 415, loss: 0.2813
epoch: 4 / 100,step 119 / 415, loss: 0.5427
epoch: 4 / 100,step 159 / 415, loss: 0.2865
epoch: 4 / 100,step 199 / 415, loss: 0.2070
epoch: 4 / 100,step 239 / 415, loss: 0.8937
epoch: 4 / 100,step 279 / 415, loss: 0.2819
epoch: 4 / 100,step 319 / 415, loss: 0.4799
epoch: 4 / 100,step 359 / 415, loss: 0.4436
epoch: 4 / 100,step 399 / 415, loss: 0.5540
evaluating...
epoch: 4 / 100, test loss: 1.19125
epoch: 4 end ; cost time: 1.4942 min
Current learning rate is [4.333333333333334e-05, 4.333333333333334e-05, 4.333333333333334e-05].
epoch: 5 / 100,step 39 / 415, loss: 0.5146
epoch: 5 / 100,step 79 / 415, loss: 0.2016
epoch: 5 / 100,step 119 / 415, loss: 0.5037
epoch: 5 / 100,step 159 / 415, loss: 0.3621
epoch: 5 / 100,step 199 / 415, loss: 0.5256
epoch: 5 / 100,step 239 / 415, loss: 0.3096
epoch: 5 / 100,step 279 / 415, loss: 0.4333
epoch: 5 / 100,step 319 / 415, loss: 0.2442
epoch: 5 / 100,step 359 / 415, loss: 0.4168
epoch: 5 / 100,step 399 / 415, loss: 0.2937
evaluating...
epoch: 5 / 100, test loss: 1.12875
epoch: 5 end ; cost time: 1.4670 min
/home/jovyan/.conda/fcb/lib/python3.8/site-packages/torch/optim/lr_scheduler.py:152: UserWarning: The epoch parameter in `scheduler.step()` was not necessary and is being deprecated where possible. Please use `scheduler.step()` to step the scheduler. During the deprecation, if epoch is different from None, the closed form is used instead of the new chainable form, where available. Please open an issue if you are unable to replicate your use case: https://github.com/pytorch/pytorch/issues/new/choose.
  warnings.warn(EPOCH_DEPRECATION_WARNING, UserWarning)
Current learning rate is [5e-05, 5e-05, 5e-05].
epoch: 6 / 100,step 39 / 415, loss: 0.2482
epoch: 6 / 100,step 79 / 415, loss: 0.4248
epoch: 6 / 100,step 119 / 415, loss: 0.4762
epoch: 6 / 100,step 159 / 415, loss: 0.2403
epoch: 6 / 100,step 199 / 415, loss: 0.3290
epoch: 6 / 100,step 239 / 415, loss: 0.4808
epoch: 6 / 100,step 279 / 415, loss: 0.4173
epoch: 6 / 100,step 319 / 415, loss: 0.2292
epoch: 6 / 100,step 359 / 415, loss: 0.5063
epoch: 6 / 100,step 399 / 415, loss: 0.2590
evaluating...
epoch: 6 / 100, test loss: 1.22120
epoch: 6 end ; cost time: 1.4926 min
Current learning rate is [5e-05, 5e-05, 5e-05].
epoch: 7 / 100,step 39 / 415, loss: 0.4527
epoch: 7 / 100,step 79 / 415, loss: 0.2607
epoch: 7 / 100,step 119 / 415, loss: 0.3430
epoch: 7 / 100,step 159 / 415, loss: 0.2426
epoch: 7 / 100,step 199 / 415, loss: 0.2582
epoch: 7 / 100,step 239 / 415, loss: 0.3254
epoch: 7 / 100,step 279 / 415, loss: 0.2546
epoch: 7 / 100,step 319 / 415, loss: 0.3178
epoch: 7 / 100,step 359 / 415, loss: 0.3805
epoch: 7 / 100,step 399 / 415, loss: 0.1789
evaluating...
epoch: 7 / 100, test loss: 1.11311
epoch: 7 end ; cost time: 1.4944 min
Current learning rate is [5e-05, 5e-05, 5e-05].
epoch: 8 / 100,step 39 / 415, loss: 0.1843
epoch: 8 / 100,step 79 / 415, loss: 0.2614
epoch: 8 / 100,step 119 / 415, loss: 0.3000
epoch: 8 / 100,step 159 / 415, loss: 0.2160
epoch: 8 / 100,step 199 / 415, loss: 0.3619
epoch: 8 / 100,step 239 / 415, loss: 0.3655
epoch: 8 / 100,step 279 / 415, loss: 0.2078
epoch: 8 / 100,step 319 / 415, loss: 0.2327
epoch: 8 / 100,step 359 / 415, loss: 0.2329
epoch: 8 / 100,step 399 / 415, loss: 0.2029
evaluating...
epoch: 8 / 100, test loss: 1.07346
epoch: 8 end ; cost time: 1.4894 min
Current learning rate is [5e-05, 5e-05, 5e-05].
epoch: 9 / 100,step 39 / 415, loss: 0.2342
epoch: 9 / 100,step 79 / 415, loss: 0.2655
epoch: 9 / 100,step 119 / 415, loss: 0.3970
epoch: 9 / 100,step 159 / 415, loss: 0.3118
epoch: 9 / 100,step 199 / 415, loss: 0.1644
epoch: 9 / 100,step 239 / 415, loss: 0.1786
epoch: 9 / 100,step 279 / 415, loss: 0.8055
epoch: 9 / 100,step 319 / 415, loss: 0.3176
epoch: 9 / 100,step 359 / 415, loss: 0.1015
epoch: 9 / 100,step 399 / 415, loss: 0.2689
evaluating...
epoch: 9 / 100, test loss: 1.08661
epoch: 9 end ; cost time: 1.4924 min
Current learning rate is [5e-05, 5e-05, 5e-05].
epoch: 10 / 100,step 39 / 415, loss: 0.1943
epoch: 10 / 100,step 79 / 415, loss: 0.2491
epoch: 10 / 100,step 119 / 415, loss: 0.3773
epoch: 10 / 100,step 159 / 415, loss: 0.4625
epoch: 10 / 100,step 199 / 415, loss: 0.1832
epoch: 10 / 100,step 239 / 415, loss: 0.1576
epoch: 10 / 100,step 279 / 415, loss: 0.2723
epoch: 10 / 100,step 319 / 415, loss: 0.1964
epoch: 10 / 100,step 359 / 415, loss: 0.2658
epoch: 10 / 100,step 399 / 415, loss: 0.3028
evaluating...
epoch: 10 / 100, test loss: 1.01285
epoch: 10 end ; cost time: 1.4654 min
Current learning rate is [5e-05, 5e-05, 5e-05].
epoch: 11 / 100,step 39 / 415, loss: 0.3343
epoch: 11 / 100,step 79 / 415, loss: 0.1004
epoch: 11 / 100,step 119 / 415, loss: 0.1848
epoch: 11 / 100,step 159 / 415, loss: 0.2184
epoch: 11 / 100,step 199 / 415, loss: 0.3433
epoch: 11 / 100,step 239 / 415, loss: 0.2500
epoch: 11 / 100,step 279 / 415, loss: 0.0811
epoch: 11 / 100,step 319 / 415, loss: 0.1797
epoch: 11 / 100,step 359 / 415, loss: 0.2475
epoch: 11 / 100,step 399 / 415, loss: 0.1613
evaluating...
epoch: 11 / 100, test loss: 1.00049
epoch: 11 end ; cost time: 1.4925 min
Current learning rate is [5e-05, 5e-05, 5e-05].
epoch: 12 / 100,step 39 / 415, loss: 0.2064
epoch: 12 / 100,step 79 / 415, loss: 0.1656
epoch: 12 / 100,step 119 / 415, loss: 0.0456
epoch: 12 / 100,step 159 / 415, loss: 0.1424
epoch: 12 / 100,step 199 / 415, loss: 0.1506
epoch: 12 / 100,step 239 / 415, loss: 0.2280
epoch: 12 / 100,step 279 / 415, loss: 0.1241
epoch: 12 / 100,step 319 / 415, loss: 0.2279
epoch: 12 / 100,step 359 / 415, loss: 0.1393
epoch: 12 / 100,step 399 / 415, loss: 0.2921
evaluating...
epoch: 12 / 100, test loss: 0.98122
epoch: 12 end ; cost time: 1.4926 min
Current learning rate is [5e-05, 5e-05, 5e-05].
epoch: 13 / 100,step 39 / 415, loss: 0.1882
epoch: 13 / 100,step 79 / 415, loss: 0.1363
epoch: 13 / 100,step 119 / 415, loss: 0.1534
epoch: 13 / 100,step 159 / 415, loss: 0.0647
epoch: 13 / 100,step 199 / 415, loss: 0.1792
epoch: 13 / 100,step 239 / 415, loss: 0.2641
epoch: 13 / 100,step 279 / 415, loss: 0.0812
epoch: 13 / 100,step 319 / 415, loss: 0.1370
epoch: 13 / 100,step 359 / 415, loss: 0.0680
epoch: 13 / 100,step 399 / 415, loss: 0.2277
evaluating...
epoch: 13 / 100, test loss: 1.00529
epoch: 13 end ; cost time: 1.4898 min
Current learning rate is [5e-05, 5e-05, 5e-05].
epoch: 14 / 100,step 39 / 415, loss: 0.2366
epoch: 14 / 100,step 79 / 415, loss: 0.3165
epoch: 14 / 100,step 119 / 415, loss: 0.1928
epoch: 14 / 100,step 159 / 415, loss: 0.0523
epoch: 14 / 100,step 199 / 415, loss: 0.3409
epoch: 14 / 100,step 239 / 415, loss: 0.5375
epoch: 14 / 100,step 279 / 415, loss: 0.1909
epoch: 14 / 100,step 319 / 415, loss: 0.0207
epoch: 14 / 100,step 359 / 415, loss: 0.1238
epoch: 14 / 100,step 399 / 415, loss: 0.0726
evaluating...
epoch: 14 / 100, test loss: 1.04154
epoch: 14 end ; cost time: 1.4912 min
Current learning rate is [5e-05, 5e-05, 5e-05].
epoch: 15 / 100,step 39 / 415, loss: 0.2083
epoch: 15 / 100,step 79 / 415, loss: 0.4860
epoch: 15 / 100,step 119 / 415, loss: 0.0672
epoch: 15 / 100,step 159 / 415, loss: 0.0938
epoch: 15 / 100,step 199 / 415, loss: 0.1134
epoch: 15 / 100,step 239 / 415, loss: 0.1773
epoch: 15 / 100,step 279 / 415, loss: 0.1560
epoch: 15 / 100,step 319 / 415, loss: 0.1293
epoch: 15 / 100,step 359 / 415, loss: 0.2318
epoch: 15 / 100,step 399 / 415, loss: 0.2637
evaluating...
epoch: 15 / 100, test loss: 0.97486
epoch: 15 end ; cost time: 1.4683 min
Current learning rate is [5e-05, 5e-05, 5e-05].
epoch: 16 / 100,step 39 / 415, loss: 0.1791
epoch: 16 / 100,step 79 / 415, loss: 0.1713
epoch: 16 / 100,step 119 / 415, loss: 0.1507
epoch: 16 / 100,step 159 / 415, loss: 0.2720
epoch: 16 / 100,step 199 / 415, loss: 0.0978
epoch: 16 / 100,step 239 / 415, loss: 0.4929
epoch: 16 / 100,step 279 / 415, loss: 0.1468
epoch: 16 / 100,step 319 / 415, loss: 0.0553
epoch: 16 / 100,step 359 / 415, loss: 0.2604
epoch: 16 / 100,step 399 / 415, loss: 0.1568
evaluating...
epoch: 16 / 100, test loss: 0.92591
epoch: 16 end ; cost time: 1.4900 min
Current learning rate is [5e-05, 5e-05, 5e-05].
epoch: 17 / 100,step 39 / 415, loss: 0.2337
epoch: 17 / 100,step 79 / 415, loss: 0.1347
epoch: 17 / 100,step 119 / 415, loss: 0.2108
epoch: 17 / 100,step 159 / 415, loss: 0.1830
epoch: 17 / 100,step 199 / 415, loss: 0.1360
epoch: 17 / 100,step 239 / 415, loss: 0.1194
epoch: 17 / 100,step 279 / 415, loss: 0.0697
epoch: 17 / 100,step 319 / 415, loss: 0.0577
epoch: 17 / 100,step 359 / 415, loss: 0.2289
epoch: 17 / 100,step 399 / 415, loss: 0.0488
evaluating...
epoch: 17 / 100, test loss: 0.89459
epoch: 17 end ; cost time: 1.4894 min
Current learning rate is [5e-05, 5e-05, 5e-05].
epoch: 18 / 100,step 39 / 415, loss: 0.1833
epoch: 18 / 100,step 79 / 415, loss: 0.3494
epoch: 18 / 100,step 119 / 415, loss: 0.2131
epoch: 18 / 100,step 159 / 415, loss: 0.0688
epoch: 18 / 100,step 199 / 415, loss: 0.2482
epoch: 18 / 100,step 239 / 415, loss: 0.0871
epoch: 18 / 100,step 279 / 415, loss: 0.2224
epoch: 18 / 100,step 319 / 415, loss: 0.0748
epoch: 18 / 100,step 359 / 415, loss: 0.2218
epoch: 18 / 100,step 399 / 415, loss: 0.2105
evaluating...
epoch: 18 / 100, test loss: 0.90404
epoch: 18 end ; cost time: 1.4904 min
Current learning rate is [5e-05, 5e-05, 5e-05].
epoch: 19 / 100,step 39 / 415, loss: 0.0162
epoch: 19 / 100,step 79 / 415, loss: 0.1016
epoch: 19 / 100,step 119 / 415, loss: 0.0119
epoch: 19 / 100,step 159 / 415, loss: 0.1836
epoch: 19 / 100,step 199 / 415, loss: 0.1712
epoch: 19 / 100,step 239 / 415, loss: 0.1886
epoch: 19 / 100,step 279 / 415, loss: 0.0342
epoch: 19 / 100,step 319 / 415, loss: 0.1772
epoch: 19 / 100,step 359 / 415, loss: 0.2813
epoch: 19 / 100,step 399 / 415, loss: 0.1079
evaluating...
epoch: 19 / 100, test loss: 0.87036
epoch: 19 end ; cost time: 1.4902 min
Current learning rate is [5e-05, 5e-05, 5e-05].
epoch: 20 / 100,step 39 / 415, loss: 0.0453
epoch: 20 / 100,step 79 / 415, loss: 0.0148
epoch: 20 / 100,step 119 / 415, loss: 0.0558
epoch: 20 / 100,step 159 / 415, loss: 0.1699
epoch: 20 / 100,step 199 / 415, loss: 0.1279
epoch: 20 / 100,step 239 / 415, loss: 0.1129
epoch: 20 / 100,step 279 / 415, loss: 0.0460
epoch: 20 / 100,step 319 / 415, loss: 0.0347
epoch: 20 / 100,step 359 / 415, loss: 0.0741
epoch: 20 / 100,step 399 / 415, loss: 0.1957
evaluating...
epoch: 20 / 100, test loss: 1.00164
epoch: 20 end ; cost time: 1.4652 min
Current learning rate is [5e-05, 5e-05, 5e-05].
epoch: 21 / 100,step 39 / 415, loss: 0.0285
epoch: 21 / 100,step 79 / 415, loss: 0.1378
epoch: 21 / 100,step 119 / 415, loss: 0.2018
epoch: 21 / 100,step 159 / 415, loss: 0.1353
epoch: 21 / 100,step 199 / 415, loss: 0.0956
epoch: 21 / 100,step 239 / 415, loss: 0.3016
epoch: 21 / 100,step 279 / 415, loss: 0.0505
epoch: 21 / 100,step 319 / 415, loss: 0.0101
epoch: 21 / 100,step 359 / 415, loss: 0.1161
epoch: 21 / 100,step 399 / 415, loss: 0.0597
evaluating...
epoch: 21 / 100, test loss: 1.06993
epoch: 21 end ; cost time: 1.4890 min
Current learning rate is [5e-05, 5e-05, 5e-05].
epoch: 22 / 100,step 39 / 415, loss: 0.2087
epoch: 22 / 100,step 79 / 415, loss: 0.1326
epoch: 22 / 100,step 119 / 415, loss: 0.1388
epoch: 22 / 100,step 159 / 415, loss: 0.0270
epoch: 22 / 100,step 199 / 415, loss: 0.3382
epoch: 22 / 100,step 239 / 415, loss: 0.0667
epoch: 22 / 100,step 279 / 415, loss: 0.2977
epoch: 22 / 100,step 319 / 415, loss: 0.1050
epoch: 22 / 100,step 359 / 415, loss: 0.1216
epoch: 22 / 100,step 399 / 415, loss: 0.1309
evaluating...
epoch: 22 / 100, test loss: 0.86268
epoch: 22 end ; cost time: 1.4915 min
Current learning rate is [5e-05, 5e-05, 5e-05].
epoch: 23 / 100,step 39 / 415, loss: 0.1316
epoch: 23 / 100,step 79 / 415, loss: 0.0805
epoch: 23 / 100,step 119 / 415, loss: 0.0090
epoch: 23 / 100,step 159 / 415, loss: 0.0670
epoch: 23 / 100,step 199 / 415, loss: 0.0884
epoch: 23 / 100,step 239 / 415, loss: 0.1608
epoch: 23 / 100,step 279 / 415, loss: 0.0304
epoch: 23 / 100,step 319 / 415, loss: 0.0337
epoch: 23 / 100,step 359 / 415, loss: 0.0976
epoch: 23 / 100,step 399 / 415, loss: 0.0707
evaluating...
epoch: 23 / 100, test loss: 0.89019
epoch: 23 end ; cost time: 1.4897 min
Current learning rate is [5e-05, 5e-05, 5e-05].
epoch: 24 / 100,step 39 / 415, loss: 0.2153
epoch: 24 / 100,step 79 / 415, loss: 0.0857
epoch: 24 / 100,step 119 / 415, loss: 0.0645
epoch: 24 / 100,step 159 / 415, loss: 0.1501
epoch: 24 / 100,step 199 / 415, loss: 0.0954
epoch: 24 / 100,step 239 / 415, loss: 0.0567
epoch: 24 / 100,step 279 / 415, loss: 0.1171
epoch: 24 / 100,step 319 / 415, loss: 0.0502
epoch: 24 / 100,step 359 / 415, loss: 0.0940
epoch: 24 / 100,step 399 / 415, loss: 0.0948
evaluating...
epoch: 24 / 100, test loss: 0.90178
epoch: 24 end ; cost time: 1.4899 min
Current learning rate is [5e-05, 5e-05, 5e-05].
epoch: 25 / 100,step 39 / 415, loss: 0.0639
epoch: 25 / 100,step 79 / 415, loss: 0.1898
epoch: 25 / 100,step 119 / 415, loss: 0.0896
epoch: 25 / 100,step 159 / 415, loss: 0.2176
epoch: 25 / 100,step 199 / 415, loss: 0.0180
epoch: 25 / 100,step 239 / 415, loss: 0.0649
epoch: 25 / 100,step 279 / 415, loss: 0.0316
epoch: 25 / 100,step 319 / 415, loss: 0.0574
epoch: 25 / 100,step 359 / 415, loss: 0.1400
epoch: 25 / 100,step 399 / 415, loss: 0.1054
evaluating...
epoch: 25 / 100, test loss: 0.92781
epoch: 25 end ; cost time: 1.4678 min
Current learning rate is [5e-05, 5e-05, 5e-05].
epoch: 26 / 100,step 39 / 415, loss: 0.0773
epoch: 26 / 100,step 79 / 415, loss: 0.0284
epoch: 26 / 100,step 119 / 415, loss: 0.0425
epoch: 26 / 100,step 159 / 415, loss: 0.2820
epoch: 26 / 100,step 199 / 415, loss: 0.0788
epoch: 26 / 100,step 239 / 415, loss: 0.1160
epoch: 26 / 100,step 279 / 415, loss: 0.0489
epoch: 26 / 100,step 319 / 415, loss: 0.0947
epoch: 26 / 100,step 359 / 415, loss: 0.1113
epoch: 26 / 100,step 399 / 415, loss: 0.1187
evaluating...
epoch: 26 / 100, test loss: 0.85513
epoch: 26 end ; cost time: 1.4956 min
Current learning rate is [5e-05, 5e-05, 5e-05].
epoch: 27 / 100,step 39 / 415, loss: 0.0109
epoch: 27 / 100,step 79 / 415, loss: 0.0202
epoch: 27 / 100,step 119 / 415, loss: 0.2407
epoch: 27 / 100,step 159 / 415, loss: 0.1643
epoch: 27 / 100,step 199 / 415, loss: 0.1271
epoch: 27 / 100,step 239 / 415, loss: 0.0972
epoch: 27 / 100,step 279 / 415, loss: 0.0619
epoch: 27 / 100,step 319 / 415, loss: 0.2292
epoch: 27 / 100,step 359 / 415, loss: 0.0503
epoch: 27 / 100,step 399 / 415, loss: 0.0411
evaluating...
epoch: 27 / 100, test loss: 0.90748
epoch: 27 end ; cost time: 1.4926 min
Current learning rate is [5e-05, 5e-05, 5e-05].
epoch: 28 / 100,step 39 / 415, loss: 0.1071
epoch: 28 / 100,step 79 / 415, loss: 0.1122
epoch: 28 / 100,step 119 / 415, loss: 0.4159
epoch: 28 / 100,step 159 / 415, loss: 0.1957
epoch: 28 / 100,step 199 / 415, loss: 0.2066
epoch: 28 / 100,step 239 / 415, loss: 0.0166
epoch: 28 / 100,step 279 / 415, loss: 0.1224
epoch: 28 / 100,step 319 / 415, loss: 0.0968
epoch: 28 / 100,step 359 / 415, loss: 0.0995
epoch: 28 / 100,step 399 / 415, loss: 0.0289
evaluating...
epoch: 28 / 100, test loss: 0.84176
epoch: 28 end ; cost time: 1.4898 min
Current learning rate is [5e-05, 5e-05, 5e-05].
epoch: 29 / 100,step 39 / 415, loss: 0.5077
epoch: 29 / 100,step 79 / 415, loss: 0.0750
epoch: 29 / 100,step 119 / 415, loss: 0.0636
epoch: 29 / 100,step 159 / 415, loss: 0.2674
epoch: 29 / 100,step 199 / 415, loss: 0.1765
epoch: 29 / 100,step 239 / 415, loss: 0.1835
epoch: 29 / 100,step 279 / 415, loss: 0.2904
epoch: 29 / 100,step 319 / 415, loss: 0.3293
epoch: 29 / 100,step 359 / 415, loss: 0.1227
epoch: 29 / 100,step 399 / 415, loss: 0.0534
evaluating...
epoch: 29 / 100, test loss: 0.87049
epoch: 29 end ; cost time: 1.4922 min
Current learning rate is [5e-05, 5e-05, 5e-05].
epoch: 30 / 100,step 39 / 415, loss: 0.0403
epoch: 30 / 100,step 79 / 415, loss: 0.1032
epoch: 30 / 100,step 119 / 415, loss: 0.1141
epoch: 30 / 100,step 159 / 415, loss: 0.1043
epoch: 30 / 100,step 199 / 415, loss: 0.1317
epoch: 30 / 100,step 239 / 415, loss: 0.0481
epoch: 30 / 100,step 279 / 415, loss: 0.2471
epoch: 30 / 100,step 319 / 415, loss: 0.0980
epoch: 30 / 100,step 359 / 415, loss: 0.1142
epoch: 30 / 100,step 399 / 415, loss: 0.2630
evaluating...
epoch: 30 / 100, test loss: 0.82050
epoch: 30 end ; cost time: 1.4681 min
Current learning rate is [5e-05, 5e-05, 5e-05].
epoch: 31 / 100,step 39 / 415, loss: 0.0900
epoch: 31 / 100,step 79 / 415, loss: 0.0581
epoch: 31 / 100,step 119 / 415, loss: 0.1616
epoch: 31 / 100,step 159 / 415, loss: 0.2434
epoch: 31 / 100,step 199 / 415, loss: 0.1050
epoch: 31 / 100,step 239 / 415, loss: 0.2696
epoch: 31 / 100,step 279 / 415, loss: 0.1277
epoch: 31 / 100,step 319 / 415, loss: 0.1436
epoch: 31 / 100,step 359 / 415, loss: 0.0268
epoch: 31 / 100,step 399 / 415, loss: 0.2285
evaluating...
epoch: 31 / 100, test loss: 0.87633
epoch: 31 end ; cost time: 1.4905 min
Current learning rate is [5e-05, 5e-05, 5e-05].
epoch: 32 / 100,step 39 / 415, loss: 0.1786
epoch: 32 / 100,step 79 / 415, loss: 0.1131
epoch: 32 / 100,step 119 / 415, loss: 0.1051
epoch: 32 / 100,step 159 / 415, loss: 0.0634
epoch: 32 / 100,step 199 / 415, loss: 0.1318
epoch: 32 / 100,step 239 / 415, loss: 0.1371
epoch: 32 / 100,step 279 / 415, loss: 0.0839
epoch: 32 / 100,step 319 / 415, loss: 0.0698
epoch: 32 / 100,step 359 / 415, loss: 0.0323
epoch: 32 / 100,step 399 / 415, loss: 0.1024
evaluating...
epoch: 32 / 100, test loss: 0.85049
epoch: 32 end ; cost time: 1.4917 min
Current learning rate is [5e-05, 5e-05, 5e-05].
epoch: 33 / 100,step 39 / 415, loss: 0.0896
epoch: 33 / 100,step 79 / 415, loss: 0.1494
epoch: 33 / 100,step 119 / 415, loss: 0.0946
epoch: 33 / 100,step 159 / 415, loss: 0.0203
epoch: 33 / 100,step 199 / 415, loss: 0.0406
epoch: 33 / 100,step 239 / 415, loss: 0.0309
epoch: 33 / 100,step 279 / 415, loss: 0.0083
epoch: 33 / 100,step 319 / 415, loss: 0.0825
epoch: 33 / 100,step 359 / 415, loss: 0.2872
epoch: 33 / 100,step 399 / 415, loss: 0.1448
evaluating...
epoch: 33 / 100, test loss: 0.81264
epoch: 33 end ; cost time: 1.4894 min
Current learning rate is [5e-05, 5e-05, 5e-05].
epoch: 34 / 100,step 39 / 415, loss: 0.1455
epoch: 34 / 100,step 79 / 415, loss: 0.1889
epoch: 34 / 100,step 119 / 415, loss: 0.1766
epoch: 34 / 100,step 159 / 415, loss: 0.0046
epoch: 34 / 100,step 199 / 415, loss: 0.0640
epoch: 34 / 100,step 239 / 415, loss: 0.3492
epoch: 34 / 100,step 279 / 415, loss: 0.1810
epoch: 34 / 100,step 319 / 415, loss: 0.0875
epoch: 34 / 100,step 359 / 415, loss: 0.0187
epoch: 34 / 100,step 399 / 415, loss: 0.2267
evaluating...
epoch: 34 / 100, test loss: 0.83785
epoch: 34 end ; cost time: 1.4972 min
Current learning rate is [5e-05, 5e-05, 5e-05].
epoch: 35 / 100,step 39 / 415, loss: 0.0096
epoch: 35 / 100,step 79 / 415, loss: 0.0842
epoch: 35 / 100,step 119 / 415, loss: 0.0061
epoch: 35 / 100,step 159 / 415, loss: 0.1185
epoch: 35 / 100,step 199 / 415, loss: 0.2996
epoch: 35 / 100,step 239 / 415, loss: 0.1034
epoch: 35 / 100,step 279 / 415, loss: 0.1671
epoch: 35 / 100,step 319 / 415, loss: 0.1564
epoch: 35 / 100,step 359 / 415, loss: 0.0690
epoch: 35 / 100,step 399 / 415, loss: 0.1452
evaluating...
epoch: 35 / 100, test loss: 0.87997
epoch: 35 end ; cost time: 1.4689 min
Current learning rate is [5e-05, 5e-05, 5e-05].
epoch: 36 / 100,step 39 / 415, loss: 0.1178
epoch: 36 / 100,step 79 / 415, loss: 0.0014
epoch: 36 / 100,step 119 / 415, loss: 0.0453
epoch: 36 / 100,step 159 / 415, loss: 0.0115
epoch: 36 / 100,step 199 / 415, loss: 0.0583
epoch: 36 / 100,step 239 / 415, loss: 0.0345
epoch: 36 / 100,step 279 / 415, loss: 0.0893
epoch: 36 / 100,step 319 / 415, loss: 0.1008
epoch: 36 / 100,step 359 / 415, loss: 0.0513
epoch: 36 / 100,step 399 / 415, loss: 0.0724
evaluating...
epoch: 36 / 100, test loss: 0.85119
epoch: 36 end ; cost time: 1.4917 min
Current learning rate is [5e-05, 5e-05, 5e-05].
epoch: 37 / 100,step 39 / 415, loss: 0.2416
epoch: 37 / 100,step 79 / 415, loss: 0.0379
epoch: 37 / 100,step 119 / 415, loss: 0.1782
epoch: 37 / 100,step 159 / 415, loss: 0.0202
epoch: 37 / 100,step 199 / 415, loss: 0.1451
epoch: 37 / 100,step 239 / 415, loss: 0.0931
epoch: 37 / 100,step 279 / 415, loss: 0.1321
epoch: 37 / 100,step 319 / 415, loss: 0.0576
epoch: 37 / 100,step 359 / 415, loss: 0.0502
epoch: 37 / 100,step 399 / 415, loss: 0.0062
evaluating...
epoch: 37 / 100, test loss: 0.86058
epoch: 37 end ; cost time: 1.4912 min
Current learning rate is [5e-05, 5e-05, 5e-05].
epoch: 38 / 100,step 39 / 415, loss: 0.0731
epoch: 38 / 100,step 79 / 415, loss: 0.0669
epoch: 38 / 100,step 119 / 415, loss: 0.0458
epoch: 38 / 100,step 159 / 415, loss: 0.2367
epoch: 38 / 100,step 199 / 415, loss: 0.1025
epoch: 38 / 100,step 239 / 415, loss: 0.1049
epoch: 38 / 100,step 279 / 415, loss: 0.2062
epoch: 38 / 100,step 319 / 415, loss: 0.0616
epoch: 38 / 100,step 359 / 415, loss: 0.0835
epoch: 38 / 100,step 399 / 415, loss: 0.0120
evaluating...
epoch: 38 / 100, test loss: 0.83949
epoch: 38 end ; cost time: 1.4906 min
Current learning rate is [5e-05, 5e-05, 5e-05].
epoch: 39 / 100,step 39 / 415, loss: 0.2123
epoch: 39 / 100,step 79 / 415, loss: 0.0699
epoch: 39 / 100,step 119 / 415, loss: 0.0049
epoch: 39 / 100,step 159 / 415, loss: 0.0176
epoch: 39 / 100,step 199 / 415, loss: 0.0737
epoch: 39 / 100,step 239 / 415, loss: 0.0376
epoch: 39 / 100,step 279 / 415, loss: 0.0895
epoch: 39 / 100,step 319 / 415, loss: 0.2186
epoch: 39 / 100,step 359 / 415, loss: 0.1009
epoch: 39 / 100,step 399 / 415, loss: 0.2906
evaluating...
epoch: 39 / 100, test loss: 0.85769
epoch: 39 end ; cost time: 1.4894 min
Current learning rate is [5e-05, 5e-05, 5e-05].
epoch: 40 / 100,step 39 / 415, loss: 0.1332
epoch: 40 / 100,step 79 / 415, loss: 0.4008
epoch: 40 / 100,step 119 / 415, loss: 0.0427
epoch: 40 / 100,step 159 / 415, loss: 0.0561
epoch: 40 / 100,step 199 / 415, loss: 0.0734
epoch: 40 / 100,step 239 / 415, loss: 0.2321
epoch: 40 / 100,step 279 / 415, loss: 0.0275
epoch: 40 / 100,step 319 / 415, loss: 0.1115
epoch: 40 / 100,step 359 / 415, loss: 0.0729
epoch: 40 / 100,step 399 / 415, loss: 0.2389
evaluating...
epoch: 40 / 100, test loss: 0.94558
epoch: 40 end ; cost time: 1.4670 min
Current learning rate is [5e-05, 5e-05, 5e-05].
epoch: 41 / 100,step 39 / 415, loss: 0.0322
epoch: 41 / 100,step 79 / 415, loss: 0.1361
epoch: 41 / 100,step 119 / 415, loss: 0.1086
epoch: 41 / 100,step 159 / 415, loss: 0.2139
epoch: 41 / 100,step 199 / 415, loss: 0.1622
epoch: 41 / 100,step 239 / 415, loss: 0.0410
epoch: 41 / 100,step 279 / 415, loss: 0.0597
epoch: 41 / 100,step 319 / 415, loss: 0.2604
epoch: 41 / 100,step 359 / 415, loss: 0.0612
epoch: 41 / 100,step 399 / 415, loss: 0.1348
evaluating...
epoch: 41 / 100, test loss: 0.86058
epoch: 41 end ; cost time: 1.4896 min
Current learning rate is [5e-05, 5e-05, 5e-05].
epoch: 42 / 100,step 39 / 415, loss: 0.0039
epoch: 42 / 100,step 79 / 415, loss: 0.0973
epoch: 42 / 100,step 119 / 415, loss: 0.1702
epoch: 42 / 100,step 159 / 415, loss: 0.1386
epoch: 42 / 100,step 199 / 415, loss: 0.0028
epoch: 42 / 100,step 239 / 415, loss: 0.1024
epoch: 42 / 100,step 279 / 415, loss: 0.0931
epoch: 42 / 100,step 319 / 415, loss: 0.0993
epoch: 42 / 100,step 359 / 415, loss: 0.0218
epoch: 42 / 100,step 399 / 415, loss: 0.0582
evaluating...
epoch: 42 / 100, test loss: 0.87696
epoch: 42 end ; cost time: 1.4913 min
Current learning rate is [5e-05, 5e-05, 5e-05].
epoch: 43 / 100,step 39 / 415, loss: 0.0277
epoch: 43 / 100,step 79 / 415, loss: 0.0797
epoch: 43 / 100,step 119 / 415, loss: 0.2312
epoch: 43 / 100,step 159 / 415, loss: 0.1054
epoch: 43 / 100,step 199 / 415, loss: 0.2039
epoch: 43 / 100,step 239 / 415, loss: 0.1570
epoch: 43 / 100,step 279 / 415, loss: 0.3398
epoch: 43 / 100,step 319 / 415, loss: 0.0064
epoch: 43 / 100,step 359 / 415, loss: 0.0304
epoch: 43 / 100,step 399 / 415, loss: 0.0633
evaluating...
epoch: 43 / 100, test loss: 0.83152
epoch: 43 end ; cost time: 1.4914 min
Current learning rate is [5e-05, 5e-05, 5e-05].
epoch: 44 / 100,step 39 / 415, loss: 0.0728
epoch: 44 / 100,step 79 / 415, loss: 0.0765
epoch: 44 / 100,step 119 / 415, loss: 0.0726
epoch: 44 / 100,step 159 / 415, loss: 0.1369
epoch: 44 / 100,step 199 / 415, loss: 0.1004
epoch: 44 / 100,step 239 / 415, loss: 0.0490
epoch: 44 / 100,step 279 / 415, loss: 0.1505
epoch: 44 / 100,step 319 / 415, loss: 0.0643
epoch: 44 / 100,step 359 / 415, loss: 0.1369
epoch: 44 / 100,step 399 / 415, loss: 0.0636
evaluating...
epoch: 44 / 100, test loss: 0.76392
epoch: 44 end ; cost time: 1.4900 min
Current learning rate is [5e-05, 5e-05, 5e-05].
epoch: 45 / 100,step 39 / 415, loss: 0.1698
epoch: 45 / 100,step 79 / 415, loss: 0.2177
epoch: 45 / 100,step 119 / 415, loss: 0.3089
epoch: 45 / 100,step 159 / 415, loss: 0.0072
epoch: 45 / 100,step 199 / 415, loss: 0.2171
epoch: 45 / 100,step 239 / 415, loss: 0.0506
epoch: 45 / 100,step 279 / 415, loss: 0.0452
epoch: 45 / 100,step 319 / 415, loss: 0.0535
epoch: 45 / 100,step 359 / 415, loss: 0.0116
epoch: 45 / 100,step 399 / 415, loss: 0.0126
evaluating...
epoch: 45 / 100, test loss: 0.83481
epoch: 45 end ; cost time: 1.4684 min
Current learning rate is [5e-05, 5e-05, 5e-05].
epoch: 46 / 100,step 39 / 415, loss: 0.0614
epoch: 46 / 100,step 79 / 415, loss: 0.0131
epoch: 46 / 100,step 119 / 415, loss: 0.2073
epoch: 46 / 100,step 159 / 415, loss: 0.0428
epoch: 46 / 100,step 199 / 415, loss: 0.0441
epoch: 46 / 100,step 239 / 415, loss: 0.0109
epoch: 46 / 100,step 279 / 415, loss: 0.1518
epoch: 46 / 100,step 319 / 415, loss: 0.0671
epoch: 46 / 100,step 359 / 415, loss: 0.0208
epoch: 46 / 100,step 399 / 415, loss: 0.7463
evaluating...
epoch: 46 / 100, test loss: 0.88564
epoch: 46 end ; cost time: 1.4941 min
Current learning rate is [5e-05, 5e-05, 5e-05].
epoch: 47 / 100,step 39 / 415, loss: 0.1286
epoch: 47 / 100,step 79 / 415, loss: 0.0549
epoch: 47 / 100,step 119 / 415, loss: 0.0900
epoch: 47 / 100,step 159 / 415, loss: 0.1883
epoch: 47 / 100,step 199 / 415, loss: 0.1414
epoch: 47 / 100,step 239 / 415, loss: 0.1270
epoch: 47 / 100,step 279 / 415, loss: 0.0988
epoch: 47 / 100,step 319 / 415, loss: 0.0854
epoch: 47 / 100,step 359 / 415, loss: 0.0588
epoch: 47 / 100,step 399 / 415, loss: 0.2345
evaluating...
epoch: 47 / 100, test loss: 0.90224
epoch: 47 end ; cost time: 1.4924 min
Current learning rate is [5e-05, 5e-05, 5e-05].
epoch: 48 / 100,step 39 / 415, loss: 0.0690
epoch: 48 / 100,step 79 / 415, loss: 0.0663
epoch: 48 / 100,step 119 / 415, loss: 0.0272
epoch: 48 / 100,step 159 / 415, loss: 0.2749
epoch: 48 / 100,step 199 / 415, loss: 0.0218
epoch: 48 / 100,step 239 / 415, loss: 0.3159
epoch: 48 / 100,step 279 / 415, loss: 0.0530
epoch: 48 / 100,step 319 / 415, loss: 0.1072
epoch: 48 / 100,step 359 / 415, loss: 0.0729
epoch: 48 / 100,step 399 / 415, loss: 0.0788
evaluating...
epoch: 48 / 100, test loss: 0.81047
epoch: 48 end ; cost time: 1.4907 min
Current learning rate is [5e-05, 5e-05, 5e-05].
epoch: 49 / 100,step 39 / 415, loss: 0.0408
epoch: 49 / 100,step 79 / 415, loss: 0.2007
epoch: 49 / 100,step 119 / 415, loss: 0.1337
epoch: 49 / 100,step 159 / 415, loss: 0.0059
epoch: 49 / 100,step 199 / 415, loss: 0.1706
epoch: 49 / 100,step 239 / 415, loss: 0.1233
epoch: 49 / 100,step 279 / 415, loss: 0.3701
epoch: 49 / 100,step 319 / 415, loss: 0.0534
epoch: 49 / 100,step 359 / 415, loss: 0.0217
epoch: 49 / 100,step 399 / 415, loss: 0.0598
evaluating...
epoch: 49 / 100, test loss: 0.83719
epoch: 49 end ; cost time: 1.4984 min
Current learning rate is [5e-05, 5e-05, 5e-05].
epoch: 50 / 100,step 39 / 415, loss: 0.0412
epoch: 50 / 100,step 79 / 415, loss: 0.1919
epoch: 50 / 100,step 119 / 415, loss: 0.0818
epoch: 50 / 100,step 159 / 415, loss: 0.1098
epoch: 50 / 100,step 199 / 415, loss: 0.0152
epoch: 50 / 100,step 239 / 415, loss: 0.0041
epoch: 50 / 100,step 279 / 415, loss: 0.2243
epoch: 50 / 100,step 319 / 415, loss: 0.0123
epoch: 50 / 100,step 359 / 415, loss: 0.1098
epoch: 50 / 100,step 399 / 415, loss: 0.1256
evaluating...
epoch: 50 / 100, test loss: 0.84923
epoch: 50 end ; cost time: 1.4668 min
Current learning rate is [5e-05, 5e-05, 5e-05].
epoch: 51 / 100,step 39 / 415, loss: 0.1796
epoch: 51 / 100,step 79 / 415, loss: 0.0432
epoch: 51 / 100,step 119 / 415, loss: 0.0956
epoch: 51 / 100,step 159 / 415, loss: 0.0074
epoch: 51 / 100,step 199 / 415, loss: 0.0792
epoch: 51 / 100,step 239 / 415, loss: 0.0152
epoch: 51 / 100,step 279 / 415, loss: 0.0021
epoch: 51 / 100,step 319 / 415, loss: 0.0348
epoch: 51 / 100,step 359 / 415, loss: 0.0988
epoch: 51 / 100,step 399 / 415, loss: 0.0130
evaluating...
epoch: 51 / 100, test loss: 0.80139
epoch: 51 end ; cost time: 1.4909 min
Current learning rate is [5e-05, 5e-05, 5e-05].
epoch: 52 / 100,step 39 / 415, loss: 0.0066
epoch: 52 / 100,step 79 / 415, loss: 0.0357
epoch: 52 / 100,step 119 / 415, loss: 0.0800
epoch: 52 / 100,step 159 / 415, loss: 0.0102
epoch: 52 / 100,step 199 / 415, loss: 0.1303
epoch: 52 / 100,step 239 / 415, loss: 0.0962
epoch: 52 / 100,step 279 / 415, loss: 0.0117
epoch: 52 / 100,step 319 / 415, loss: 0.0015
epoch: 52 / 100,step 359 / 415, loss: 0.0820
epoch: 52 / 100,step 399 / 415, loss: 0.1741
evaluating...
epoch: 52 / 100, test loss: 0.85777
epoch: 52 end ; cost time: 1.4898 min
Current learning rate is [5e-05, 5e-05, 5e-05].
epoch: 53 / 100,step 39 / 415, loss: 0.2831
epoch: 53 / 100,step 79 / 415, loss: 0.0645
epoch: 53 / 100,step 119 / 415, loss: 0.0093
epoch: 53 / 100,step 159 / 415, loss: 0.1214
epoch: 53 / 100,step 199 / 415, loss: 0.0550
epoch: 53 / 100,step 239 / 415, loss: 0.0133
epoch: 53 / 100,step 279 / 415, loss: 0.0649
epoch: 53 / 100,step 319 / 415, loss: 0.0022
epoch: 53 / 100,step 359 / 415, loss: 0.3115
epoch: 53 / 100,step 399 / 415, loss: 0.0093
evaluating...
epoch: 53 / 100, test loss: 0.93795
epoch: 53 end ; cost time: 1.4954 min
Current learning rate is [5e-05, 5e-05, 5e-05].
epoch: 54 / 100,step 39 / 415, loss: 0.0214
epoch: 54 / 100,step 79 / 415, loss: 0.1886
epoch: 54 / 100,step 119 / 415, loss: 0.1094
epoch: 54 / 100,step 159 / 415, loss: 0.0260
epoch: 54 / 100,step 199 / 415, loss: 0.0060
epoch: 54 / 100,step 239 / 415, loss: 0.0780
epoch: 54 / 100,step 279 / 415, loss: 0.1531
epoch: 54 / 100,step 319 / 415, loss: 0.0307
epoch: 54 / 100,step 359 / 415, loss: 0.0896
epoch: 54 / 100,step 399 / 415, loss: 0.0269
evaluating...
epoch: 54 / 100, test loss: 0.83217
epoch: 54 end ; cost time: 1.4879 min
Current learning rate is [5e-05, 5e-05, 5e-05].
epoch: 55 / 100,step 39 / 415, loss: 0.0566
epoch: 55 / 100,step 79 / 415, loss: 0.0025
epoch: 55 / 100,step 119 / 415, loss: 0.0425
epoch: 55 / 100,step 159 / 415, loss: 0.0255
epoch: 55 / 100,step 199 / 415, loss: 0.0071
epoch: 55 / 100,step 239 / 415, loss: 0.0790
epoch: 55 / 100,step 279 / 415, loss: 0.0228
epoch: 55 / 100,step 319 / 415, loss: 0.0810
epoch: 55 / 100,step 359 / 415, loss: 0.0045
epoch: 55 / 100,step 399 / 415, loss: 0.0522
evaluating...
epoch: 55 / 100, test loss: 0.88121
epoch: 55 end ; cost time: 1.4685 min
Current learning rate is [5e-05, 5e-05, 5e-05].
epoch: 56 / 100,step 39 / 415, loss: 0.1128
epoch: 56 / 100,step 79 / 415, loss: 0.0445
epoch: 56 / 100,step 119 / 415, loss: 0.0660
epoch: 56 / 100,step 159 / 415, loss: 0.0646
epoch: 56 / 100,step 199 / 415, loss: 0.1461
epoch: 56 / 100,step 239 / 415, loss: 0.0088
epoch: 56 / 100,step 279 / 415, loss: 0.0482
epoch: 56 / 100,step 319 / 415, loss: 0.1430
epoch: 56 / 100,step 359 / 415, loss: 0.0680
epoch: 56 / 100,step 399 / 415, loss: 0.1077
evaluating...
epoch: 56 / 100, test loss: 0.86469
epoch: 56 end ; cost time: 1.4889 min
Current learning rate is [5e-05, 5e-05, 5e-05].
epoch: 57 / 100,step 39 / 415, loss: 0.0461
epoch: 57 / 100,step 79 / 415, loss: 0.0596
epoch: 57 / 100,step 119 / 415, loss: 0.0240
epoch: 57 / 100,step 159 / 415, loss: 0.0041
epoch: 57 / 100,step 199 / 415, loss: 0.0406
epoch: 57 / 100,step 239 / 415, loss: 0.0071
epoch: 57 / 100,step 279 / 415, loss: 0.0123
epoch: 57 / 100,step 319 / 415, loss: 0.0174
epoch: 57 / 100,step 359 / 415, loss: 0.0649
epoch: 57 / 100,step 399 / 415, loss: 0.0768
evaluating...
epoch: 57 / 100, test loss: 0.86103
epoch: 57 end ; cost time: 1.4912 min
Current learning rate is [5e-05, 5e-05, 5e-05].
epoch: 58 / 100,step 39 / 415, loss: 0.1584
epoch: 58 / 100,step 79 / 415, loss: 0.0334
epoch: 58 / 100,step 119 / 415, loss: 0.0843
epoch: 58 / 100,step 159 / 415, loss: 0.1051
epoch: 58 / 100,step 199 / 415, loss: 0.0922
epoch: 58 / 100,step 239 / 415, loss: 0.1052
epoch: 58 / 100,step 279 / 415, loss: 0.0074
epoch: 58 / 100,step 319 / 415, loss: 0.0872
epoch: 58 / 100,step 359 / 415, loss: 0.0241
epoch: 58 / 100,step 399 / 415, loss: 0.0020
evaluating...
epoch: 58 / 100, test loss: 0.91557
epoch: 58 end ; cost time: 1.4917 min
Current learning rate is [5e-05, 5e-05, 5e-05].
epoch: 59 / 100,step 39 / 415, loss: 0.0599
epoch: 59 / 100,step 79 / 415, loss: 0.0036
epoch: 59 / 100,step 119 / 415, loss: 0.0240
epoch: 59 / 100,step 159 / 415, loss: 0.0545
epoch: 59 / 100,step 199 / 415, loss: 0.0109
epoch: 59 / 100,step 239 / 415, loss: 0.0309
epoch: 59 / 100,step 279 / 415, loss: 0.0021
epoch: 59 / 100,step 319 / 415, loss: 0.0100
epoch: 59 / 100,step 359 / 415, loss: 0.1197
epoch: 59 / 100,step 399 / 415, loss: 0.1235
evaluating...
epoch: 59 / 100, test loss: 0.82864
epoch: 59 end ; cost time: 1.4911 min
Current learning rate is [5e-05, 5e-05, 5e-05].
epoch: 60 / 100,step 39 / 415, loss: 0.0012
epoch: 60 / 100,step 79 / 415, loss: 0.0351
epoch: 60 / 100,step 119 / 415, loss: 0.0261
epoch: 60 / 100,step 159 / 415, loss: 0.0622
epoch: 60 / 100,step 199 / 415, loss: 0.0814
epoch: 60 / 100,step 239 / 415, loss: 0.2142
epoch: 60 / 100,step 279 / 415, loss: 0.0689
epoch: 60 / 100,step 319 / 415, loss: 0.0573
epoch: 60 / 100,step 359 / 415, loss: 0.0768
epoch: 60 / 100,step 399 / 415, loss: 0.0505
evaluating...
epoch: 60 / 100, test loss: 0.80747
epoch: 60 end ; cost time: 1.4694 min
Current learning rate is [5e-05, 5e-05, 5e-05].
epoch: 61 / 100,step 39 / 415, loss: 0.0643
epoch: 61 / 100,step 79 / 415, loss: 0.1830
epoch: 61 / 100,step 119 / 415, loss: 0.0999
epoch: 61 / 100,step 159 / 415, loss: 0.0066
epoch: 61 / 100,step 199 / 415, loss: 0.0007
epoch: 61 / 100,step 239 / 415, loss: 0.0943
epoch: 61 / 100,step 279 / 415, loss: 0.0767
epoch: 61 / 100,step 319 / 415, loss: 0.0029
epoch: 61 / 100,step 359 / 415, loss: 0.1721
epoch: 61 / 100,step 399 / 415, loss: 0.0042
evaluating...
epoch: 61 / 100, test loss: 0.85299
epoch: 61 end ; cost time: 1.4919 min
Current learning rate is [5e-05, 5e-05, 5e-05].
epoch: 62 / 100,step 39 / 415, loss: 0.0520
epoch: 62 / 100,step 79 / 415, loss: 0.0495
epoch: 62 / 100,step 119 / 415, loss: 0.1197
epoch: 62 / 100,step 159 / 415, loss: 0.2220
epoch: 62 / 100,step 199 / 415, loss: 0.0770
epoch: 62 / 100,step 239 / 415, loss: 0.1383
epoch: 62 / 100,step 279 / 415, loss: 0.0702
epoch: 62 / 100,step 319 / 415, loss: 0.0077
epoch: 62 / 100,step 359 / 415, loss: 0.0392
epoch: 62 / 100,step 399 / 415, loss: 0.2092
evaluating...
epoch: 62 / 100, test loss: 0.83043
epoch: 62 end ; cost time: 1.4947 min
Current learning rate is [5e-05, 5e-05, 5e-05].
epoch: 63 / 100,step 39 / 415, loss: 0.0256
epoch: 63 / 100,step 79 / 415, loss: 0.1971
epoch: 63 / 100,step 119 / 415, loss: 0.0516
epoch: 63 / 100,step 159 / 415, loss: 0.3721
epoch: 63 / 100,step 199 / 415, loss: 0.0975
epoch: 63 / 100,step 239 / 415, loss: 0.1304
epoch: 63 / 100,step 279 / 415, loss: 0.1052
epoch: 63 / 100,step 319 / 415, loss: 0.0687
epoch: 63 / 100,step 359 / 415, loss: 0.0178
epoch: 63 / 100,step 399 / 415, loss: 0.0424
evaluating...
epoch: 63 / 100, test loss: 0.79174
epoch: 63 end ; cost time: 1.4912 min
Current learning rate is [5e-05, 5e-05, 5e-05].
epoch: 64 / 100,step 39 / 415, loss: 0.0115
epoch: 64 / 100,step 79 / 415, loss: 0.1056
epoch: 64 / 100,step 119 / 415, loss: 0.0463
epoch: 64 / 100,step 159 / 415, loss: 0.1228
epoch: 64 / 100,step 199 / 415, loss: 0.0066
epoch: 64 / 100,step 239 / 415, loss: 0.0452
epoch: 64 / 100,step 279 / 415, loss: 0.0489
epoch: 64 / 100,step 319 / 415, loss: 0.3381
epoch: 64 / 100,step 359 / 415, loss: 0.1734
epoch: 64 / 100,step 399 / 415, loss: 0.0204
evaluating...
epoch: 64 / 100, test loss: 0.84526
epoch: 64 end ; cost time: 1.4974 min
Current learning rate is [5e-05, 5e-05, 5e-05].
epoch: 65 / 100,step 39 / 415, loss: 0.0682
epoch: 65 / 100,step 79 / 415, loss: 0.0853
epoch: 65 / 100,step 119 / 415, loss: 0.0685
epoch: 65 / 100,step 159 / 415, loss: 0.1237
epoch: 65 / 100,step 199 / 415, loss: 0.0049
epoch: 65 / 100,step 239 / 415, loss: 0.0235
epoch: 65 / 100,step 279 / 415, loss: 0.0155
epoch: 65 / 100,step 319 / 415, loss: 0.0395
epoch: 65 / 100,step 359 / 415, loss: 0.0868
epoch: 65 / 100,step 399 / 415, loss: 0.0848
evaluating...
epoch: 65 / 100, test loss: 0.81338
epoch: 65 end ; cost time: 1.4675 min
Current learning rate is [5e-05, 5e-05, 5e-05].
epoch: 66 / 100,step 39 / 415, loss: 0.1925
epoch: 66 / 100,step 79 / 415, loss: 0.0014
epoch: 66 / 100,step 119 / 415, loss: 0.0238
epoch: 66 / 100,step 159 / 415, loss: 0.0053
epoch: 66 / 100,step 199 / 415, loss: 0.0668
epoch: 66 / 100,step 239 / 415, loss: 0.2159
epoch: 66 / 100,step 279 / 415, loss: 0.0589
epoch: 66 / 100,step 319 / 415, loss: 0.0736
epoch: 66 / 100,step 359 / 415, loss: 0.1846
epoch: 66 / 100,step 399 / 415, loss: 0.0063
evaluating...
epoch: 66 / 100, test loss: 0.83772
epoch: 66 end ; cost time: 1.4893 min
Current learning rate is [5e-05, 5e-05, 5e-05].
epoch: 67 / 100,step 39 / 415, loss: 0.0550
epoch: 67 / 100,step 79 / 415, loss: 0.0978
epoch: 67 / 100,step 119 / 415, loss: 0.0234
epoch: 67 / 100,step 159 / 415, loss: 0.0143
epoch: 67 / 100,step 199 / 415, loss: 0.0414
epoch: 67 / 100,step 239 / 415, loss: 0.0357
epoch: 67 / 100,step 279 / 415, loss: 0.1139
epoch: 67 / 100,step 319 / 415, loss: 0.0189
epoch: 67 / 100,step 359 / 415, loss: 0.0132
epoch: 67 / 100,step 399 / 415, loss: 0.0036
evaluating...
epoch: 67 / 100, test loss: 0.82852
epoch: 67 end ; cost time: 1.4936 min
Current learning rate is [5e-05, 5e-05, 5e-05].
epoch: 68 / 100,step 39 / 415, loss: 0.0059
epoch: 68 / 100,step 79 / 415, loss: 0.0324
epoch: 68 / 100,step 119 / 415, loss: 0.0883
epoch: 68 / 100,step 159 / 415, loss: 0.0512
epoch: 68 / 100,step 199 / 415, loss: 0.0911
epoch: 68 / 100,step 239 / 415, loss: 0.0840
epoch: 68 / 100,step 279 / 415, loss: 0.0376
epoch: 68 / 100,step 319 / 415, loss: 0.1083
epoch: 68 / 100,step 359 / 415, loss: 0.0066
epoch: 68 / 100,step 399 / 415, loss: 0.0953
evaluating...
epoch: 68 / 100, test loss: 0.87099
epoch: 68 end ; cost time: 1.4929 min
Current learning rate is [5e-05, 5e-05, 5e-05].
epoch: 69 / 100,step 39 / 415, loss: 0.0090
epoch: 69 / 100,step 79 / 415, loss: 0.3803
epoch: 69 / 100,step 119 / 415, loss: 0.0023
epoch: 69 / 100,step 159 / 415, loss: 0.1108
epoch: 69 / 100,step 199 / 415, loss: 0.0406
epoch: 69 / 100,step 239 / 415, loss: 0.0182
epoch: 69 / 100,step 279 / 415, loss: 0.0284
epoch: 69 / 100,step 319 / 415, loss: 0.0192
epoch: 69 / 100,step 359 / 415, loss: 0.0189
epoch: 69 / 100,step 399 / 415, loss: 0.0686
evaluating...
epoch: 69 / 100, test loss: 0.84158
epoch: 69 end ; cost time: 1.4878 min
Current learning rate is [5e-05, 5e-05, 5e-05].
epoch: 70 / 100,step 39 / 415, loss: 0.1145
epoch: 70 / 100,step 79 / 415, loss: 0.2983
epoch: 70 / 100,step 119 / 415, loss: 0.1265
epoch: 70 / 100,step 159 / 415, loss: 0.0046
epoch: 70 / 100,step 199 / 415, loss: 0.2131
epoch: 70 / 100,step 239 / 415, loss: 0.0418
epoch: 70 / 100,step 279 / 415, loss: 0.0022
epoch: 70 / 100,step 319 / 415, loss: 0.0199
epoch: 70 / 100,step 359 / 415, loss: 0.0485
epoch: 70 / 100,step 399 / 415, loss: 0.0167
evaluating...
epoch: 70 / 100, test loss: 0.78285
epoch: 70 end ; cost time: 1.4666 min
Current learning rate is [5e-05, 5e-05, 5e-05].
epoch: 71 / 100,step 39 / 415, loss: 0.0422
epoch: 71 / 100,step 79 / 415, loss: 0.0400
epoch: 71 / 100,step 119 / 415, loss: 0.0006
epoch: 71 / 100,step 159 / 415, loss: 0.1501
epoch: 71 / 100,step 199 / 415, loss: 0.0022
epoch: 71 / 100,step 239 / 415, loss: 0.0117
epoch: 71 / 100,step 279 / 415, loss: 0.0552
epoch: 71 / 100,step 319 / 415, loss: 0.1245
epoch: 71 / 100,step 359 / 415, loss: 0.0194
epoch: 71 / 100,step 399 / 415, loss: 0.0021
evaluating...
epoch: 71 / 100, test loss: 0.76629
epoch: 71 end ; cost time: 1.4914 min
Current learning rate is [5e-05, 5e-05, 5e-05].
epoch: 72 / 100,step 39 / 415, loss: 0.0029
epoch: 72 / 100,step 79 / 415, loss: 0.1766
epoch: 72 / 100,step 119 / 415, loss: 0.1064
epoch: 72 / 100,step 159 / 415, loss: 0.0340
epoch: 72 / 100,step 199 / 415, loss: 0.0017
epoch: 72 / 100,step 239 / 415, loss: 0.0554
epoch: 72 / 100,step 279 / 415, loss: 0.0257
epoch: 72 / 100,step 319 / 415, loss: 0.0761
epoch: 72 / 100,step 359 / 415, loss: 0.0382
epoch: 72 / 100,step 399 / 415, loss: 0.0182
evaluating...
epoch: 72 / 100, test loss: 0.80561
epoch: 72 end ; cost time: 1.4888 min
Current learning rate is [5e-05, 5e-05, 5e-05].
epoch: 73 / 100,step 39 / 415, loss: 0.0483
epoch: 73 / 100,step 79 / 415, loss: 0.0849
epoch: 73 / 100,step 119 / 415, loss: 0.0206
epoch: 73 / 100,step 159 / 415, loss: 0.0012
epoch: 73 / 100,step 199 / 415, loss: 0.0112
epoch: 73 / 100,step 239 / 415, loss: 0.0110
epoch: 73 / 100,step 279 / 415, loss: 0.0233
epoch: 73 / 100,step 319 / 415, loss: 0.1068
epoch: 73 / 100,step 359 / 415, loss: 0.0671
epoch: 73 / 100,step 399 / 415, loss: 0.0066
evaluating...
epoch: 73 / 100, test loss: 0.78352
epoch: 73 end ; cost time: 1.4887 min
Current learning rate is [5e-05, 5e-05, 5e-05].
epoch: 74 / 100,step 39 / 415, loss: 0.2176
epoch: 74 / 100,step 79 / 415, loss: 0.1419
epoch: 74 / 100,step 119 / 415, loss: 0.0026
epoch: 74 / 100,step 159 / 415, loss: 0.0700
epoch: 74 / 100,step 199 / 415, loss: 0.0981
epoch: 74 / 100,step 239 / 415, loss: 0.1128
epoch: 74 / 100,step 279 / 415, loss: 0.1219
epoch: 74 / 100,step 319 / 415, loss: 0.0044
epoch: 74 / 100,step 359 / 415, loss: 0.0271
epoch: 74 / 100,step 399 / 415, loss: 0.0361
evaluating...
epoch: 74 / 100, test loss: 0.86822
epoch: 74 end ; cost time: 1.4887 min
Current learning rate is [5e-05, 5e-05, 5e-05].
epoch: 75 / 100,step 39 / 415, loss: 0.0345
epoch: 75 / 100,step 79 / 415, loss: 0.1672
epoch: 75 / 100,step 119 / 415, loss: 0.0466
epoch: 75 / 100,step 159 / 415, loss: 0.0645
epoch: 75 / 100,step 199 / 415, loss: 0.0866
epoch: 75 / 100,step 239 / 415, loss: 0.0014
epoch: 75 / 100,step 279 / 415, loss: 0.0058
epoch: 75 / 100,step 319 / 415, loss: 0.0157
epoch: 75 / 100,step 359 / 415, loss: 0.1737
epoch: 75 / 100,step 399 / 415, loss: 0.1146
evaluating...
epoch: 75 / 100, test loss: 0.85341
epoch: 75 end ; cost time: 1.4678 min
Current learning rate is [5e-05, 5e-05, 5e-05].
epoch: 76 / 100,step 39 / 415, loss: 0.0020
epoch: 76 / 100,step 79 / 415, loss: 0.1164
epoch: 76 / 100,step 119 / 415, loss: 0.0954
epoch: 76 / 100,step 159 / 415, loss: 0.0330
epoch: 76 / 100,step 199 / 415, loss: 0.0197
epoch: 76 / 100,step 239 / 415, loss: 0.0465
epoch: 76 / 100,step 279 / 415, loss: 0.0996
epoch: 76 / 100,step 319 / 415, loss: 0.0419
epoch: 76 / 100,step 359 / 415, loss: 0.0280
epoch: 76 / 100,step 399 / 415, loss: 0.1593
evaluating...
epoch: 76 / 100, test loss: 0.83621
epoch: 76 end ; cost time: 1.4900 min
Current learning rate is [5e-05, 5e-05, 5e-05].
epoch: 77 / 100,step 39 / 415, loss: 0.1178
epoch: 77 / 100,step 79 / 415, loss: 0.0855
epoch: 77 / 100,step 119 / 415, loss: 0.3131
epoch: 77 / 100,step 159 / 415, loss: 0.0980
epoch: 77 / 100,step 199 / 415, loss: 0.0045
epoch: 77 / 100,step 239 / 415, loss: 0.0296
epoch: 77 / 100,step 279 / 415, loss: 0.0051
epoch: 77 / 100,step 319 / 415, loss: 0.0603
epoch: 77 / 100,step 359 / 415, loss: 0.1227
epoch: 77 / 100,step 399 / 415, loss: 0.0106
evaluating...
epoch: 77 / 100, test loss: 0.88282
epoch: 77 end ; cost time: 1.4887 min
Current learning rate is [5e-05, 5e-05, 5e-05].
epoch: 78 / 100,step 39 / 415, loss: 0.0078
epoch: 78 / 100,step 79 / 415, loss: 0.0192
epoch: 78 / 100,step 119 / 415, loss: 0.0111
epoch: 78 / 100,step 159 / 415, loss: 0.0073
epoch: 78 / 100,step 199 / 415, loss: 0.1075
epoch: 78 / 100,step 239 / 415, loss: 0.0120
epoch: 78 / 100,step 279 / 415, loss: 0.2587
epoch: 78 / 100,step 319 / 415, loss: 0.0450
epoch: 78 / 100,step 359 / 415, loss: 0.0038
epoch: 78 / 100,step 399 / 415, loss: 0.0128
evaluating...
epoch: 78 / 100, test loss: 0.79105
epoch: 78 end ; cost time: 1.4947 min
Current learning rate is [5e-05, 5e-05, 5e-05].
epoch: 79 / 100,step 39 / 415, loss: 0.0341
epoch: 79 / 100,step 79 / 415, loss: 0.0133
epoch: 79 / 100,step 119 / 415, loss: 0.0557
epoch: 79 / 100,step 159 / 415, loss: 0.0473
epoch: 79 / 100,step 199 / 415, loss: 0.0118
epoch: 79 / 100,step 239 / 415, loss: 0.0066
epoch: 79 / 100,step 279 / 415, loss: 0.0432
epoch: 79 / 100,step 319 / 415, loss: 0.0012
epoch: 79 / 100,step 359 / 415, loss: 0.0570
epoch: 79 / 100,step 399 / 415, loss: 0.0171
evaluating...
epoch: 79 / 100, test loss: 0.79816
epoch: 79 end ; cost time: 1.4947 min
Current learning rate is [5e-05, 5e-05, 5e-05].
epoch: 80 / 100,step 39 / 415, loss: 0.0301
epoch: 80 / 100,step 79 / 415, loss: 0.0785
epoch: 80 / 100,step 119 / 415, loss: 0.0044
epoch: 80 / 100,step 159 / 415, loss: 0.1505
epoch: 80 / 100,step 199 / 415, loss: 0.0918
epoch: 80 / 100,step 239 / 415, loss: 0.0237
epoch: 80 / 100,step 279 / 415, loss: 0.0613
epoch: 80 / 100,step 319 / 415, loss: 0.0131
epoch: 80 / 100,step 359 / 415, loss: 0.0439
epoch: 80 / 100,step 399 / 415, loss: 0.0340
evaluating...
epoch: 80 / 100, test loss: 0.76919
epoch: 80 end ; cost time: 1.4643 min
Current learning rate is [5e-05, 5e-05, 5e-05].
epoch: 81 / 100,step 39 / 415, loss: 0.0067
epoch: 81 / 100,step 79 / 415, loss: 0.0935
epoch: 81 / 100,step 119 / 415, loss: 0.0396
epoch: 81 / 100,step 159 / 415, loss: 0.0558
epoch: 81 / 100,step 199 / 415, loss: 0.0747
epoch: 81 / 100,step 239 / 415, loss: 0.0186
epoch: 81 / 100,step 279 / 415, loss: 0.0426
epoch: 81 / 100,step 319 / 415, loss: 0.1039
epoch: 81 / 100,step 359 / 415, loss: 0.0037
epoch: 81 / 100,step 399 / 415, loss: 0.0274
evaluating...
epoch: 81 / 100, test loss: 0.83378
epoch: 81 end ; cost time: 1.4880 min
Current learning rate is [5e-05, 5e-05, 5e-05].
epoch: 82 / 100,step 39 / 415, loss: 0.1843
epoch: 82 / 100,step 79 / 415, loss: 0.1109
epoch: 82 / 100,step 119 / 415, loss: 0.1832
epoch: 82 / 100,step 159 / 415, loss: 0.1013
epoch: 82 / 100,step 199 / 415, loss: 0.0137
epoch: 82 / 100,step 239 / 415, loss: 0.0567
epoch: 82 / 100,step 279 / 415, loss: 0.0520
epoch: 82 / 100,step 319 / 415, loss: 0.0189
epoch: 82 / 100,step 359 / 415, loss: 0.0696
epoch: 82 / 100,step 399 / 415, loss: 0.0005
evaluating...
epoch: 82 / 100, test loss: 0.83340
epoch: 82 end ; cost time: 1.4891 min
Current learning rate is [5e-05, 5e-05, 5e-05].
epoch: 83 / 100,step 39 / 415, loss: 0.0072
epoch: 83 / 100,step 79 / 415, loss: 0.1273
epoch: 83 / 100,step 119 / 415, loss: 0.0027
epoch: 83 / 100,step 159 / 415, loss: 0.0178
epoch: 83 / 100,step 199 / 415, loss: 0.0010
epoch: 83 / 100,step 239 / 415, loss: 0.0071
epoch: 83 / 100,step 279 / 415, loss: 0.0832
epoch: 83 / 100,step 319 / 415, loss: 0.0641
epoch: 83 / 100,step 359 / 415, loss: 0.0914
epoch: 83 / 100,step 399 / 415, loss: 0.0010
evaluating...
epoch: 83 / 100, test loss: 0.88277
epoch: 83 end ; cost time: 1.4870 min
Current learning rate is [5e-05, 5e-05, 5e-05].
epoch: 84 / 100,step 39 / 415, loss: 0.0019
epoch: 84 / 100,step 79 / 415, loss: 0.0039
epoch: 84 / 100,step 119 / 415, loss: 0.0228
epoch: 84 / 100,step 159 / 415, loss: 0.1528
epoch: 84 / 100,step 199 / 415, loss: 0.0039
epoch: 84 / 100,step 239 / 415, loss: 0.2214
epoch: 84 / 100,step 279 / 415, loss: 0.0001
epoch: 84 / 100,step 319 / 415, loss: 0.0135
epoch: 84 / 100,step 359 / 415, loss: 0.0384
epoch: 84 / 100,step 399 / 415, loss: 0.0098
evaluating...
epoch: 84 / 100, test loss: 0.81063
epoch: 84 end ; cost time: 1.4879 min
Current learning rate is [5e-05, 5e-05, 5e-05].
epoch: 85 / 100,step 39 / 415, loss: 0.0340
epoch: 85 / 100,step 79 / 415, loss: 0.0442
epoch: 85 / 100,step 119 / 415, loss: 0.0094
epoch: 85 / 100,step 159 / 415, loss: 0.0618
epoch: 85 / 100,step 199 / 415, loss: 0.0170
epoch: 85 / 100,step 239 / 415, loss: 0.2406
epoch: 85 / 100,step 279 / 415, loss: 0.1404
epoch: 85 / 100,step 319 / 415, loss: 0.0447
epoch: 85 / 100,step 359 / 415, loss: 0.0222
epoch: 85 / 100,step 399 / 415, loss: 0.0298
evaluating...
epoch: 85 / 100, test loss: 0.82742
epoch: 85 end ; cost time: 1.4638 min
Current learning rate is [5e-05, 5e-05, 5e-05].
epoch: 86 / 100,step 39 / 415, loss: 0.1794
epoch: 86 / 100,step 79 / 415, loss: 0.0171
epoch: 86 / 100,step 119 / 415, loss: 0.0008
epoch: 86 / 100,step 159 / 415, loss: 0.0002
epoch: 86 / 100,step 199 / 415, loss: 0.0918
epoch: 86 / 100,step 239 / 415, loss: 0.0134
epoch: 86 / 100,step 279 / 415, loss: 0.1071
epoch: 86 / 100,step 319 / 415, loss: 0.0014
epoch: 86 / 100,step 359 / 415, loss: 0.0028
epoch: 86 / 100,step 399 / 415, loss: 0.1169
evaluating...
epoch: 86 / 100, test loss: 0.80020
epoch: 86 end ; cost time: 1.4903 min
Current learning rate is [5e-05, 5e-05, 5e-05].
epoch: 87 / 100,step 39 / 415, loss: 0.1456
epoch: 87 / 100,step 79 / 415, loss: 0.1234
epoch: 87 / 100,step 119 / 415, loss: 0.0222
epoch: 87 / 100,step 159 / 415, loss: 0.0748
epoch: 87 / 100,step 199 / 415, loss: 0.0115
epoch: 87 / 100,step 239 / 415, loss: 0.0041
epoch: 87 / 100,step 279 / 415, loss: 0.0149
epoch: 87 / 100,step 319 / 415, loss: 0.0226
epoch: 87 / 100,step 359 / 415, loss: 0.0874
epoch: 87 / 100,step 399 / 415, loss: 0.0199
evaluating...
epoch: 87 / 100, test loss: 0.86124
epoch: 87 end ; cost time: 1.4898 min
Current learning rate is [5e-05, 5e-05, 5e-05].
epoch: 88 / 100,step 39 / 415, loss: 0.1168
epoch: 88 / 100,step 79 / 415, loss: 0.0766
epoch: 88 / 100,step 119 / 415, loss: 0.0159
epoch: 88 / 100,step 159 / 415, loss: 0.0118
epoch: 88 / 100,step 199 / 415, loss: 0.0204
epoch: 88 / 100,step 239 / 415, loss: 0.1984
epoch: 88 / 100,step 279 / 415, loss: 0.0712
epoch: 88 / 100,step 319 / 415, loss: 0.0195
epoch: 88 / 100,step 359 / 415, loss: 0.3446
epoch: 88 / 100,step 399 / 415, loss: 0.0535
evaluating...
epoch: 88 / 100, test loss: 0.92706
epoch: 88 end ; cost time: 1.4849 min
Current learning rate is [5e-05, 5e-05, 5e-05].
epoch: 89 / 100,step 39 / 415, loss: 0.0864
epoch: 89 / 100,step 79 / 415, loss: 0.0045
epoch: 89 / 100,step 119 / 415, loss: 0.0054
epoch: 89 / 100,step 159 / 415, loss: 0.1488
epoch: 89 / 100,step 199 / 415, loss: 0.0709
epoch: 89 / 100,step 239 / 415, loss: 0.0166
epoch: 89 / 100,step 279 / 415, loss: 0.0736
epoch: 89 / 100,step 319 / 415, loss: 0.0021
epoch: 89 / 100,step 359 / 415, loss: 0.0796
epoch: 89 / 100,step 399 / 415, loss: 0.0312
evaluating...
