nohup: ignoring input
Random seed : 10
{'Br': 0, 'C': 1, 'H': 2, 'N': 3, 'O': 4, 'F': 5, 'Cl': 6, 'S': 7, 'P': 8, 'I': 9, 'B': 10, 'Se': 11, 'Ar': 12, 'Kr': 13, 'Li': 14, 'Ne': 15, 'Xe': 16, 'Si': 17, 'Na': 18, 'Mask': 19, 'Pad': 20}
logd set is initialized successfully. The max length of the atom is 774. The number of dataset is 10455. Padding length is 150.
{'Br': 0, 'C': 1, 'H': 2, 'N': 3, 'O': 4, 'F': 5, 'Cl': 6, 'S': 7, 'P': 8, 'I': 9, 'B': 10, 'Se': 11, 'Ar': 12, 'Kr': 13, 'Li': 14, 'Ne': 15, 'Xe': 16, 'Si': 17, 'Na': 18, 'Mask': 19, 'Pad': 20}
herg set is initialized successfully. The max length of the atom is 135. The number of dataset is 5687. Padding length is 150.
{'Br': 0, 'C': 1, 'H': 2, 'N': 3, 'O': 4, 'F': 5, 'Cl': 6, 'S': 7, 'P': 8, 'I': 9, 'B': 10, 'Se': 11, 'Ar': 12, 'Kr': 13, 'Li': 14, 'Ne': 15, 'Xe': 16, 'Si': 17, 'Na': 18, 'Mask': 19, 'Pad': 20}
bbb set is initialized successfully. The max length of the atom is 276. The number of dataset is 6641. Padding length is 150.
{'Br': 0, 'C': 1, 'H': 2, 'N': 3, 'O': 4, 'F': 5, 'Cl': 6, 'S': 7, 'P': 8, 'I': 9, 'B': 10, 'Se': 11, 'Ar': 12, 'Kr': 13, 'Li': 14, 'Ne': 15, 'Xe': 16, 'Si': 17, 'Na': 18, 'Mask': 19, 'Pad': 20}
bbb_test set is initialized successfully. The max length of the atom is 196. The number of dataset is 1660. Padding length is 150.
Layer number of backbone is 12.
Set of Optimizer: lr:5e-05, weight_decay:0.0
Current Optimizer is adan
Let's start training!
epoch: 1 / 100,step 39 / 354, loss: 0.2428
Atom: 0.1942; Dist: 0.0487; 
epoch: 1 / 100,step 79 / 354, loss: 0.1992
Atom: 0.1412; Dist: 0.0580; 
epoch: 1 / 100,step 119 / 354, loss: 0.1607
Atom: 0.1130; Dist: 0.0477; 
epoch: 1 / 100,step 159 / 354, loss: 0.1447
Atom: 0.1012; Dist: 0.0435; 
epoch: 1 / 100,step 202 / 354, loss: 0.1034
Atom: 0.0609; Dist: 0.0425; 
epoch: 1 / 100,step 242 / 354, loss: 0.0927
Atom: 0.0516; Dist: 0.0410; 
epoch: 1 / 100,step 305 / 354, loss: 0.1171
Atom: 0.0723; Dist: 0.0448; 
epoch: 1 / 100,step 345 / 354, loss: 0.0999
Atom: 0.0556; Dist: 0.0443; 
evaluating...
epoch: 1 / 100, test atom loss: 0.04785; test dist loss: 0.04440
epoch: 1 end ; cost time: 4.6756 min
epoch: 2 / 100,step 39 / 354, loss: 0.1022
Atom: 0.0491; Dist: 0.0531; 
epoch: 2 / 100,step 79 / 354, loss: 0.0896
Atom: 0.0475; Dist: 0.0420; 
epoch: 2 / 100,step 119 / 354, loss: 0.0816
Atom: 0.0402; Dist: 0.0414; 
epoch: 2 / 100,step 159 / 354, loss: 0.0790
Atom: 0.0390; Dist: 0.0400; 
epoch: 2 / 100,step 202 / 354, loss: 0.0721
Atom: 0.0307; Dist: 0.0414; 
epoch: 2 / 100,step 242 / 354, loss: 0.0630
Atom: 0.0220; Dist: 0.0410; 
epoch: 2 / 100,step 305 / 354, loss: 0.0832
Atom: 0.0403; Dist: 0.0430; 
epoch: 2 / 100,step 345 / 354, loss: 0.0718
Atom: 0.0316; Dist: 0.0402; 
evaluating...
epoch: 2 / 100, test atom loss: 0.02819; test dist loss: 0.04206
epoch: 2 end ; cost time: 4.6731 min
epoch: 3 / 100,step 39 / 354, loss: 0.0843
Atom: 0.0441; Dist: 0.0402; 
epoch: 3 / 100,step 79 / 354, loss: 0.0678
Atom: 0.0303; Dist: 0.0375; 
epoch: 3 / 100,step 119 / 354, loss: 0.0644
Atom: 0.0283; Dist: 0.0361; 
epoch: 3 / 100,step 159 / 354, loss: 0.0634
Atom: 0.0267; Dist: 0.0367; 
epoch: 3 / 100,step 202 / 354, loss: 0.0637
Atom: 0.0226; Dist: 0.0411; 
epoch: 3 / 100,step 242 / 354, loss: 0.0517
Atom: 0.0154; Dist: 0.0363; 
epoch: 3 / 100,step 305 / 354, loss: 0.0650
Atom: 0.0297; Dist: 0.0353; 
epoch: 3 / 100,step 345 / 354, loss: 0.0634
Atom: 0.0294; Dist: 0.0340; 
evaluating...
epoch: 3 / 100, test atom loss: 0.02429; test dist loss: 0.03754
epoch: 3 end ; cost time: 4.6743 min
epoch: 4 / 100,step 39 / 354, loss: 0.0619
Atom: 0.0238; Dist: 0.0381; 
epoch: 4 / 100,step 79 / 354, loss: 0.0631
Atom: 0.0293; Dist: 0.0338; 
epoch: 4 / 100,step 119 / 354, loss: 0.0593
Atom: 0.0235; Dist: 0.0358; 
epoch: 4 / 100,step 159 / 354, loss: 0.0541
Atom: 0.0204; Dist: 0.0336; 
epoch: 4 / 100,step 202 / 354, loss: 0.0551
Atom: 0.0182; Dist: 0.0368; 
epoch: 4 / 100,step 242 / 354, loss: 0.0510
Atom: 0.0184; Dist: 0.0326; 
epoch: 4 / 100,step 305 / 354, loss: 0.0665
Atom: 0.0314; Dist: 0.0351; 
epoch: 4 / 100,step 345 / 354, loss: 0.0538
Atom: 0.0215; Dist: 0.0323; 
evaluating...
epoch: 4 / 100, test atom loss: 0.01986; test dist loss: 0.03587
epoch: 4 end ; cost time: 4.6748 min
epoch: 5 / 100,step 39 / 354, loss: 0.0578
Atom: 0.0247; Dist: 0.0331; 
epoch: 5 / 100,step 79 / 354, loss: 0.0568
Atom: 0.0231; Dist: 0.0337; 
epoch: 5 / 100,step 119 / 354, loss: 0.0567
Atom: 0.0217; Dist: 0.0350; 
epoch: 5 / 100,step 159 / 354, loss: 0.0530
Atom: 0.0225; Dist: 0.0305; 
epoch: 5 / 100,step 202 / 354, loss: 0.0531
Atom: 0.0144; Dist: 0.0387; 
epoch: 5 / 100,step 242 / 354, loss: 0.0492
Atom: 0.0169; Dist: 0.0323; 
epoch: 5 / 100,step 305 / 354, loss: 0.0498
Atom: 0.0186; Dist: 0.0312; 
epoch: 5 / 100,step 345 / 354, loss: 0.0600
Atom: 0.0265; Dist: 0.0335; 
evaluating...
epoch: 5 / 100, test atom loss: 0.01897; test dist loss: 0.03501
epoch: 5 end ; cost time: 4.6706 min
epoch: 6 / 100,step 39 / 354, loss: 0.0545
Atom: 0.0186; Dist: 0.0359; 
epoch: 6 / 100,step 79 / 354, loss: 0.0526
Atom: 0.0206; Dist: 0.0320; 
epoch: 6 / 100,step 119 / 354, loss: 0.0552
Atom: 0.0223; Dist: 0.0328; 
epoch: 6 / 100,step 159 / 354, loss: 0.0533
Atom: 0.0216; Dist: 0.0317; 
epoch: 6 / 100,step 202 / 354, loss: 0.0487
Atom: 0.0133; Dist: 0.0355; 
epoch: 6 / 100,step 242 / 354, loss: 0.0483
Atom: 0.0170; Dist: 0.0312; 
epoch: 6 / 100,step 305 / 354, loss: 0.0544
Atom: 0.0204; Dist: 0.0340; 
epoch: 6 / 100,step 345 / 354, loss: 0.0538
Atom: 0.0198; Dist: 0.0340; 
evaluating...
epoch: 6 / 100, test atom loss: 0.01757; test dist loss: 0.03456
epoch: 6 end ; cost time: 4.6683 min
epoch: 7 / 100,step 39 / 354, loss: 0.0506
Atom: 0.0193; Dist: 0.0313; 
epoch: 7 / 100,step 79 / 354, loss: 0.0462
Atom: 0.0134; Dist: 0.0328; 
epoch: 7 / 100,step 119 / 354, loss: 0.0480
Atom: 0.0146; Dist: 0.0334; 
epoch: 7 / 100,step 159 / 354, loss: 0.0488
Atom: 0.0188; Dist: 0.0300; 
epoch: 7 / 100,step 202 / 354, loss: 0.0419
Atom: 0.0098; Dist: 0.0321; 
epoch: 7 / 100,step 242 / 354, loss: 0.0447
Atom: 0.0115; Dist: 0.0332; 
epoch: 7 / 100,step 305 / 354, loss: 0.0473
Atom: 0.0153; Dist: 0.0320; 
epoch: 7 / 100,step 345 / 354, loss: 0.0465
Atom: 0.0163; Dist: 0.0303; 
evaluating...
epoch: 7 / 100, test atom loss: 0.01652; test dist loss: 0.03425
epoch: 7 end ; cost time: 4.6767 min
epoch: 8 / 100,step 39 / 354, loss: 0.0522
Atom: 0.0155; Dist: 0.0368; 
epoch: 8 / 100,step 79 / 354, loss: 0.0458
Atom: 0.0145; Dist: 0.0313; 
epoch: 8 / 100,step 119 / 354, loss: 0.0489
Atom: 0.0160; Dist: 0.0329; 
epoch: 8 / 100,step 159 / 354, loss: 0.0514
Atom: 0.0178; Dist: 0.0337; 
epoch: 8 / 100,step 202 / 354, loss: 0.0431
Atom: 0.0092; Dist: 0.0339; 
epoch: 8 / 100,step 242 / 354, loss: 0.0448
Atom: 0.0107; Dist: 0.0340; 
epoch: 8 / 100,step 305 / 354, loss: 0.0495
Atom: 0.0181; Dist: 0.0314; 
epoch: 8 / 100,step 345 / 354, loss: 0.0512
Atom: 0.0175; Dist: 0.0337; 
evaluating...
epoch: 8 / 100, test atom loss: 0.01740; test dist loss: 0.03416
epoch: 8 end ; cost time: 4.6714 min
epoch: 9 / 100,step 39 / 354, loss: 0.0498
Atom: 0.0165; Dist: 0.0332; 
epoch: 9 / 100,step 79 / 354, loss: 0.0468
Atom: 0.0137; Dist: 0.0332; 
epoch: 9 / 100,step 119 / 354, loss: 0.0491
Atom: 0.0125; Dist: 0.0366; 
epoch: 9 / 100,step 159 / 354, loss: 0.0461
Atom: 0.0133; Dist: 0.0328; 
epoch: 9 / 100,step 202 / 354, loss: 0.0411
Atom: 0.0105; Dist: 0.0306; 
epoch: 9 / 100,step 242 / 354, loss: 0.0479
Atom: 0.0139; Dist: 0.0340; 
epoch: 9 / 100,step 305 / 354, loss: 0.0486
Atom: 0.0159; Dist: 0.0326; 
epoch: 9 / 100,step 345 / 354, loss: 0.0460
Atom: 0.0134; Dist: 0.0326; 
evaluating...
epoch: 9 / 100, test atom loss: 0.01455; test dist loss: 0.03386
epoch: 9 end ; cost time: 4.6666 min
epoch: 10 / 100,step 39 / 354, loss: 0.0461
Atom: 0.0177; Dist: 0.0284; 
epoch: 10 / 100,step 79 / 354, loss: 0.0417
Atom: 0.0121; Dist: 0.0296; 
epoch: 10 / 100,step 119 / 354, loss: 0.0400
Atom: 0.0120; Dist: 0.0279; 
epoch: 10 / 100,step 159 / 354, loss: 0.0552
Atom: 0.0110; Dist: 0.0442; 
epoch: 10 / 100,step 202 / 354, loss: 0.0408
Atom: 0.0097; Dist: 0.0310; 
epoch: 10 / 100,step 242 / 354, loss: 0.0392
Atom: 0.0087; Dist: 0.0304; 
epoch: 10 / 100,step 305 / 354, loss: 0.0479
Atom: 0.0155; Dist: 0.0324; 
epoch: 10 / 100,step 345 / 354, loss: 0.0467
Atom: 0.0120; Dist: 0.0347; 
evaluating...
epoch: 10 / 100, test atom loss: 0.01490; test dist loss: 0.03402
epoch: 10 end ; cost time: 4.6714 min
epoch: 11 / 100,step 39 / 354, loss: 0.0448
Atom: 0.0106; Dist: 0.0341; 
epoch: 11 / 100,step 79 / 354, loss: 0.0369
Atom: 0.0095; Dist: 0.0275; 
epoch: 11 / 100,step 119 / 354, loss: 0.0385
Atom: 0.0094; Dist: 0.0291; 
epoch: 11 / 100,step 159 / 354, loss: 0.0424
Atom: 0.0138; Dist: 0.0286; 
epoch: 11 / 100,step 202 / 354, loss: 0.0387
Atom: 0.0093; Dist: 0.0294; 
epoch: 11 / 100,step 242 / 354, loss: 0.0400
Atom: 0.0082; Dist: 0.0318; 
epoch: 11 / 100,step 305 / 354, loss: 0.0424
Atom: 0.0081; Dist: 0.0343; 
epoch: 11 / 100,step 345 / 354, loss: 0.0451
Atom: 0.0125; Dist: 0.0326; 
evaluating...
epoch: 11 / 100, test atom loss: 0.01279; test dist loss: 0.03328
epoch: 11 end ; cost time: 4.6729 min
epoch: 12 / 100,step 39 / 354, loss: 0.0419
Atom: 0.0097; Dist: 0.0322; 
epoch: 12 / 100,step 79 / 354, loss: 0.0449
Atom: 0.0138; Dist: 0.0311; 
epoch: 12 / 100,step 119 / 354, loss: 0.0373
Atom: 0.0096; Dist: 0.0276; 
epoch: 12 / 100,step 159 / 354, loss: 0.0351
Atom: 0.0084; Dist: 0.0267; 
epoch: 12 / 100,step 202 / 354, loss: 0.0409
Atom: 0.0083; Dist: 0.0327; 
epoch: 12 / 100,step 242 / 354, loss: 0.0374
Atom: 0.0073; Dist: 0.0300; 
epoch: 12 / 100,step 305 / 354, loss: 0.0503
Atom: 0.0164; Dist: 0.0339; 
epoch: 12 / 100,step 345 / 354, loss: 0.0402
Atom: 0.0092; Dist: 0.0310; 
evaluating...
epoch: 12 / 100, test atom loss: 0.01321; test dist loss: 0.03418
epoch: 12 end ; cost time: 4.6754 min
epoch: 13 / 100,step 39 / 354, loss: 0.0404
Atom: 0.0106; Dist: 0.0298; 
epoch: 13 / 100,step 79 / 354, loss: 0.0403
Atom: 0.0082; Dist: 0.0321; 
epoch: 13 / 100,step 119 / 354, loss: 0.0398
Atom: 0.0111; Dist: 0.0287; 
epoch: 13 / 100,step 159 / 354, loss: 0.0368
Atom: 0.0073; Dist: 0.0296; 
epoch: 13 / 100,step 202 / 354, loss: 0.0321
Atom: 0.0044; Dist: 0.0277; 
epoch: 13 / 100,step 242 / 354, loss: 0.0375
Atom: 0.0078; Dist: 0.0296; 
epoch: 13 / 100,step 305 / 354, loss: 0.0489
Atom: 0.0133; Dist: 0.0356; 
epoch: 13 / 100,step 345 / 354, loss: 0.0388
Atom: 0.0103; Dist: 0.0285; 
evaluating...
epoch: 13 / 100, test atom loss: 0.01365; test dist loss: 0.03342
epoch: 13 end ; cost time: 4.6706 min
epoch: 14 / 100,step 39 / 354, loss: 0.0411
Atom: 0.0102; Dist: 0.0309; 
epoch: 14 / 100,step 79 / 354, loss: 0.0389
Atom: 0.0089; Dist: 0.0300; 
epoch: 14 / 100,step 119 / 354, loss: 0.0375
Atom: 0.0082; Dist: 0.0293; 
epoch: 14 / 100,step 159 / 354, loss: 0.0386
Atom: 0.0057; Dist: 0.0329; 
epoch: 14 / 100,step 202 / 354, loss: 0.0396
Atom: 0.0065; Dist: 0.0332; 
epoch: 14 / 100,step 242 / 354, loss: 0.0332
Atom: 0.0053; Dist: 0.0279; 
epoch: 14 / 100,step 305 / 354, loss: 0.0446
Atom: 0.0118; Dist: 0.0328; 
epoch: 14 / 100,step 345 / 354, loss: 0.0488
Atom: 0.0128; Dist: 0.0359; 
evaluating...
epoch: 14 / 100, test atom loss: 0.01108; test dist loss: 0.03282
epoch: 14 end ; cost time: 4.6808 min
epoch: 15 / 100,step 39 / 354, loss: 0.0391
Atom: 0.0078; Dist: 0.0313; 
epoch: 15 / 100,step 79 / 354, loss: 0.0383
Atom: 0.0092; Dist: 0.0291; 
epoch: 15 / 100,step 119 / 354, loss: 0.0379
Atom: 0.0080; Dist: 0.0299; 
epoch: 15 / 100,step 159 / 354, loss: 0.0396
Atom: 0.0111; Dist: 0.0285; 
epoch: 15 / 100,step 202 / 354, loss: 0.0354
Atom: 0.0074; Dist: 0.0281; 
epoch: 15 / 100,step 242 / 354, loss: 0.0414
Atom: 0.0084; Dist: 0.0330; 
epoch: 15 / 100,step 305 / 354, loss: 0.0452
Atom: 0.0130; Dist: 0.0323; 
epoch: 15 / 100,step 345 / 354, loss: 0.0417
Atom: 0.0099; Dist: 0.0318; 
evaluating...
epoch: 15 / 100, test atom loss: 0.01214; test dist loss: 0.03289
epoch: 15 end ; cost time: 4.6747 min
epoch: 16 / 100,step 39 / 354, loss: 0.0409
Atom: 0.0108; Dist: 0.0301; 
epoch: 16 / 100,step 79 / 354, loss: 0.0367
Atom: 0.0062; Dist: 0.0304; 
epoch: 16 / 100,step 119 / 354, loss: 0.0378
Atom: 0.0061; Dist: 0.0317; 
epoch: 16 / 100,step 159 / 354, loss: 0.0386
Atom: 0.0079; Dist: 0.0307; 
epoch: 16 / 100,step 202 / 354, loss: 0.0347
Atom: 0.0061; Dist: 0.0286; 
epoch: 16 / 100,step 242 / 354, loss: 0.0350
Atom: 0.0057; Dist: 0.0293; 
epoch: 16 / 100,step 305 / 354, loss: 0.0370
Atom: 0.0074; Dist: 0.0295; 
epoch: 16 / 100,step 345 / 354, loss: 0.0381
Atom: 0.0072; Dist: 0.0309; 
evaluating...
epoch: 16 / 100, test atom loss: 0.01087; test dist loss: 0.03255
epoch: 16 end ; cost time: 4.6730 min
epoch: 17 / 100,step 39 / 354, loss: 0.0356
Atom: 0.0077; Dist: 0.0279; 
epoch: 17 / 100,step 79 / 354, loss: 0.0341
Atom: 0.0036; Dist: 0.0305; 
epoch: 17 / 100,step 119 / 354, loss: 0.0352
Atom: 0.0037; Dist: 0.0315; 
epoch: 17 / 100,step 159 / 354, loss: 0.0324
Atom: 0.0056; Dist: 0.0267; 
epoch: 17 / 100,step 202 / 354, loss: 0.0363
Atom: 0.0060; Dist: 0.0304; 
epoch: 17 / 100,step 242 / 354, loss: 0.0347
Atom: 0.0053; Dist: 0.0294; 
epoch: 17 / 100,step 305 / 354, loss: 0.0413
Atom: 0.0095; Dist: 0.0318; 
epoch: 17 / 100,step 345 / 354, loss: 0.0397
Atom: 0.0074; Dist: 0.0323; 
evaluating...
epoch: 17 / 100, test atom loss: 0.01084; test dist loss: 0.03293
epoch: 17 end ; cost time: 4.6701 min
epoch: 18 / 100,step 39 / 354, loss: 0.0332
Atom: 0.0039; Dist: 0.0293; 
epoch: 18 / 100,step 79 / 354, loss: 0.0353
Atom: 0.0054; Dist: 0.0299; 
epoch: 18 / 100,step 119 / 354, loss: 0.0337
Atom: 0.0046; Dist: 0.0291; 
epoch: 18 / 100,step 159 / 354, loss: 0.0320
Atom: 0.0040; Dist: 0.0280; 
epoch: 18 / 100,step 202 / 354, loss: 0.0345
Atom: 0.0054; Dist: 0.0291; 
epoch: 18 / 100,step 242 / 354, loss: 0.0327
Atom: 0.0055; Dist: 0.0272; 
epoch: 18 / 100,step 305 / 354, loss: 0.0377
Atom: 0.0062; Dist: 0.0315; 
epoch: 18 / 100,step 345 / 354, loss: 0.0360
Atom: 0.0055; Dist: 0.0305; 
evaluating...
epoch: 18 / 100, test atom loss: 0.01057; test dist loss: 0.03214
epoch: 18 end ; cost time: 4.6696 min
epoch: 19 / 100,step 39 / 354, loss: 0.0361
Atom: 0.0059; Dist: 0.0302; 
epoch: 19 / 100,step 79 / 354, loss: 0.0370
Atom: 0.0045; Dist: 0.0325; 
epoch: 19 / 100,step 119 / 354, loss: 0.0316
Atom: 0.0027; Dist: 0.0289; 
epoch: 19 / 100,step 159 / 354, loss: 0.0368
Atom: 0.0059; Dist: 0.0309; 
epoch: 19 / 100,step 202 / 354, loss: 0.0344
Atom: 0.0036; Dist: 0.0307; 
epoch: 19 / 100,step 242 / 354, loss: 0.0298
Atom: 0.0021; Dist: 0.0277; 
epoch: 19 / 100,step 305 / 354, loss: 0.0353
Atom: 0.0071; Dist: 0.0282; 
epoch: 19 / 100,step 345 / 354, loss: 0.0370
Atom: 0.0064; Dist: 0.0306; 
evaluating...
epoch: 19 / 100, test atom loss: 0.01039; test dist loss: 0.03222
epoch: 19 end ; cost time: 4.6723 min
epoch: 20 / 100,step 39 / 354, loss: 0.0350
Atom: 0.0051; Dist: 0.0300; 
epoch: 20 / 100,step 79 / 354, loss: 0.0347
Atom: 0.0047; Dist: 0.0301; 
epoch: 20 / 100,step 119 / 354, loss: 0.0340
Atom: 0.0070; Dist: 0.0270; 
epoch: 20 / 100,step 159 / 354, loss: 0.0379
Atom: 0.0031; Dist: 0.0348; 
epoch: 20 / 100,step 202 / 354, loss: 0.0350
Atom: 0.0073; Dist: 0.0277; 
epoch: 20 / 100,step 242 / 354, loss: 0.0269
Atom: 0.0015; Dist: 0.0254; 
epoch: 20 / 100,step 305 / 354, loss: 0.0344
Atom: 0.0054; Dist: 0.0290; 
epoch: 20 / 100,step 345 / 354, loss: 0.0380
Atom: 0.0065; Dist: 0.0314; 
evaluating...
epoch: 20 / 100, test atom loss: 0.01289; test dist loss: 0.03252
epoch: 20 end ; cost time: 4.6663 min
epoch: 21 / 100,step 39 / 354, loss: 0.0338
Atom: 0.0065; Dist: 0.0272; 
epoch: 21 / 100,step 79 / 354, loss: 0.0315
Atom: 0.0052; Dist: 0.0263; 
epoch: 21 / 100,step 119 / 354, loss: 0.0318
Atom: 0.0028; Dist: 0.0291; 
epoch: 21 / 100,step 159 / 354, loss: 0.0343
Atom: 0.0057; Dist: 0.0286; 
epoch: 21 / 100,step 202 / 354, loss: 0.0286
Atom: 0.0031; Dist: 0.0255; 
epoch: 21 / 100,step 242 / 354, loss: 0.0373
Atom: 0.0034; Dist: 0.0339; 
epoch: 21 / 100,step 305 / 354, loss: 0.0337
Atom: 0.0050; Dist: 0.0287; 
epoch: 21 / 100,step 345 / 354, loss: 0.0326
Atom: 0.0040; Dist: 0.0285; 
evaluating...
epoch: 21 / 100, test atom loss: 0.01090; test dist loss: 0.03206
epoch: 21 end ; cost time: 4.6718 min
epoch: 22 / 100,step 39 / 354, loss: 0.0349
Atom: 0.0064; Dist: 0.0285; 
epoch: 22 / 100,step 79 / 354, loss: 0.0354
Atom: 0.0059; Dist: 0.0295; 
epoch: 22 / 100,step 119 / 354, loss: 0.0318
Atom: 0.0046; Dist: 0.0271; 
epoch: 22 / 100,step 159 / 354, loss: 0.0302
Atom: 0.0040; Dist: 0.0262; 
epoch: 22 / 100,step 202 / 354, loss: 0.0332
Atom: 0.0031; Dist: 0.0301; 
epoch: 22 / 100,step 242 / 354, loss: 0.0281
Atom: 0.0027; Dist: 0.0254; 
epoch: 22 / 100,step 305 / 354, loss: 0.0348
Atom: 0.0077; Dist: 0.0270; 
epoch: 22 / 100,step 345 / 354, loss: 0.0330
Atom: 0.0048; Dist: 0.0282; 
evaluating...
epoch: 22 / 100, test atom loss: 0.01039; test dist loss: 0.03229
epoch: 22 end ; cost time: 4.6712 min
epoch: 23 / 100,step 39 / 354, loss: 0.0312
Atom: 0.0051; Dist: 0.0261; 
epoch: 23 / 100,step 79 / 354, loss: 0.0388
Atom: 0.0075; Dist: 0.0313; 
epoch: 23 / 100,step 119 / 354, loss: 0.0315
Atom: 0.0029; Dist: 0.0286; 
epoch: 23 / 100,step 159 / 354, loss: 0.0278
Atom: 0.0029; Dist: 0.0250; 
epoch: 23 / 100,step 202 / 354, loss: 0.0288
Atom: 0.0029; Dist: 0.0259; 
epoch: 23 / 100,step 242 / 354, loss: 0.0322
Atom: 0.0026; Dist: 0.0295; 
epoch: 23 / 100,step 305 / 354, loss: 0.0300
Atom: 0.0032; Dist: 0.0269; 
epoch: 23 / 100,step 345 / 354, loss: 0.0301
Atom: 0.0020; Dist: 0.0281; 
evaluating...
epoch: 23 / 100, test atom loss: 0.01174; test dist loss: 0.03196
epoch: 23 end ; cost time: 4.6686 min
epoch: 24 / 100,step 39 / 354, loss: 0.0277
Atom: 0.0027; Dist: 0.0250; 
epoch: 24 / 100,step 79 / 354, loss: 0.0291
Atom: 0.0032; Dist: 0.0259; 
epoch: 24 / 100,step 119 / 354, loss: 0.0330
Atom: 0.0040; Dist: 0.0290; 
epoch: 24 / 100,step 159 / 354, loss: 0.0309
Atom: 0.0035; Dist: 0.0274; 
epoch: 24 / 100,step 202 / 354, loss: 0.0273
Atom: 0.0025; Dist: 0.0247; 
epoch: 24 / 100,step 242 / 354, loss: 0.0274
Atom: 0.0046; Dist: 0.0228; 
epoch: 24 / 100,step 305 / 354, loss: 0.0326
Atom: 0.0054; Dist: 0.0272; 
epoch: 24 / 100,step 345 / 354, loss: 0.0321
Atom: 0.0066; Dist: 0.0255; 
evaluating...
epoch: 24 / 100, test atom loss: 0.01147; test dist loss: 0.03183
epoch: 24 end ; cost time: 4.6687 min
epoch: 25 / 100,step 39 / 354, loss: 0.0278
Atom: 0.0039; Dist: 0.0239; 
epoch: 25 / 100,step 79 / 354, loss: 0.0289
Atom: 0.0030; Dist: 0.0259; 
epoch: 25 / 100,step 119 / 354, loss: 0.0283
Atom: 0.0033; Dist: 0.0250; 
epoch: 25 / 100,step 159 / 354, loss: 0.0266
Atom: 0.0026; Dist: 0.0240; 
epoch: 25 / 100,step 202 / 354, loss: 0.0296
Atom: 0.0028; Dist: 0.0268; 
epoch: 25 / 100,step 242 / 354, loss: 0.0279
Atom: 0.0029; Dist: 0.0249; 
epoch: 25 / 100,step 305 / 354, loss: 0.0314
Atom: 0.0041; Dist: 0.0273; 
epoch: 25 / 100,step 345 / 354, loss: 0.0302
Atom: 0.0027; Dist: 0.0275; 
evaluating...
epoch: 25 / 100, test atom loss: 0.01042; test dist loss: 0.03169
epoch: 25 end ; cost time: 4.6704 min
epoch: 26 / 100,step 39 / 354, loss: 0.0289
Atom: 0.0016; Dist: 0.0273; 
epoch: 26 / 100,step 79 / 354, loss: 0.0275
Atom: 0.0028; Dist: 0.0247; 
epoch: 26 / 100,step 119 / 354, loss: 0.0267
Atom: 0.0021; Dist: 0.0247; 
epoch: 26 / 100,step 159 / 354, loss: 0.0288
Atom: 0.0024; Dist: 0.0264; 
epoch: 26 / 100,step 202 / 354, loss: 0.0254
Atom: 0.0028; Dist: 0.0226; 
epoch: 26 / 100,step 242 / 354, loss: 0.0251
Atom: 0.0024; Dist: 0.0227; 
epoch: 26 / 100,step 305 / 354, loss: 0.0307
Atom: 0.0035; Dist: 0.0273; 
epoch: 26 / 100,step 345 / 354, loss: 0.0296
Atom: 0.0038; Dist: 0.0258; 
evaluating...
epoch: 26 / 100, test atom loss: 0.01060; test dist loss: 0.03194
epoch: 26 end ; cost time: 4.6654 min
epoch: 27 / 100,step 39 / 354, loss: 0.0282
Atom: 0.0039; Dist: 0.0242; 
epoch: 27 / 100,step 79 / 354, loss: 0.0276
Atom: 0.0021; Dist: 0.0255; 
epoch: 27 / 100,step 119 / 354, loss: 0.0254
Atom: 0.0017; Dist: 0.0238; 
epoch: 27 / 100,step 159 / 354, loss: 0.0296
Atom: 0.0027; Dist: 0.0269; 
epoch: 27 / 100,step 202 / 354, loss: 0.0275
Atom: 0.0030; Dist: 0.0245; 
epoch: 27 / 100,step 242 / 354, loss: 0.0254
Atom: 0.0015; Dist: 0.0238; 
epoch: 27 / 100,step 305 / 354, loss: 0.0318
Atom: 0.0049; Dist: 0.0270; 
epoch: 27 / 100,step 345 / 354, loss: 0.0293
Atom: 0.0027; Dist: 0.0266; 
evaluating...
epoch: 27 / 100, test atom loss: 0.01007; test dist loss: 0.03176
epoch: 27 end ; cost time: 4.6716 min
epoch: 28 / 100,step 39 / 354, loss: 0.0266
Atom: 0.0021; Dist: 0.0245; 
epoch: 28 / 100,step 79 / 354, loss: 0.0259
Atom: 0.0025; Dist: 0.0234; 
epoch: 28 / 100,step 119 / 354, loss: 0.0276
Atom: 0.0036; Dist: 0.0240; 
epoch: 28 / 100,step 159 / 354, loss: 0.0273
Atom: 0.0023; Dist: 0.0250; 
epoch: 28 / 100,step 202 / 354, loss: 0.0247
Atom: 0.0019; Dist: 0.0228; 
epoch: 28 / 100,step 242 / 354, loss: 0.0262
Atom: 0.0029; Dist: 0.0232; 
epoch: 28 / 100,step 305 / 354, loss: 0.0320
Atom: 0.0038; Dist: 0.0282; 
epoch: 28 / 100,step 345 / 354, loss: 0.0267
Atom: 0.0022; Dist: 0.0245; 
evaluating...
epoch: 28 / 100, test atom loss: 0.01081; test dist loss: 0.03171
epoch: 28 end ; cost time: 4.6716 min
epoch: 29 / 100,step 39 / 354, loss: 0.0251
Atom: 0.0023; Dist: 0.0228; 
epoch: 29 / 100,step 79 / 354, loss: 0.0243
Atom: 0.0016; Dist: 0.0228; 
epoch: 29 / 100,step 119 / 354, loss: 0.0410
Atom: 0.0024; Dist: 0.0385; 
epoch: 29 / 100,step 159 / 354, loss: 0.0279
Atom: 0.0043; Dist: 0.0236; 
epoch: 29 / 100,step 202 / 354, loss: 0.0252
Atom: 0.0018; Dist: 0.0234; 
epoch: 29 / 100,step 242 / 354, loss: 0.0267
Atom: 0.0025; Dist: 0.0242; 
epoch: 29 / 100,step 305 / 354, loss: 0.0283
Atom: 0.0029; Dist: 0.0254; 
epoch: 29 / 100,step 345 / 354, loss: 0.0307
Atom: 0.0047; Dist: 0.0259; 
evaluating...
epoch: 29 / 100, test atom loss: 0.01137; test dist loss: 0.03225
epoch: 29 end ; cost time: 4.6707 min
epoch: 30 / 100,step 39 / 354, loss: 0.0276
Atom: 0.0027; Dist: 0.0249; 
epoch: 30 / 100,step 79 / 354, loss: 0.0246
Atom: 0.0014; Dist: 0.0232; 
epoch: 30 / 100,step 119 / 354, loss: 0.0248
Atom: 0.0027; Dist: 0.0221; 
epoch: 30 / 100,step 159 / 354, loss: 0.0265
Atom: 0.0031; Dist: 0.0233; 
epoch: 30 / 100,step 202 / 354, loss: 0.0222
Atom: 0.0009; Dist: 0.0214; 
epoch: 30 / 100,step 242 / 354, loss: 0.0254
Atom: 0.0014; Dist: 0.0240; 
epoch: 30 / 100,step 305 / 354, loss: 0.0265
Atom: 0.0022; Dist: 0.0243; 
epoch: 30 / 100,step 345 / 354, loss: 0.0266
Atom: 0.0023; Dist: 0.0243; 
evaluating...
epoch: 30 / 100, test atom loss: 0.01060; test dist loss: 0.03159
epoch: 30 end ; cost time: 4.6659 min
epoch: 31 / 100,step 39 / 354, loss: 0.0245
Atom: 0.0009; Dist: 0.0235; 
epoch: 31 / 100,step 79 / 354, loss: 0.0284
Atom: 0.0034; Dist: 0.0249; 
epoch: 31 / 100,step 119 / 354, loss: 0.0274
Atom: 0.0020; Dist: 0.0254; 
epoch: 31 / 100,step 159 / 354, loss: 0.0230
Atom: 0.0017; Dist: 0.0213; 
epoch: 31 / 100,step 202 / 354, loss: 0.0255
Atom: 0.0016; Dist: 0.0239; 
epoch: 31 / 100,step 242 / 354, loss: 0.0241
Atom: 0.0024; Dist: 0.0216; 
epoch: 31 / 100,step 305 / 354, loss: 0.0253
Atom: 0.0033; Dist: 0.0220; 
epoch: 31 / 100,step 345 / 354, loss: 0.0268
Atom: 0.0022; Dist: 0.0246; 
evaluating...
epoch: 31 / 100, test atom loss: 0.01075; test dist loss: 0.03202
epoch: 31 end ; cost time: 4.6710 min
epoch: 32 / 100,step 39 / 354, loss: 0.0236
Atom: 0.0011; Dist: 0.0225; 
epoch: 32 / 100,step 79 / 354, loss: 0.0256
Atom: 0.0032; Dist: 0.0225; 
epoch: 32 / 100,step 119 / 354, loss: 0.0229
Atom: 0.0013; Dist: 0.0216; 
epoch: 32 / 100,step 159 / 354, loss: 0.0223
Atom: 0.0012; Dist: 0.0211; 
epoch: 32 / 100,step 202 / 354, loss: 0.0251
Atom: 0.0030; Dist: 0.0220; 
epoch: 32 / 100,step 242 / 354, loss: 0.0242
Atom: 0.0010; Dist: 0.0232; 
epoch: 32 / 100,step 305 / 354, loss: 0.0278
Atom: 0.0023; Dist: 0.0255; 
epoch: 32 / 100,step 345 / 354, loss: 0.0258
Atom: 0.0028; Dist: 0.0230; 
evaluating...
epoch: 32 / 100, test atom loss: 0.01122; test dist loss: 0.03175
epoch: 32 end ; cost time: 4.6766 min
epoch: 33 / 100,step 39 / 354, loss: 0.0221
Atom: 0.0014; Dist: 0.0206; 
epoch: 33 / 100,step 79 / 354, loss: 0.0239
Atom: 0.0033; Dist: 0.0206; 
epoch: 33 / 100,step 119 / 354, loss: 0.0238
Atom: 0.0027; Dist: 0.0212; 
epoch: 33 / 100,step 159 / 354, loss: 0.0235
Atom: 0.0030; Dist: 0.0204; 
epoch: 33 / 100,step 202 / 354, loss: 0.0223
Atom: 0.0022; Dist: 0.0201; 
epoch: 33 / 100,step 242 / 354, loss: 0.0206
Atom: 0.0013; Dist: 0.0193; 
epoch: 33 / 100,step 305 / 354, loss: 0.0251
Atom: 0.0032; Dist: 0.0219; 
epoch: 33 / 100,step 345 / 354, loss: 0.0251
Atom: 0.0028; Dist: 0.0223; 
evaluating...
epoch: 33 / 100, test atom loss: 0.01114; test dist loss: 0.03185
epoch: 33 end ; cost time: 4.6706 min
epoch: 34 / 100,step 39 / 354, loss: 0.0204
Atom: 0.0009; Dist: 0.0195; 
epoch: 34 / 100,step 79 / 354, loss: 0.0237
Atom: 0.0017; Dist: 0.0220; 
epoch: 34 / 100,step 119 / 354, loss: 0.0230
Atom: 0.0013; Dist: 0.0218; 
epoch: 34 / 100,step 159 / 354, loss: 0.0247
Atom: 0.0032; Dist: 0.0216; 
epoch: 34 / 100,step 202 / 354, loss: 0.0212
Atom: 0.0018; Dist: 0.0194; 
epoch: 34 / 100,step 242 / 354, loss: 0.0210
Atom: 0.0006; Dist: 0.0204; 
epoch: 34 / 100,step 305 / 354, loss: 0.0254
Atom: 0.0031; Dist: 0.0223; 
epoch: 34 / 100,step 345 / 354, loss: 0.0269
Atom: 0.0020; Dist: 0.0249; 
evaluating...
epoch: 34 / 100, test atom loss: 0.01013; test dist loss: 0.03170
epoch: 34 end ; cost time: 4.6688 min
epoch: 35 / 100,step 39 / 354, loss: 0.0231
Atom: 0.0022; Dist: 0.0209; 
epoch: 35 / 100,step 79 / 354, loss: 0.0232
Atom: 0.0019; Dist: 0.0213; 
epoch: 35 / 100,step 119 / 354, loss: 0.0216
Atom: 0.0024; Dist: 0.0192; 
epoch: 35 / 100,step 159 / 354, loss: 0.0248
Atom: 0.0047; Dist: 0.0201; 
epoch: 35 / 100,step 202 / 354, loss: 0.0284
Atom: 0.0021; Dist: 0.0262; 
epoch: 35 / 100,step 242 / 354, loss: 0.0223
Atom: 0.0015; Dist: 0.0208; 
epoch: 35 / 100,step 305 / 354, loss: 0.0229
Atom: 0.0017; Dist: 0.0212; 
epoch: 35 / 100,step 345 / 354, loss: 0.0262
Atom: 0.0039; Dist: 0.0223; 
evaluating...
epoch: 35 / 100, test atom loss: 0.00975; test dist loss: 0.03175
epoch: 35 end ; cost time: 4.6667 min
epoch: 36 / 100,step 39 / 354, loss: 0.0222
Atom: 0.0007; Dist: 0.0215; 
epoch: 36 / 100,step 79 / 354, loss: 0.0240
Atom: 0.0017; Dist: 0.0223; 
epoch: 36 / 100,step 119 / 354, loss: 0.0207
Atom: 0.0028; Dist: 0.0179; 
epoch: 36 / 100,step 159 / 354, loss: 0.0231
Atom: 0.0026; Dist: 0.0205; 
epoch: 36 / 100,step 202 / 354, loss: 0.0221
Atom: 0.0013; Dist: 0.0208; 
epoch: 36 / 100,step 242 / 354, loss: 0.0235
Atom: 0.0020; Dist: 0.0215; 
epoch: 36 / 100,step 305 / 354, loss: 0.0245
Atom: 0.0034; Dist: 0.0210; 
epoch: 36 / 100,step 345 / 354, loss: 0.0250
Atom: 0.0059; Dist: 0.0192; 
evaluating...
epoch: 36 / 100, test atom loss: 0.01041; test dist loss: 0.03194
epoch: 36 end ; cost time: 4.6756 min
epoch: 37 / 100,step 39 / 354, loss: 0.0219
Atom: 0.0031; Dist: 0.0187; 
epoch: 37 / 100,step 79 / 354, loss: 0.0242
Atom: 0.0013; Dist: 0.0229; 
epoch: 37 / 100,step 119 / 354, loss: 0.0233
Atom: 0.0009; Dist: 0.0225; 
epoch: 37 / 100,step 159 / 354, loss: 0.0239
Atom: 0.0018; Dist: 0.0221; 
epoch: 37 / 100,step 202 / 354, loss: 0.0198
Atom: 0.0003; Dist: 0.0196; 
epoch: 37 / 100,step 242 / 354, loss: 0.0207
Atom: 0.0013; Dist: 0.0194; 
epoch: 37 / 100,step 305 / 354, loss: 0.0235
Atom: 0.0022; Dist: 0.0213; 
epoch: 37 / 100,step 345 / 354, loss: 0.0243
Atom: 0.0030; Dist: 0.0213; 
evaluating...
epoch: 37 / 100, test atom loss: 0.00985; test dist loss: 0.03201
epoch: 37 end ; cost time: 4.6725 min
epoch: 38 / 100,step 39 / 354, loss: 0.0202
Atom: 0.0011; Dist: 0.0191; 
epoch: 38 / 100,step 79 / 354, loss: 0.0262
Atom: 0.0024; Dist: 0.0238; 
epoch: 38 / 100,step 119 / 354, loss: 0.0232
Atom: 0.0010; Dist: 0.0222; 
epoch: 38 / 100,step 159 / 354, loss: 0.0222
Atom: 0.0015; Dist: 0.0208; 
epoch: 38 / 100,step 202 / 354, loss: 0.0220
Atom: 0.0010; Dist: 0.0210; 
epoch: 38 / 100,step 242 / 354, loss: 0.0241
Atom: 0.0016; Dist: 0.0225; 
epoch: 38 / 100,step 305 / 354, loss: 0.0217
Atom: 0.0013; Dist: 0.0204; 
epoch: 38 / 100,step 345 / 354, loss: 0.0227
Atom: 0.0015; Dist: 0.0212; 
evaluating...
epoch: 38 / 100, test atom loss: 0.01131; test dist loss: 0.03179
epoch: 38 end ; cost time: 4.6674 min
epoch: 39 / 100,step 39 / 354, loss: 0.0214
Atom: 0.0029; Dist: 0.0185; 
epoch: 39 / 100,step 79 / 354, loss: 0.0247
Atom: 0.0017; Dist: 0.0230; 
epoch: 39 / 100,step 119 / 354, loss: 0.0198
Atom: 0.0017; Dist: 0.0181; 
epoch: 39 / 100,step 159 / 354, loss: 0.0203
Atom: 0.0016; Dist: 0.0187; 
epoch: 39 / 100,step 202 / 354, loss: 0.0203
Atom: 0.0007; Dist: 0.0196; 
epoch: 39 / 100,step 242 / 354, loss: 0.0223
Atom: 0.0018; Dist: 0.0205; 
epoch: 39 / 100,step 305 / 354, loss: 0.0252
Atom: 0.0032; Dist: 0.0220; 
epoch: 39 / 100,step 345 / 354, loss: 0.0204
Atom: 0.0012; Dist: 0.0192; 
evaluating...
epoch: 39 / 100, test atom loss: 0.00958; test dist loss: 0.03192
epoch: 39 end ; cost time: 4.6707 min
epoch: 40 / 100,step 39 / 354, loss: 0.0185
Atom: 0.0006; Dist: 0.0179; 
epoch: 40 / 100,step 79 / 354, loss: 0.0222
Atom: 0.0012; Dist: 0.0210; 
epoch: 40 / 100,step 119 / 354, loss: 0.0194
Atom: 0.0008; Dist: 0.0186; 
epoch: 40 / 100,step 159 / 354, loss: 0.0217
Atom: 0.0013; Dist: 0.0204; 
epoch: 40 / 100,step 202 / 354, loss: 0.0220
Atom: 0.0008; Dist: 0.0212; 
epoch: 40 / 100,step 242 / 354, loss: 0.0205
Atom: 0.0010; Dist: 0.0195; 
epoch: 40 / 100,step 305 / 354, loss: 0.0232
Atom: 0.0027; Dist: 0.0205; 
epoch: 40 / 100,step 345 / 354, loss: 0.0229
Atom: 0.0026; Dist: 0.0203; 
evaluating...
epoch: 40 / 100, test atom loss: 0.01084; test dist loss: 0.03185
epoch: 40 end ; cost time: 4.6727 min
epoch: 41 / 100,step 39 / 354, loss: 0.0192
Atom: 0.0018; Dist: 0.0175; 
epoch: 41 / 100,step 79 / 354, loss: 0.0200
Atom: 0.0015; Dist: 0.0185; 
epoch: 41 / 100,step 119 / 354, loss: 0.0220
Atom: 0.0016; Dist: 0.0204; 
epoch: 41 / 100,step 159 / 354, loss: 0.0207
Atom: 0.0008; Dist: 0.0199; 
epoch: 41 / 100,step 202 / 354, loss: 0.0183
Atom: 0.0006; Dist: 0.0177; 
epoch: 41 / 100,step 242 / 354, loss: 0.0205
Atom: 0.0019; Dist: 0.0186; 
epoch: 41 / 100,step 305 / 354, loss: 0.0196
Atom: 0.0022; Dist: 0.0174; 
epoch: 41 / 100,step 345 / 354, loss: 0.0208
Atom: 0.0019; Dist: 0.0189; 
evaluating...
epoch: 41 / 100, test atom loss: 0.01041; test dist loss: 0.03193
epoch: 41 end ; cost time: 4.6773 min
epoch: 42 / 100,step 39 / 354, loss: 0.0215
Atom: 0.0021; Dist: 0.0195; 
epoch: 42 / 100,step 79 / 354, loss: 0.0229
Atom: 0.0023; Dist: 0.0206; 
epoch: 42 / 100,step 119 / 354, loss: 0.0185
Atom: 0.0011; Dist: 0.0174; 
epoch: 42 / 100,step 159 / 354, loss: 0.0183
Atom: 0.0009; Dist: 0.0174; 
epoch: 42 / 100,step 202 / 354, loss: 0.0194
Atom: 0.0006; Dist: 0.0188; 
epoch: 42 / 100,step 242 / 354, loss: 0.0209
Atom: 0.0006; Dist: 0.0202; 
epoch: 42 / 100,step 305 / 354, loss: 0.0202
Atom: 0.0027; Dist: 0.0175; 
epoch: 42 / 100,step 345 / 354, loss: 0.0210
Atom: 0.0022; Dist: 0.0188; 
evaluating...
epoch: 42 / 100, test atom loss: 0.01014; test dist loss: 0.03221
epoch: 42 end ; cost time: 4.6716 min
epoch: 43 / 100,step 39 / 354, loss: 0.0202
Atom: 0.0013; Dist: 0.0189; 
epoch: 43 / 100,step 79 / 354, loss: 0.0206
Atom: 0.0014; Dist: 0.0193; 
epoch: 43 / 100,step 119 / 354, loss: 0.0211
Atom: 0.0011; Dist: 0.0201; 
epoch: 43 / 100,step 159 / 354, loss: 0.0349
Atom: 0.0015; Dist: 0.0334; 
epoch: 43 / 100,step 202 / 354, loss: 0.0214
Atom: 0.0004; Dist: 0.0210; 
epoch: 43 / 100,step 242 / 354, loss: 0.0182
Atom: 0.0002; Dist: 0.0180; 
epoch: 43 / 100,step 305 / 354, loss: 0.0215
Atom: 0.0022; Dist: 0.0193; 
epoch: 43 / 100,step 345 / 354, loss: 0.0230
Atom: 0.0023; Dist: 0.0207; 
evaluating...
epoch: 43 / 100, test atom loss: 0.01039; test dist loss: 0.03195
epoch: 43 end ; cost time: 4.6782 min
epoch: 44 / 100,step 39 / 354, loss: 0.0175
Atom: 0.0007; Dist: 0.0169; 
epoch: 44 / 100,step 79 / 354, loss: 0.0201
Atom: 0.0026; Dist: 0.0175; 
epoch: 44 / 100,step 119 / 354, loss: 0.0185
Atom: 0.0011; Dist: 0.0174; 
epoch: 44 / 100,step 159 / 354, loss: 0.0160
Atom: 0.0007; Dist: 0.0152; 
epoch: 44 / 100,step 202 / 354, loss: 0.0194
Atom: 0.0006; Dist: 0.0188; 
epoch: 44 / 100,step 242 / 354, loss: 0.0185
Atom: 0.0007; Dist: 0.0177; 
epoch: 44 / 100,step 305 / 354, loss: 0.0212
Atom: 0.0017; Dist: 0.0195; 
epoch: 44 / 100,step 345 / 354, loss: 0.0173
Atom: 0.0004; Dist: 0.0169; 
evaluating...
epoch: 44 / 100, test atom loss: 0.01158; test dist loss: 0.03216
epoch: 44 end ; cost time: 4.6689 min
epoch: 45 / 100,step 39 / 354, loss: 0.0201
Atom: 0.0018; Dist: 0.0184; 
epoch: 45 / 100,step 79 / 354, loss: 0.0169
Atom: 0.0014; Dist: 0.0155; 
epoch: 45 / 100,step 119 / 354, loss: 0.0214
Atom: 0.0015; Dist: 0.0200; 
epoch: 45 / 100,step 159 / 354, loss: 0.0218
Atom: 0.0005; Dist: 0.0213; 
epoch: 45 / 100,step 202 / 354, loss: 0.0206
Atom: 0.0007; Dist: 0.0199; 
epoch: 45 / 100,step 242 / 354, loss: 0.0235
Atom: 0.0009; Dist: 0.0226; 
epoch: 45 / 100,step 305 / 354, loss: 0.0190
Atom: 0.0020; Dist: 0.0170; 
epoch: 45 / 100,step 345 / 354, loss: 0.0197
Atom: 0.0026; Dist: 0.0171; 
evaluating...
epoch: 45 / 100, test atom loss: 0.01092; test dist loss: 0.03157
epoch: 45 end ; cost time: 4.6662 min
epoch: 46 / 100,step 39 / 354, loss: 0.0186
Atom: 0.0019; Dist: 0.0167; 
epoch: 46 / 100,step 79 / 354, loss: 0.0188
Atom: 0.0019; Dist: 0.0168; 
epoch: 46 / 100,step 119 / 354, loss: 0.0215
Atom: 0.0013; Dist: 0.0202; 
epoch: 46 / 100,step 159 / 354, loss: 0.0178
Atom: 0.0013; Dist: 0.0165; 
epoch: 46 / 100,step 202 / 354, loss: 0.0189
Atom: 0.0015; Dist: 0.0174; 
epoch: 46 / 100,step 242 / 354, loss: 0.0187
Atom: 0.0010; Dist: 0.0178; 
epoch: 46 / 100,step 305 / 354, loss: 0.0185
Atom: 0.0015; Dist: 0.0170; 
epoch: 46 / 100,step 345 / 354, loss: 0.0180
Atom: 0.0017; Dist: 0.0162; 
evaluating...
epoch: 46 / 100, test atom loss: 0.01156; test dist loss: 0.03171
epoch: 46 end ; cost time: 4.6716 min
epoch: 47 / 100,step 39 / 354, loss: 0.0185
Atom: 0.0016; Dist: 0.0169; 
epoch: 47 / 100,step 79 / 354, loss: 0.0185
Atom: 0.0011; Dist: 0.0174; 
epoch: 47 / 100,step 119 / 354, loss: 0.0184
Atom: 0.0017; Dist: 0.0168; 
epoch: 47 / 100,step 159 / 354, loss: 0.0178
Atom: 0.0017; Dist: 0.0161; 
epoch: 47 / 100,step 202 / 354, loss: 0.0213
Atom: 0.0005; Dist: 0.0208; 
epoch: 47 / 100,step 242 / 354, loss: 0.0165
Atom: 0.0004; Dist: 0.0161; 
epoch: 47 / 100,step 305 / 354, loss: 0.0183
Atom: 0.0010; Dist: 0.0172; 
epoch: 47 / 100,step 345 / 354, loss: 0.0221
Atom: 0.0012; Dist: 0.0209; 
evaluating...
epoch: 47 / 100, test atom loss: 0.01007; test dist loss: 0.03150
epoch: 47 end ; cost time: 4.6713 min
epoch: 48 / 100,step 39 / 354, loss: 0.0166
Atom: 0.0009; Dist: 0.0157; 
epoch: 48 / 100,step 79 / 354, loss: 0.0218
Atom: 0.0017; Dist: 0.0201; 
epoch: 48 / 100,step 119 / 354, loss: 0.0159
Atom: 0.0005; Dist: 0.0154; 
epoch: 48 / 100,step 159 / 354, loss: 0.0169
Atom: 0.0010; Dist: 0.0160; 
epoch: 48 / 100,step 202 / 354, loss: 0.0216
Atom: 0.0005; Dist: 0.0210; 
epoch: 48 / 100,step 242 / 354, loss: 0.0193
Atom: 0.0010; Dist: 0.0183; 
epoch: 48 / 100,step 305 / 354, loss: 0.0193
Atom: 0.0010; Dist: 0.0183; 
epoch: 48 / 100,step 345 / 354, loss: 0.0211
Atom: 0.0019; Dist: 0.0193; 
evaluating...
epoch: 48 / 100, test atom loss: 0.01014; test dist loss: 0.03186
epoch: 48 end ; cost time: 4.6673 min
epoch: 49 / 100,step 39 / 354, loss: 0.0157
Atom: 0.0013; Dist: 0.0144; 
epoch: 49 / 100,step 79 / 354, loss: 0.0156
Atom: 0.0006; Dist: 0.0150; 
epoch: 49 / 100,step 119 / 354, loss: 0.0172
Atom: 0.0017; Dist: 0.0155; 
epoch: 49 / 100,step 159 / 354, loss: 0.0169
Atom: 0.0015; Dist: 0.0154; 
epoch: 49 / 100,step 202 / 354, loss: 0.0258
Atom: 0.0003; Dist: 0.0255; 
epoch: 49 / 100,step 242 / 354, loss: 0.0222
Atom: 0.0004; Dist: 0.0218; 
epoch: 49 / 100,step 305 / 354, loss: 0.0162
Atom: 0.0018; Dist: 0.0144; 
epoch: 49 / 100,step 345 / 354, loss: 0.0172
Atom: 0.0005; Dist: 0.0167; 
evaluating...
epoch: 49 / 100, test atom loss: 0.01031; test dist loss: 0.03181
epoch: 49 end ; cost time: 4.6870 min
epoch: 50 / 100,step 39 / 354, loss: 0.0171
Atom: 0.0011; Dist: 0.0160; 
epoch: 50 / 100,step 79 / 354, loss: 0.0164
Atom: 0.0010; Dist: 0.0153; 
epoch: 50 / 100,step 119 / 354, loss: 0.0220
Atom: 0.0024; Dist: 0.0196; 
epoch: 50 / 100,step 159 / 354, loss: 0.0177
Atom: 0.0021; Dist: 0.0157; 
epoch: 50 / 100,step 202 / 354, loss: 0.0170
Atom: 0.0005; Dist: 0.0165; 
epoch: 50 / 100,step 242 / 354, loss: 0.0248
Atom: 0.0005; Dist: 0.0243; 
epoch: 50 / 100,step 305 / 354, loss: 0.0177
Atom: 0.0017; Dist: 0.0160; 
epoch: 50 / 100,step 345 / 354, loss: 0.0189
Atom: 0.0017; Dist: 0.0172; 
evaluating...
epoch: 50 / 100, test atom loss: 0.01070; test dist loss: 0.03194
epoch: 50 end ; cost time: 4.6636 min
epoch: 51 / 100,step 39 / 354, loss: 0.0171
Atom: 0.0015; Dist: 0.0156; 
epoch: 51 / 100,step 79 / 354, loss: 0.0145
Atom: 0.0005; Dist: 0.0140; 
epoch: 51 / 100,step 119 / 354, loss: 0.0172
Atom: 0.0013; Dist: 0.0159; 
epoch: 51 / 100,step 159 / 354, loss: 0.0145
Atom: 0.0007; Dist: 0.0138; 
epoch: 51 / 100,step 202 / 354, loss: 0.0222
Atom: 0.0015; Dist: 0.0207; 
epoch: 51 / 100,step 242 / 354, loss: 0.0187
Atom: 0.0009; Dist: 0.0178; 
epoch: 51 / 100,step 305 / 354, loss: 0.0169
Atom: 0.0012; Dist: 0.0157; 
epoch: 51 / 100,step 345 / 354, loss: 0.0189
Atom: 0.0020; Dist: 0.0169; 
evaluating...
epoch: 51 / 100, test atom loss: 0.01117; test dist loss: 0.03217
epoch: 51 end ; cost time: 4.6694 min
epoch: 52 / 100,step 39 / 354, loss: 0.0159
Atom: 0.0006; Dist: 0.0153; 
epoch: 52 / 100,step 79 / 354, loss: 0.0166
Atom: 0.0006; Dist: 0.0160; 
epoch: 52 / 100,step 119 / 354, loss: 0.0164
Atom: 0.0014; Dist: 0.0150; 
epoch: 52 / 100,step 159 / 354, loss: 0.0159
Atom: 0.0010; Dist: 0.0148; 
epoch: 52 / 100,step 202 / 354, loss: 0.0208
Atom: 0.0014; Dist: 0.0194; 
epoch: 52 / 100,step 242 / 354, loss: 0.0173
Atom: 0.0007; Dist: 0.0167; 
epoch: 52 / 100,step 305 / 354, loss: 0.0185
Atom: 0.0011; Dist: 0.0174; 
epoch: 52 / 100,step 345 / 354, loss: 0.0153
Atom: 0.0020; Dist: 0.0134; 
evaluating...
epoch: 52 / 100, test atom loss: 0.00990; test dist loss: 0.03209
epoch: 52 end ; cost time: 4.6778 min
epoch: 53 / 100,step 39 / 354, loss: 0.0158
Atom: 0.0015; Dist: 0.0143; 
epoch: 53 / 100,step 79 / 354, loss: 0.0160
Atom: 0.0004; Dist: 0.0156; 
epoch: 53 / 100,step 119 / 354, loss: 0.0169
Atom: 0.0032; Dist: 0.0137; 
epoch: 53 / 100,step 159 / 354, loss: 0.0174
Atom: 0.0019; Dist: 0.0155; 
epoch: 53 / 100,step 202 / 354, loss: 0.0162
Atom: 0.0007; Dist: 0.0155; 
epoch: 53 / 100,step 242 / 354, loss: 0.0162
Atom: 0.0008; Dist: 0.0154; 
epoch: 53 / 100,step 305 / 354, loss: 0.0170
Atom: 0.0020; Dist: 0.0151; 
epoch: 53 / 100,step 345 / 354, loss: 0.0179
Atom: 0.0024; Dist: 0.0155; 
evaluating...
epoch: 53 / 100, test atom loss: 0.01023; test dist loss: 0.03194
epoch: 53 end ; cost time: 4.6749 min
epoch: 54 / 100,step 39 / 354, loss: 0.0180
Atom: 0.0009; Dist: 0.0170; 
epoch: 54 / 100,step 79 / 354, loss: 0.0152
Atom: 0.0009; Dist: 0.0143; 
epoch: 54 / 100,step 119 / 354, loss: 0.0155
Atom: 0.0010; Dist: 0.0145; 
epoch: 54 / 100,step 159 / 354, loss: 0.0157
Atom: 0.0007; Dist: 0.0150; 
epoch: 54 / 100,step 202 / 354, loss: 0.0268
Atom: 0.0006; Dist: 0.0262; 
epoch: 54 / 100,step 242 / 354, loss: 0.0182
Atom: 0.0009; Dist: 0.0172; 
epoch: 54 / 100,step 305 / 354, loss: 0.0168
Atom: 0.0019; Dist: 0.0149; 
epoch: 54 / 100,step 345 / 354, loss: 0.0159
Atom: 0.0009; Dist: 0.0150; 
evaluating...
epoch: 54 / 100, test atom loss: 0.01077; test dist loss: 0.03147
epoch: 54 end ; cost time: 4.6734 min
epoch: 55 / 100,step 39 / 354, loss: 0.0143
Atom: 0.0006; Dist: 0.0137; 
epoch: 55 / 100,step 79 / 354, loss: 0.0152
Atom: 0.0006; Dist: 0.0146; 
epoch: 55 / 100,step 119 / 354, loss: 0.0154
Atom: 0.0018; Dist: 0.0135; 
epoch: 55 / 100,step 159 / 354, loss: 0.0182
Atom: 0.0018; Dist: 0.0165; 
epoch: 55 / 100,step 202 / 354, loss: 0.0168
Atom: 0.0003; Dist: 0.0165; 
epoch: 55 / 100,step 242 / 354, loss: 0.0207
Atom: 0.0016; Dist: 0.0191; 
epoch: 55 / 100,step 305 / 354, loss: 0.0177
Atom: 0.0016; Dist: 0.0162; 
epoch: 55 / 100,step 345 / 354, loss: 0.0187
Atom: 0.0011; Dist: 0.0175; 
evaluating...
epoch: 55 / 100, test atom loss: 0.01094; test dist loss: 0.03173
epoch: 55 end ; cost time: 4.6727 min
epoch: 56 / 100,step 39 / 354, loss: 0.0186
Atom: 0.0006; Dist: 0.0179; 
epoch: 56 / 100,step 79 / 354, loss: 0.0163
Atom: 0.0021; Dist: 0.0142; 
epoch: 56 / 100,step 119 / 354, loss: 0.0147
Atom: 0.0005; Dist: 0.0142; 
epoch: 56 / 100,step 159 / 354, loss: 0.0158
Atom: 0.0010; Dist: 0.0148; 
epoch: 56 / 100,step 202 / 354, loss: 0.0172
Atom: 0.0007; Dist: 0.0165; 
epoch: 56 / 100,step 242 / 354, loss: 0.0168
Atom: 0.0011; Dist: 0.0157; 
epoch: 56 / 100,step 305 / 354, loss: 0.0179
Atom: 0.0013; Dist: 0.0167; 
epoch: 56 / 100,step 345 / 354, loss: 0.0190
Atom: 0.0017; Dist: 0.0173; 
evaluating...
epoch: 56 / 100, test atom loss: 0.01065; test dist loss: 0.03193
epoch: 56 end ; cost time: 4.6722 min
epoch: 57 / 100,step 39 / 354, loss: 0.0173
Atom: 0.0019; Dist: 0.0155; 
epoch: 57 / 100,step 79 / 354, loss: 0.0178
Atom: 0.0013; Dist: 0.0165; 
epoch: 57 / 100,step 119 / 354, loss: 0.0148
Atom: 0.0017; Dist: 0.0131; 
epoch: 57 / 100,step 159 / 354, loss: 0.0194
Atom: 0.0013; Dist: 0.0181; 
epoch: 57 / 100,step 202 / 354, loss: 0.0153
Atom: 0.0003; Dist: 0.0150; 
epoch: 57 / 100,step 242 / 354, loss: 0.0199
Atom: 0.0006; Dist: 0.0193; 
epoch: 57 / 100,step 305 / 354, loss: 0.0197
Atom: 0.0034; Dist: 0.0162; 
epoch: 57 / 100,step 345 / 354, loss: 0.0158
Atom: 0.0008; Dist: 0.0150; 
evaluating...
epoch: 57 / 100, test atom loss: 0.01028; test dist loss: 0.03217
epoch: 57 end ; cost time: 4.6744 min
epoch: 58 / 100,step 39 / 354, loss: 0.0173
Atom: 0.0012; Dist: 0.0161; 
epoch: 58 / 100,step 79 / 354, loss: 0.0152
Atom: 0.0018; Dist: 0.0133; 
epoch: 58 / 100,step 119 / 354, loss: 0.0165
Atom: 0.0028; Dist: 0.0137; 
epoch: 58 / 100,step 159 / 354, loss: 0.0158
Atom: 0.0007; Dist: 0.0152; 
epoch: 58 / 100,step 202 / 354, loss: 0.0172
Atom: 0.0007; Dist: 0.0165; 
epoch: 58 / 100,step 242 / 354, loss: 0.0178
Atom: 0.0011; Dist: 0.0168; 
epoch: 58 / 100,step 305 / 354, loss: 0.0157
Atom: 0.0010; Dist: 0.0147; 
epoch: 58 / 100,step 345 / 354, loss: 0.0163
Atom: 0.0005; Dist: 0.0157; 
evaluating...
epoch: 58 / 100, test atom loss: 0.01134; test dist loss: 0.03184
epoch: 58 end ; cost time: 4.6698 min
epoch: 59 / 100,step 39 / 354, loss: 0.0140
Atom: 0.0010; Dist: 0.0130; 
epoch: 59 / 100,step 79 / 354, loss: 0.0159
Atom: 0.0009; Dist: 0.0150; 
epoch: 59 / 100,step 119 / 354, loss: 0.0169
Atom: 0.0018; Dist: 0.0152; 
epoch: 59 / 100,step 159 / 354, loss: 0.0171
Atom: 0.0014; Dist: 0.0157; 
epoch: 59 / 100,step 202 / 354, loss: 0.0187
Atom: 0.0002; Dist: 0.0185; 
epoch: 59 / 100,step 242 / 354, loss: 0.0172
Atom: 0.0001; Dist: 0.0171; 
epoch: 59 / 100,step 305 / 354, loss: 0.0185
Atom: 0.0011; Dist: 0.0174; 
epoch: 59 / 100,step 345 / 354, loss: 0.0153
Atom: 0.0007; Dist: 0.0146; 
evaluating...
epoch: 59 / 100, test atom loss: 0.01008; test dist loss: 0.03204
epoch: 59 end ; cost time: 4.6795 min
epoch: 60 / 100,step 39 / 354, loss: 0.0154
Atom: 0.0006; Dist: 0.0147; 
epoch: 60 / 100,step 79 / 354, loss: 0.0133
Atom: 0.0007; Dist: 0.0126; 
epoch: 60 / 100,step 119 / 354, loss: 0.0138
Atom: 0.0008; Dist: 0.0130; 
epoch: 60 / 100,step 159 / 354, loss: 0.0171
Atom: 0.0022; Dist: 0.0148; 
epoch: 60 / 100,step 202 / 354, loss: 0.0186
Atom: 0.0007; Dist: 0.0179; 
epoch: 60 / 100,step 242 / 354, loss: 0.0166
Atom: 0.0006; Dist: 0.0160; 
epoch: 60 / 100,step 305 / 354, loss: 0.0147
Atom: 0.0010; Dist: 0.0136; 
epoch: 60 / 100,step 345 / 354, loss: 0.0176
Atom: 0.0028; Dist: 0.0148; 
evaluating...
epoch: 60 / 100, test atom loss: 0.00989; test dist loss: 0.03221
epoch: 60 end ; cost time: 4.6731 min
epoch: 61 / 100,step 39 / 354, loss: 0.0138
Atom: 0.0007; Dist: 0.0131; 
epoch: 61 / 100,step 79 / 354, loss: 0.0164
Atom: 0.0003; Dist: 0.0161; 
epoch: 61 / 100,step 119 / 354, loss: 0.0164
Atom: 0.0021; Dist: 0.0143; 
epoch: 61 / 100,step 159 / 354, loss: 0.0144
Atom: 0.0015; Dist: 0.0129; 
epoch: 61 / 100,step 202 / 354, loss: 0.0159
Atom: 0.0005; Dist: 0.0154; 
epoch: 61 / 100,step 242 / 354, loss: 0.0171
Atom: 0.0009; Dist: 0.0162; 
epoch: 61 / 100,step 305 / 354, loss: 0.0189
Atom: 0.0023; Dist: 0.0166; 
epoch: 61 / 100,step 345 / 354, loss: 0.0169
Atom: 0.0011; Dist: 0.0158; 
evaluating...
epoch: 61 / 100, test atom loss: 0.01037; test dist loss: 0.03206
epoch: 61 end ; cost time: 4.6688 min
epoch: 62 / 100,step 39 / 354, loss: 0.0154
Atom: 0.0016; Dist: 0.0138; 
epoch: 62 / 100,step 79 / 354, loss: 0.0165
Atom: 0.0027; Dist: 0.0138; 
epoch: 62 / 100,step 119 / 354, loss: 0.0152
Atom: 0.0011; Dist: 0.0141; 
epoch: 62 / 100,step 159 / 354, loss: 0.0142
Atom: 0.0013; Dist: 0.0129; 
epoch: 62 / 100,step 202 / 354, loss: 0.0175
Atom: 0.0006; Dist: 0.0169; 
epoch: 62 / 100,step 242 / 354, loss: 0.0266
Atom: 0.0023; Dist: 0.0243; 
epoch: 62 / 100,step 305 / 354, loss: 0.0165
Atom: 0.0013; Dist: 0.0152; 
epoch: 62 / 100,step 345 / 354, loss: 0.0148
Atom: 0.0012; Dist: 0.0136; 
evaluating...
epoch: 62 / 100, test atom loss: 0.00949; test dist loss: 0.03217
epoch: 62 end ; cost time: 4.6677 min
epoch: 63 / 100,step 39 / 354, loss: 0.0143
Atom: 0.0009; Dist: 0.0134; 
epoch: 63 / 100,step 79 / 354, loss: 0.0130
Atom: 0.0004; Dist: 0.0126; 
epoch: 63 / 100,step 119 / 354, loss: 0.0134
Atom: 0.0001; Dist: 0.0133; 
epoch: 63 / 100,step 159 / 354, loss: 0.0147
Atom: 0.0007; Dist: 0.0140; 
epoch: 63 / 100,step 202 / 354, loss: 0.0206
Atom: 0.0003; Dist: 0.0203; 
epoch: 63 / 100,step 242 / 354, loss: 0.0153
Atom: 0.0002; Dist: 0.0151; 
epoch: 63 / 100,step 305 / 354, loss: 0.0148
Atom: 0.0011; Dist: 0.0137; 
epoch: 63 / 100,step 345 / 354, loss: 0.0168
Atom: 0.0017; Dist: 0.0151; 
evaluating...
epoch: 63 / 100, test atom loss: 0.01073; test dist loss: 0.03156
epoch: 63 end ; cost time: 4.6712 min
epoch: 64 / 100,step 39 / 354, loss: 0.0136
Atom: 0.0011; Dist: 0.0125; 
epoch: 64 / 100,step 79 / 354, loss: 0.0155
Atom: 0.0011; Dist: 0.0144; 
epoch: 64 / 100,step 119 / 354, loss: 0.0131
Atom: 0.0007; Dist: 0.0125; 
epoch: 64 / 100,step 159 / 354, loss: 0.0150
Atom: 0.0008; Dist: 0.0142; 
epoch: 64 / 100,step 202 / 354, loss: 0.0164
Atom: 0.0008; Dist: 0.0156; 
epoch: 64 / 100,step 242 / 354, loss: 0.0180
Atom: 0.0011; Dist: 0.0169; 
epoch: 64 / 100,step 305 / 354, loss: 0.0144
Atom: 0.0005; Dist: 0.0139; 
epoch: 64 / 100,step 345 / 354, loss: 0.0157
Atom: 0.0010; Dist: 0.0147; 
evaluating...
epoch: 64 / 100, test atom loss: 0.01058; test dist loss: 0.03221
epoch: 64 end ; cost time: 4.6754 min
epoch: 65 / 100,step 39 / 354, loss: 0.0165
Atom: 0.0009; Dist: 0.0156; 
epoch: 65 / 100,step 79 / 354, loss: 0.0124
Atom: 0.0003; Dist: 0.0121; 
epoch: 65 / 100,step 119 / 354, loss: 0.0124
Atom: 0.0010; Dist: 0.0114; 
epoch: 65 / 100,step 159 / 354, loss: 0.0141
Atom: 0.0009; Dist: 0.0132; 
epoch: 65 / 100,step 202 / 354, loss: 0.0180
Atom: 0.0004; Dist: 0.0175; 
epoch: 65 / 100,step 242 / 354, loss: 0.0192
Atom: 0.0006; Dist: 0.0186; 
epoch: 65 / 100,step 305 / 354, loss: 0.0124
Atom: 0.0006; Dist: 0.0118; 
epoch: 65 / 100,step 345 / 354, loss: 0.0142
Atom: 0.0013; Dist: 0.0129; 
evaluating...
epoch: 65 / 100, test atom loss: 0.01057; test dist loss: 0.03201
epoch: 65 end ; cost time: 4.6697 min
epoch: 66 / 100,step 39 / 354, loss: 0.0137
Atom: 0.0004; Dist: 0.0134; 
epoch: 66 / 100,step 79 / 354, loss: 0.0146
Atom: 0.0009; Dist: 0.0138; 
epoch: 66 / 100,step 119 / 354, loss: 0.0135
Atom: 0.0003; Dist: 0.0132; 
epoch: 66 / 100,step 159 / 354, loss: 0.0131
Atom: 0.0004; Dist: 0.0127; 
epoch: 66 / 100,step 202 / 354, loss: 0.0240
Atom: 0.0012; Dist: 0.0228; 
epoch: 66 / 100,step 242 / 354, loss: 0.0167
Atom: 0.0002; Dist: 0.0165; 
epoch: 66 / 100,step 305 / 354, loss: 0.0130
Atom: 0.0005; Dist: 0.0125; 
epoch: 66 / 100,step 345 / 354, loss: 0.0160
Atom: 0.0010; Dist: 0.0150; 
evaluating...
epoch: 66 / 100, test atom loss: 0.01163; test dist loss: 0.03211
epoch: 66 end ; cost time: 4.6646 min
epoch: 67 / 100,step 39 / 354, loss: 0.0148
Atom: 0.0012; Dist: 0.0136; 
epoch: 67 / 100,step 79 / 354, loss: 0.0138
Atom: 0.0006; Dist: 0.0131; 
epoch: 67 / 100,step 119 / 354, loss: 0.0155
Atom: 0.0018; Dist: 0.0137; 
epoch: 67 / 100,step 159 / 354, loss: 0.0141
Atom: 0.0006; Dist: 0.0135; 
epoch: 67 / 100,step 202 / 354, loss: 0.0168
Atom: 0.0010; Dist: 0.0159; 
epoch: 67 / 100,step 242 / 354, loss: 0.0191
Atom: 0.0005; Dist: 0.0185; 
epoch: 67 / 100,step 305 / 354, loss: 0.0159
Atom: 0.0019; Dist: 0.0140; 
epoch: 67 / 100,step 345 / 354, loss: 0.0143
Atom: 0.0004; Dist: 0.0139; 
evaluating...
epoch: 67 / 100, test atom loss: 0.01069; test dist loss: 0.03176
epoch: 67 end ; cost time: 4.6684 min
epoch: 68 / 100,step 39 / 354, loss: 0.0132
Atom: 0.0006; Dist: 0.0126; 
epoch: 68 / 100,step 79 / 354, loss: 0.0128
Atom: 0.0003; Dist: 0.0124; 
epoch: 68 / 100,step 119 / 354, loss: 0.0154
Atom: 0.0009; Dist: 0.0146; 
epoch: 68 / 100,step 159 / 354, loss: 0.0140
Atom: 0.0012; Dist: 0.0128; 
epoch: 68 / 100,step 202 / 354, loss: 0.0174
Atom: 0.0002; Dist: 0.0172; 
epoch: 68 / 100,step 242 / 354, loss: 0.0172
Atom: 0.0004; Dist: 0.0168; 
epoch: 68 / 100,step 305 / 354, loss: 0.0132
Atom: 0.0008; Dist: 0.0123; 
epoch: 68 / 100,step 345 / 354, loss: 0.0142
Atom: 0.0007; Dist: 0.0134; 
evaluating...
epoch: 68 / 100, test atom loss: 0.00994; test dist loss: 0.03215
epoch: 68 end ; cost time: 4.6710 min
epoch: 69 / 100,step 39 / 354, loss: 0.0149
Atom: 0.0026; Dist: 0.0123; 
epoch: 69 / 100,step 79 / 354, loss: 0.0142
Atom: 0.0015; Dist: 0.0127; 
epoch: 69 / 100,step 119 / 354, loss: 0.0132
Atom: 0.0007; Dist: 0.0125; 
epoch: 69 / 100,step 159 / 354, loss: 0.0131
Atom: 0.0007; Dist: 0.0124; 
epoch: 69 / 100,step 202 / 354, loss: 0.0149
Atom: 0.0004; Dist: 0.0145; 
epoch: 69 / 100,step 242 / 354, loss: 0.0152
Atom: 0.0004; Dist: 0.0148; 
epoch: 69 / 100,step 305 / 354, loss: 0.0138
Atom: 0.0010; Dist: 0.0129; 
epoch: 69 / 100,step 345 / 354, loss: 0.0154
Atom: 0.0019; Dist: 0.0134; 
evaluating...
epoch: 69 / 100, test atom loss: 0.01069; test dist loss: 0.03208
epoch: 69 end ; cost time: 4.6712 min
epoch: 70 / 100,step 39 / 354, loss: 0.0172
Atom: 0.0007; Dist: 0.0165; 
epoch: 70 / 100,step 79 / 354, loss: 0.0137
Atom: 0.0011; Dist: 0.0126; 
epoch: 70 / 100,step 119 / 354, loss: 0.0168
Atom: 0.0011; Dist: 0.0157; 
epoch: 70 / 100,step 159 / 354, loss: 0.0140
Atom: 0.0011; Dist: 0.0129; 
epoch: 70 / 100,step 202 / 354, loss: 0.0160
Atom: 0.0003; Dist: 0.0157; 
epoch: 70 / 100,step 242 / 354, loss: 0.0154
Atom: 0.0007; Dist: 0.0146; 
epoch: 70 / 100,step 305 / 354, loss: 0.0117
Atom: 0.0010; Dist: 0.0108; 
epoch: 70 / 100,step 345 / 354, loss: 0.0161
Atom: 0.0025; Dist: 0.0136; 
evaluating...
epoch: 70 / 100, test atom loss: 0.00975; test dist loss: 0.03207
epoch: 70 end ; cost time: 4.6707 min
epoch: 71 / 100,step 39 / 354, loss: 0.0128
Atom: 0.0005; Dist: 0.0123; 
epoch: 71 / 100,step 79 / 354, loss: 0.0140
Atom: 0.0019; Dist: 0.0121; 
epoch: 71 / 100,step 119 / 354, loss: 0.0131
Atom: 0.0001; Dist: 0.0130; 
epoch: 71 / 100,step 159 / 354, loss: 0.0141
Atom: 0.0019; Dist: 0.0122; 
epoch: 71 / 100,step 202 / 354, loss: 0.0150
Atom: 0.0002; Dist: 0.0148; 
epoch: 71 / 100,step 242 / 354, loss: 0.0155
Atom: 0.0005; Dist: 0.0150; 
epoch: 71 / 100,step 305 / 354, loss: 0.0163
Atom: 0.0016; Dist: 0.0147; 
epoch: 71 / 100,step 345 / 354, loss: 0.0157
Atom: 0.0007; Dist: 0.0150; 
evaluating...
epoch: 71 / 100, test atom loss: 0.01097; test dist loss: 0.03219
epoch: 71 end ; cost time: 4.6738 min
epoch: 72 / 100,step 39 / 354, loss: 0.0128
Atom: 0.0003; Dist: 0.0125; 
epoch: 72 / 100,step 79 / 354, loss: 0.0156
Atom: 0.0013; Dist: 0.0143; 
epoch: 72 / 100,step 119 / 354, loss: 0.0134
Atom: 0.0010; Dist: 0.0125; 
epoch: 72 / 100,step 159 / 354, loss: 0.0132
Atom: 0.0015; Dist: 0.0117; 
epoch: 72 / 100,step 202 / 354, loss: 0.0135
Atom: 0.0004; Dist: 0.0130; 
epoch: 72 / 100,step 242 / 354, loss: 0.0151
Atom: 0.0015; Dist: 0.0136; 
epoch: 72 / 100,step 305 / 354, loss: 0.0145
Atom: 0.0006; Dist: 0.0140; 
epoch: 72 / 100,step 345 / 354, loss: 0.0128
Atom: 0.0005; Dist: 0.0122; 
evaluating...
epoch: 72 / 100, test atom loss: 0.01043; test dist loss: 0.03216
epoch: 72 end ; cost time: 4.6710 min
epoch: 73 / 100,step 39 / 354, loss: 0.0213
Atom: 0.0006; Dist: 0.0206; 
epoch: 73 / 100,step 79 / 354, loss: 0.0146
Atom: 0.0010; Dist: 0.0137; 
epoch: 73 / 100,step 119 / 354, loss: 0.0146
Atom: 0.0019; Dist: 0.0128; 
epoch: 73 / 100,step 159 / 354, loss: 0.0130
Atom: 0.0010; Dist: 0.0120; 
epoch: 73 / 100,step 202 / 354, loss: 0.0177
Atom: 0.0002; Dist: 0.0175; 
epoch: 73 / 100,step 242 / 354, loss: 0.0144
Atom: 0.0006; Dist: 0.0138; 
epoch: 73 / 100,step 305 / 354, loss: 0.0125
Atom: 0.0005; Dist: 0.0120; 
epoch: 73 / 100,step 345 / 354, loss: 0.0149
Atom: 0.0020; Dist: 0.0129; 
evaluating...
epoch: 73 / 100, test atom loss: 0.01235; test dist loss: 0.03180
epoch: 73 end ; cost time: 4.6729 min
epoch: 74 / 100,step 39 / 354, loss: 0.0116
Atom: 0.0009; Dist: 0.0107; 
epoch: 74 / 100,step 79 / 354, loss: 0.0268
Atom: 0.0006; Dist: 0.0262; 
epoch: 74 / 100,step 119 / 354, loss: 0.0127
Atom: 0.0010; Dist: 0.0117; 
epoch: 74 / 100,step 159 / 354, loss: 0.0165
Atom: 0.0010; Dist: 0.0155; 
epoch: 74 / 100,step 202 / 354, loss: 0.0138
Atom: 0.0005; Dist: 0.0133; 
epoch: 74 / 100,step 242 / 354, loss: 0.0128
Atom: 0.0001; Dist: 0.0127; 
epoch: 74 / 100,step 305 / 354, loss: 0.0138
Atom: 0.0004; Dist: 0.0134; 
epoch: 74 / 100,step 345 / 354, loss: 0.0154
Atom: 0.0016; Dist: 0.0138; 
evaluating...
epoch: 74 / 100, test atom loss: 0.01136; test dist loss: 0.03238
epoch: 74 end ; cost time: 4.6767 min
epoch: 75 / 100,step 39 / 354, loss: 0.0145
Atom: 0.0017; Dist: 0.0128; 
epoch: 75 / 100,step 79 / 354, loss: 0.0127
Atom: 0.0007; Dist: 0.0120; 
epoch: 75 / 100,step 119 / 354, loss: 0.0123
Atom: 0.0003; Dist: 0.0120; 
epoch: 75 / 100,step 159 / 354, loss: 0.0136
Atom: 0.0018; Dist: 0.0118; 
epoch: 75 / 100,step 202 / 354, loss: 0.0163
Atom: 0.0004; Dist: 0.0158; 
epoch: 75 / 100,step 242 / 354, loss: 0.0165
Atom: 0.0003; Dist: 0.0162; 
epoch: 75 / 100,step 305 / 354, loss: 0.0147
Atom: 0.0005; Dist: 0.0142; 
epoch: 75 / 100,step 345 / 354, loss: 0.0134
Atom: 0.0007; Dist: 0.0127; 
evaluating...
epoch: 75 / 100, test atom loss: 0.01094; test dist loss: 0.03177
epoch: 75 end ; cost time: 4.6763 min
epoch: 76 / 100,step 39 / 354, loss: 0.0136
Atom: 0.0010; Dist: 0.0126; 
epoch: 76 / 100,step 79 / 354, loss: 0.0124
Atom: 0.0010; Dist: 0.0114; 
epoch: 76 / 100,step 119 / 354, loss: 0.0144
Atom: 0.0006; Dist: 0.0138; 
epoch: 76 / 100,step 159 / 354, loss: 0.0133
Atom: 0.0011; Dist: 0.0122; 
epoch: 76 / 100,step 202 / 354, loss: 0.0140
Atom: 0.0005; Dist: 0.0134; 
epoch: 76 / 100,step 242 / 354, loss: 0.0132
Atom: 0.0003; Dist: 0.0129; 
epoch: 76 / 100,step 305 / 354, loss: 0.0133
Atom: 0.0008; Dist: 0.0125; 
epoch: 76 / 100,step 345 / 354, loss: 0.0141
Atom: 0.0014; Dist: 0.0127; 
evaluating...
epoch: 76 / 100, test atom loss: 0.01007; test dist loss: 0.03256
epoch: 76 end ; cost time: 4.6685 min
epoch: 77 / 100,step 39 / 354, loss: 0.0138
Atom: 0.0017; Dist: 0.0121; 
epoch: 77 / 100,step 79 / 354, loss: 0.0122
Atom: 0.0014; Dist: 0.0108; 
epoch: 77 / 100,step 119 / 354, loss: 0.0127
Atom: 0.0008; Dist: 0.0119; 
epoch: 77 / 100,step 159 / 354, loss: 0.0127
Atom: 0.0007; Dist: 0.0120; 
epoch: 77 / 100,step 202 / 354, loss: 0.0161
Atom: 0.0009; Dist: 0.0153; 
epoch: 77 / 100,step 242 / 354, loss: 0.0191
Atom: 0.0001; Dist: 0.0189; 
epoch: 77 / 100,step 305 / 354, loss: 0.0152
Atom: 0.0017; Dist: 0.0135; 
epoch: 77 / 100,step 345 / 354, loss: 0.0140
Atom: 0.0002; Dist: 0.0138; 
evaluating...
epoch: 77 / 100, test atom loss: 0.01059; test dist loss: 0.03233
epoch: 77 end ; cost time: 4.6727 min
epoch: 78 / 100,step 39 / 354, loss: 0.0132
Atom: 0.0008; Dist: 0.0124; 
epoch: 78 / 100,step 79 / 354, loss: 0.0165
Atom: 0.0009; Dist: 0.0156; 
epoch: 78 / 100,step 119 / 354, loss: 0.0129
Atom: 0.0003; Dist: 0.0127; 
epoch: 78 / 100,step 159 / 354, loss: 0.0127
Atom: 0.0008; Dist: 0.0120; 
epoch: 78 / 100,step 202 / 354, loss: 0.0153
Atom: 0.0001; Dist: 0.0152; 
epoch: 78 / 100,step 242 / 354, loss: 0.0136
Atom: 0.0003; Dist: 0.0133; 
epoch: 78 / 100,step 305 / 354, loss: 0.0149
Atom: 0.0011; Dist: 0.0138; 
epoch: 78 / 100,step 345 / 354, loss: 0.0121
Atom: 0.0002; Dist: 0.0119; 
evaluating...
epoch: 78 / 100, test atom loss: 0.01080; test dist loss: 0.03221
epoch: 78 end ; cost time: 4.6790 min
epoch: 79 / 100,step 39 / 354, loss: 0.0125
Atom: 0.0002; Dist: 0.0123; 
epoch: 79 / 100,step 79 / 354, loss: 0.0137
Atom: 0.0003; Dist: 0.0134; 
epoch: 79 / 100,step 119 / 354, loss: 0.0147
Atom: 0.0026; Dist: 0.0121; 
epoch: 79 / 100,step 159 / 354, loss: 0.0141
Atom: 0.0015; Dist: 0.0127; 
epoch: 79 / 100,step 202 / 354, loss: 0.0140
Atom: 0.0003; Dist: 0.0137; 
epoch: 79 / 100,step 242 / 354, loss: 0.0131
Atom: 0.0001; Dist: 0.0130; 
epoch: 79 / 100,step 305 / 354, loss: 0.0135
Atom: 0.0009; Dist: 0.0126; 
epoch: 79 / 100,step 345 / 354, loss: 0.0163
Atom: 0.0020; Dist: 0.0143; 
evaluating...
epoch: 79 / 100, test atom loss: 0.01071; test dist loss: 0.03174
epoch: 79 end ; cost time: 4.6797 min
epoch: 80 / 100,step 39 / 354, loss: 0.0110
Atom: 0.0005; Dist: 0.0105; 
epoch: 80 / 100,step 79 / 354, loss: 0.0138
Atom: 0.0013; Dist: 0.0125; 
epoch: 80 / 100,step 119 / 354, loss: 0.0129
Atom: 0.0005; Dist: 0.0124; 
epoch: 80 / 100,step 159 / 354, loss: 0.0132
Atom: 0.0009; Dist: 0.0124; 
epoch: 80 / 100,step 202 / 354, loss: 0.0131
Atom: 0.0003; Dist: 0.0129; 
epoch: 80 / 100,step 242 / 354, loss: 0.0181
Atom: 0.0003; Dist: 0.0177; 
epoch: 80 / 100,step 305 / 354, loss: 0.0130
Atom: 0.0004; Dist: 0.0126; 
epoch: 80 / 100,step 345 / 354, loss: 0.0114
Atom: 0.0003; Dist: 0.0111; 
evaluating...
epoch: 80 / 100, test atom loss: 0.01085; test dist loss: 0.03203
epoch: 80 end ; cost time: 4.6691 min
epoch: 81 / 100,step 39 / 354, loss: 0.0136
Atom: 0.0026; Dist: 0.0110; 
epoch: 81 / 100,step 79 / 354, loss: 0.0120
Atom: 0.0004; Dist: 0.0116; 
epoch: 81 / 100,step 119 / 354, loss: 0.0116
Atom: 0.0006; Dist: 0.0110; 
epoch: 81 / 100,step 159 / 354, loss: 0.0118
Atom: 0.0007; Dist: 0.0111; 
epoch: 81 / 100,step 202 / 354, loss: 0.0136
Atom: 0.0002; Dist: 0.0134; 
epoch: 81 / 100,step 242 / 354, loss: 0.0137
Atom: 0.0002; Dist: 0.0135; 
epoch: 81 / 100,step 305 / 354, loss: 0.0142
Atom: 0.0012; Dist: 0.0130; 
epoch: 81 / 100,step 345 / 354, loss: 0.0164
Atom: 0.0003; Dist: 0.0161; 
evaluating...
epoch: 81 / 100, test atom loss: 0.01065; test dist loss: 0.03208
epoch: 81 end ; cost time: 4.6708 min
epoch: 82 / 100,step 39 / 354, loss: 0.0170
Atom: 0.0002; Dist: 0.0167; 
epoch: 82 / 100,step 79 / 354, loss: 0.0122
Atom: 0.0007; Dist: 0.0115; 
epoch: 82 / 100,step 119 / 354, loss: 0.0124
Atom: 0.0010; Dist: 0.0113; 
epoch: 82 / 100,step 159 / 354, loss: 0.0116
Atom: 0.0008; Dist: 0.0108; 
epoch: 82 / 100,step 202 / 354, loss: 0.0136
Atom: 0.0003; Dist: 0.0134; 
epoch: 82 / 100,step 242 / 354, loss: 0.0142
Atom: 0.0009; Dist: 0.0133; 
epoch: 82 / 100,step 305 / 354, loss: 0.0131
Atom: 0.0003; Dist: 0.0127; 
epoch: 82 / 100,step 345 / 354, loss: 0.0135
Atom: 0.0004; Dist: 0.0131; 
evaluating...
epoch: 82 / 100, test atom loss: 0.01311; test dist loss: 0.03201
epoch: 82 end ; cost time: 4.6703 min
epoch: 83 / 100,step 39 / 354, loss: 0.0139
Atom: 0.0004; Dist: 0.0135; 
epoch: 83 / 100,step 79 / 354, loss: 0.0114
Atom: 0.0004; Dist: 0.0110; 
epoch: 83 / 100,step 119 / 354, loss: 0.0115
Atom: 0.0007; Dist: 0.0108; 
epoch: 83 / 100,step 159 / 354, loss: 0.0119
Atom: 0.0005; Dist: 0.0114; 
epoch: 83 / 100,step 202 / 354, loss: 0.0139
Atom: 0.0005; Dist: 0.0134; 
epoch: 83 / 100,step 242 / 354, loss: 0.0132
Atom: 0.0005; Dist: 0.0127; 
epoch: 83 / 100,step 305 / 354, loss: 0.0108
Atom: 0.0007; Dist: 0.0101; 
epoch: 83 / 100,step 345 / 354, loss: 0.0130
Atom: 0.0007; Dist: 0.0124; 
evaluating...
epoch: 83 / 100, test atom loss: 0.01091; test dist loss: 0.03231
epoch: 83 end ; cost time: 4.6700 min
epoch: 84 / 100,step 39 / 354, loss: 0.0137
Atom: 0.0015; Dist: 0.0122; 
epoch: 84 / 100,step 79 / 354, loss: 0.0110
Atom: 0.0003; Dist: 0.0107; 
epoch: 84 / 100,step 119 / 354, loss: 0.0120
Atom: 0.0003; Dist: 0.0117; 
epoch: 84 / 100,step 159 / 354, loss: 0.0117
Atom: 0.0008; Dist: 0.0110; 
epoch: 84 / 100,step 202 / 354, loss: 0.0131
Atom: 0.0004; Dist: 0.0128; 
epoch: 84 / 100,step 242 / 354, loss: 0.0214
Atom: 0.0001; Dist: 0.0213; 
epoch: 84 / 100,step 305 / 354, loss: 0.0125
Atom: 0.0003; Dist: 0.0122; 
epoch: 84 / 100,step 345 / 354, loss: 0.0144
Atom: 0.0011; Dist: 0.0133; 
evaluating...
epoch: 84 / 100, test atom loss: 0.01042; test dist loss: 0.03227
epoch: 84 end ; cost time: 4.6710 min
epoch: 85 / 100,step 39 / 354, loss: 0.0165
Atom: 0.0003; Dist: 0.0163; 
epoch: 85 / 100,step 79 / 354, loss: 0.0134
Atom: 0.0006; Dist: 0.0128; 
epoch: 85 / 100,step 119 / 354, loss: 0.0126
Atom: 0.0006; Dist: 0.0120; 
epoch: 85 / 100,step 159 / 354, loss: 0.0153
Atom: 0.0002; Dist: 0.0152; 
epoch: 85 / 100,step 202 / 354, loss: 0.0132
Atom: 0.0002; Dist: 0.0129; 
epoch: 85 / 100,step 242 / 354, loss: 0.0124
Atom: 0.0002; Dist: 0.0122; 
epoch: 85 / 100,step 305 / 354, loss: 0.0146
Atom: 0.0012; Dist: 0.0134; 
epoch: 85 / 100,step 345 / 354, loss: 0.0127
Atom: 0.0003; Dist: 0.0124; 
evaluating...
epoch: 85 / 100, test atom loss: 0.01095; test dist loss: 0.03258
epoch: 85 end ; cost time: 4.6717 min
epoch: 86 / 100,step 39 / 354, loss: 0.0127
Atom: 0.0009; Dist: 0.0119; 
epoch: 86 / 100,step 79 / 354, loss: 0.0110
Atom: 0.0005; Dist: 0.0105; 
epoch: 86 / 100,step 119 / 354, loss: 0.0123
Atom: 0.0012; Dist: 0.0111; 
epoch: 86 / 100,step 159 / 354, loss: 0.0141
Atom: 0.0017; Dist: 0.0125; 
epoch: 86 / 100,step 202 / 354, loss: 0.0148
Atom: 0.0001; Dist: 0.0147; 
epoch: 86 / 100,step 242 / 354, loss: 0.0140
Atom: 0.0003; Dist: 0.0137; 
epoch: 86 / 100,step 305 / 354, loss: 0.0130
Atom: 0.0023; Dist: 0.0107; 
epoch: 86 / 100,step 345 / 354, loss: 0.0129
Atom: 0.0015; Dist: 0.0114; 
evaluating...
epoch: 86 / 100, test atom loss: 0.01033; test dist loss: 0.03186
epoch: 86 end ; cost time: 4.6670 min
epoch: 87 / 100,step 39 / 354, loss: 0.0112
Atom: 0.0005; Dist: 0.0107; 
epoch: 87 / 100,step 79 / 354, loss: 0.0109
Atom: 0.0005; Dist: 0.0103; 
epoch: 87 / 100,step 119 / 354, loss: 0.0114
Atom: 0.0004; Dist: 0.0110; 
epoch: 87 / 100,step 159 / 354, loss: 0.0111
Atom: 0.0004; Dist: 0.0106; 
epoch: 87 / 100,step 202 / 354, loss: 0.0186
Atom: 0.0004; Dist: 0.0182; 
epoch: 87 / 100,step 242 / 354, loss: 0.0177
Atom: 0.0007; Dist: 0.0169; 
epoch: 87 / 100,step 305 / 354, loss: 0.0120
Atom: 0.0002; Dist: 0.0118; 
epoch: 87 / 100,step 345 / 354, loss: 0.0137
Atom: 0.0007; Dist: 0.0130; 
evaluating...
epoch: 87 / 100, test atom loss: 0.01060; test dist loss: 0.03189
epoch: 87 end ; cost time: 4.6715 min
epoch: 88 / 100,step 39 / 354, loss: 0.0110
Atom: 0.0001; Dist: 0.0108; 
epoch: 88 / 100,step 79 / 354, loss: 0.0121
Atom: 0.0001; Dist: 0.0120; 
epoch: 88 / 100,step 119 / 354, loss: 0.0123
Atom: 0.0004; Dist: 0.0119; 
epoch: 88 / 100,step 159 / 354, loss: 0.0114
Atom: 0.0008; Dist: 0.0106; 
epoch: 88 / 100,step 202 / 354, loss: 0.0140
Atom: 0.0006; Dist: 0.0135; 
epoch: 88 / 100,step 242 / 354, loss: 0.0188
Atom: 0.0001; Dist: 0.0187; 
epoch: 88 / 100,step 305 / 354, loss: 0.0120
Atom: 0.0005; Dist: 0.0115; 
epoch: 88 / 100,step 345 / 354, loss: 0.0159
Atom: 0.0012; Dist: 0.0147; 
evaluating...
epoch: 88 / 100, test atom loss: 0.01097; test dist loss: 0.03192
epoch: 88 end ; cost time: 4.6707 min
epoch: 89 / 100,step 39 / 354, loss: 0.0113
Atom: 0.0005; Dist: 0.0108; 
epoch: 89 / 100,step 79 / 354, loss: 0.0125
Atom: 0.0015; Dist: 0.0110; 
epoch: 89 / 100,step 119 / 354, loss: 0.0101
Atom: 0.0001; Dist: 0.0100; 
epoch: 89 / 100,step 159 / 354, loss: 0.0117
Atom: 0.0009; Dist: 0.0108; 
epoch: 89 / 100,step 202 / 354, loss: 0.0130
Atom: 0.0008; Dist: 0.0121; 
epoch: 89 / 100,step 242 / 354, loss: 0.0145
Atom: 0.0011; Dist: 0.0134; 
epoch: 89 / 100,step 305 / 354, loss: 0.0130
Atom: 0.0008; Dist: 0.0122; 
epoch: 89 / 100,step 345 / 354, loss: 0.0120
Atom: 0.0009; Dist: 0.0111; 
evaluating...
epoch: 89 / 100, test atom loss: 0.01029; test dist loss: 0.03201
epoch: 89 end ; cost time: 4.6719 min
epoch: 90 / 100,step 39 / 354, loss: 0.0113
Atom: 0.0011; Dist: 0.0102; 
epoch: 90 / 100,step 79 / 354, loss: 0.0111
Atom: 0.0006; Dist: 0.0105; 
epoch: 90 / 100,step 119 / 354, loss: 0.0131
Atom: 0.0015; Dist: 0.0116; 
epoch: 90 / 100,step 159 / 354, loss: 0.0148
Atom: 0.0004; Dist: 0.0144; 
epoch: 90 / 100,step 202 / 354, loss: 0.0142
Atom: 0.0011; Dist: 0.0131; 
epoch: 90 / 100,step 242 / 354, loss: 0.0129
Atom: 0.0002; Dist: 0.0127; 
epoch: 90 / 100,step 305 / 354, loss: 0.0139
Atom: 0.0011; Dist: 0.0128; 
epoch: 90 / 100,step 345 / 354, loss: 0.0124
Atom: 0.0010; Dist: 0.0114; 
evaluating...
epoch: 90 / 100, test atom loss: 0.01022; test dist loss: 0.03199
epoch: 90 end ; cost time: 4.6863 min
epoch: 91 / 100,step 39 / 354, loss: 0.0118
Atom: 0.0003; Dist: 0.0115; 
epoch: 91 / 100,step 79 / 354, loss: 0.0122
Atom: 0.0007; Dist: 0.0115; 
epoch: 91 / 100,step 119 / 354, loss: 0.0130
Atom: 0.0005; Dist: 0.0125; 
epoch: 91 / 100,step 159 / 354, loss: 0.0105
Atom: 0.0003; Dist: 0.0102; 
epoch: 91 / 100,step 202 / 354, loss: 0.0146
Atom: 0.0001; Dist: 0.0145; 
epoch: 91 / 100,step 242 / 354, loss: 0.0132
Atom: 0.0015; Dist: 0.0117; 
epoch: 91 / 100,step 305 / 354, loss: 0.0104
Atom: 0.0007; Dist: 0.0097; 
epoch: 91 / 100,step 345 / 354, loss: 0.0101
Atom: 0.0009; Dist: 0.0092; 
evaluating...
epoch: 91 / 100, test atom loss: 0.01177; test dist loss: 0.03204
epoch: 91 end ; cost time: 4.6760 min
epoch: 92 / 100,step 39 / 354, loss: 0.0113
Atom: 0.0006; Dist: 0.0107; 
epoch: 92 / 100,step 79 / 354, loss: 0.0121
Atom: 0.0011; Dist: 0.0110; 
epoch: 92 / 100,step 119 / 354, loss: 0.0152
Atom: 0.0004; Dist: 0.0148; 
epoch: 92 / 100,step 159 / 354, loss: 0.0120
Atom: 0.0010; Dist: 0.0109; 
epoch: 92 / 100,step 202 / 354, loss: 0.0123
Atom: 0.0010; Dist: 0.0113; 
epoch: 92 / 100,step 242 / 354, loss: 0.0131
Atom: 0.0003; Dist: 0.0128; 
epoch: 92 / 100,step 305 / 354, loss: 0.0136
Atom: 0.0009; Dist: 0.0127; 
epoch: 92 / 100,step 345 / 354, loss: 0.0105
Atom: 0.0008; Dist: 0.0097; 
evaluating...
epoch: 92 / 100, test atom loss: 0.01127; test dist loss: 0.03221
epoch: 92 end ; cost time: 4.6701 min
epoch: 93 / 100,step 39 / 354, loss: 0.0124
Atom: 0.0010; Dist: 0.0114; 
epoch: 93 / 100,step 79 / 354, loss: 0.0116
Atom: 0.0002; Dist: 0.0114; 
epoch: 93 / 100,step 119 / 354, loss: 0.0117
Atom: 0.0007; Dist: 0.0110; 
epoch: 93 / 100,step 159 / 354, loss: 0.0111
Atom: 0.0003; Dist: 0.0108; 
epoch: 93 / 100,step 202 / 354, loss: 0.0158
Atom: 0.0002; Dist: 0.0156; 
epoch: 93 / 100,step 242 / 354, loss: 0.0182
Atom: 0.0008; Dist: 0.0173; 
epoch: 93 / 100,step 305 / 354, loss: 0.0107
Atom: 0.0007; Dist: 0.0100; 
epoch: 93 / 100,step 345 / 354, loss: 0.0105
Atom: 0.0005; Dist: 0.0100; 
evaluating...
epoch: 93 / 100, test atom loss: 0.01045; test dist loss: 0.03252
epoch: 93 end ; cost time: 4.6725 min
epoch: 94 / 100,step 39 / 354, loss: 0.0114
Atom: 0.0004; Dist: 0.0110; 
epoch: 94 / 100,step 79 / 354, loss: 0.0156
Atom: 0.0006; Dist: 0.0150; 
epoch: 94 / 100,step 119 / 354, loss: 0.0117
Atom: 0.0010; Dist: 0.0107; 
epoch: 94 / 100,step 159 / 354, loss: 0.0131
Atom: 0.0005; Dist: 0.0125; 
epoch: 94 / 100,step 202 / 354, loss: 0.0161
Atom: 0.0006; Dist: 0.0155; 
epoch: 94 / 100,step 242 / 354, loss: 0.0151
Atom: 0.0003; Dist: 0.0148; 
epoch: 94 / 100,step 305 / 354, loss: 0.0118
Atom: 0.0002; Dist: 0.0116; 
epoch: 94 / 100,step 345 / 354, loss: 0.0128
Atom: 0.0010; Dist: 0.0117; 
evaluating...
epoch: 94 / 100, test atom loss: 0.01181; test dist loss: 0.03230
epoch: 94 end ; cost time: 4.6691 min
epoch: 95 / 100,step 39 / 354, loss: 0.0107
Atom: 0.0013; Dist: 0.0093; 
epoch: 95 / 100,step 79 / 354, loss: 0.0112
Atom: 0.0003; Dist: 0.0109; 
epoch: 95 / 100,step 119 / 354, loss: 0.0124
Atom: 0.0015; Dist: 0.0108; 
epoch: 95 / 100,step 159 / 354, loss: 0.0241
Atom: 0.0003; Dist: 0.0238; 
epoch: 95 / 100,step 202 / 354, loss: 0.0139
Atom: 0.0002; Dist: 0.0137; 
epoch: 95 / 100,step 242 / 354, loss: 0.0155
Atom: 0.0012; Dist: 0.0142; 
epoch: 95 / 100,step 305 / 354, loss: 0.0122
Atom: 0.0003; Dist: 0.0118; 
epoch: 95 / 100,step 345 / 354, loss: 0.0124
Atom: 0.0016; Dist: 0.0108; 
evaluating...
epoch: 95 / 100, test atom loss: 0.01040; test dist loss: 0.03177
epoch: 95 end ; cost time: 4.6667 min
epoch: 96 / 100,step 39 / 354, loss: 0.0123
Atom: 0.0014; Dist: 0.0109; 
epoch: 96 / 100,step 79 / 354, loss: 0.0121
Atom: 0.0008; Dist: 0.0112; 
epoch: 96 / 100,step 119 / 354, loss: 0.0116
Atom: 0.0009; Dist: 0.0107; 
epoch: 96 / 100,step 159 / 354, loss: 0.0110
Atom: 0.0005; Dist: 0.0105; 
epoch: 96 / 100,step 202 / 354, loss: 0.0113
Atom: 0.0001; Dist: 0.0112; 
epoch: 96 / 100,step 242 / 354, loss: 0.0139
Atom: 0.0007; Dist: 0.0132; 
epoch: 96 / 100,step 305 / 354, loss: 0.0129
Atom: 0.0006; Dist: 0.0123; 
epoch: 96 / 100,step 345 / 354, loss: 0.0124
Atom: 0.0007; Dist: 0.0118; 
evaluating...
epoch: 96 / 100, test atom loss: 0.01145; test dist loss: 0.03224
epoch: 96 end ; cost time: 4.6678 min
epoch: 97 / 100,step 39 / 354, loss: 0.0109
Atom: 0.0004; Dist: 0.0105; 
epoch: 97 / 100,step 79 / 354, loss: 0.0106
Atom: 0.0002; Dist: 0.0103; 
epoch: 97 / 100,step 119 / 354, loss: 0.0112
Atom: 0.0005; Dist: 0.0107; 
epoch: 97 / 100,step 159 / 354, loss: 0.0109
Atom: 0.0008; Dist: 0.0100; 
epoch: 97 / 100,step 202 / 354, loss: 0.0208
Atom: 0.0006; Dist: 0.0202; 
epoch: 97 / 100,step 242 / 354, loss: 0.0131
Atom: 0.0002; Dist: 0.0129; 
epoch: 97 / 100,step 305 / 354, loss: 0.0130
Atom: 0.0007; Dist: 0.0123; 
epoch: 97 / 100,step 345 / 354, loss: 0.0126
Atom: 0.0006; Dist: 0.0120; 
evaluating...
epoch: 97 / 100, test atom loss: 0.01172; test dist loss: 0.03209
epoch: 97 end ; cost time: 4.6695 min
epoch: 98 / 100,step 39 / 354, loss: 0.0127
Atom: 0.0003; Dist: 0.0124; 
epoch: 98 / 100,step 79 / 354, loss: 0.0110
Atom: 0.0011; Dist: 0.0099; 
epoch: 98 / 100,step 119 / 354, loss: 0.0117
Atom: 0.0014; Dist: 0.0104; 
epoch: 98 / 100,step 159 / 354, loss: 0.0141
Atom: 0.0002; Dist: 0.0139; 
epoch: 98 / 100,step 202 / 354, loss: 0.0126
Atom: 0.0000; Dist: 0.0125; 
epoch: 98 / 100,step 242 / 354, loss: 0.0122
Atom: 0.0003; Dist: 0.0119; 
epoch: 98 / 100,step 305 / 354, loss: 0.0123
Atom: 0.0015; Dist: 0.0109; 
epoch: 98 / 100,step 345 / 354, loss: 0.0107
Atom: 0.0002; Dist: 0.0105; 
evaluating...
epoch: 98 / 100, test atom loss: 0.01125; test dist loss: 0.03164
epoch: 98 end ; cost time: 4.6676 min
epoch: 99 / 100,step 39 / 354, loss: 0.0122
Atom: 0.0013; Dist: 0.0109; 
epoch: 99 / 100,step 79 / 354, loss: 0.0126
Atom: 0.0013; Dist: 0.0113; 
epoch: 99 / 100,step 119 / 354, loss: 0.0128
Atom: 0.0003; Dist: 0.0125; 
epoch: 99 / 100,step 159 / 354, loss: 0.0110
Atom: 0.0007; Dist: 0.0103; 
epoch: 99 / 100,step 202 / 354, loss: 0.0126
Atom: 0.0009; Dist: 0.0117; 
epoch: 99 / 100,step 242 / 354, loss: 0.0160
Atom: 0.0003; Dist: 0.0157; 
epoch: 99 / 100,step 305 / 354, loss: 0.0111
Atom: 0.0003; Dist: 0.0108; 
epoch: 99 / 100,step 345 / 354, loss: 0.0117
Atom: 0.0004; Dist: 0.0113; 
evaluating...
epoch: 99 / 100, test atom loss: 0.01106; test dist loss: 0.03185
epoch: 99 end ; cost time: 4.6668 min
epoch: 100 / 100,step 39 / 354, loss: 0.0127
Atom: 0.0005; Dist: 0.0122; 
epoch: 100 / 100,step 79 / 354, loss: 0.0120
Atom: 0.0005; Dist: 0.0115; 
epoch: 100 / 100,step 119 / 354, loss: 0.0107
Atom: 0.0008; Dist: 0.0098; 
epoch: 100 / 100,step 159 / 354, loss: 0.0144
Atom: 0.0015; Dist: 0.0128; 
epoch: 100 / 100,step 202 / 354, loss: 0.0138
Atom: 0.0001; Dist: 0.0137; 
epoch: 100 / 100,step 242 / 354, loss: 0.0139
Atom: 0.0003; Dist: 0.0136; 
epoch: 100 / 100,step 305 / 354, loss: 0.0162
Atom: 0.0004; Dist: 0.0157; 
epoch: 100 / 100,step 345 / 354, loss: 0.0124
Atom: 0.0008; Dist: 0.0116; 
evaluating...
epoch: 100 / 100, test atom loss: 0.01110; test dist loss: 0.03192
epoch: 100 end ; cost time: 4.6685 min
