nohup: ignoring input
WARNING:root:No normalization for BCUT2D_MWHI
WARNING:root:No normalization for BCUT2D_MWLOW
WARNING:root:No normalization for BCUT2D_CHGHI
WARNING:root:No normalization for BCUT2D_CHGLO
WARNING:root:No normalization for BCUT2D_LOGPHI
WARNING:root:No normalization for BCUT2D_LOGPLOW
WARNING:root:No normalization for BCUT2D_MRHI
WARNING:root:No normalization for BCUT2D_MRLOW
extracting fingerprints
[11:52:17] WARNING: not removing hydrogen atom without neighbors
[11:52:20] WARNING: not removing hydrogen atom without neighbors
[11:52:43] WARNING: not removing hydrogen atom without neighbors
[11:52:44] WARNING: not removing hydrogen atom without neighbors
[11:52:44] WARNING: not removing hydrogen atom without neighbors
[11:52:45] WARNING: not removing hydrogen atom without neighbors
[11:52:45] WARNING: not removing hydrogen atom without neighbors
[11:52:45] WARNING: not removing hydrogen atom without neighbors
[11:52:45] WARNING: not removing hydrogen atom without neighbors
[11:52:46] WARNING: not removing hydrogen atom without neighbors
[11:52:46] WARNING: not removing hydrogen atom without neighbors
[11:52:46] WARNING: not removing hydrogen atom without neighbors
[11:52:55] WARNING: not removing hydrogen atom without neighbors
[11:52:55] WARNING: not removing hydrogen atom without neighbors
[11:52:55] WARNING: not removing hydrogen atom without neighbors
[11:52:58] WARNING: not removing hydrogen atom without neighbors
[11:52:58] WARNING: not removing hydrogen atom without neighbors
[11:53:01] WARNING: not removing hydrogen atom without neighbors
[11:53:01] WARNING: not removing hydrogen atom without neighbors
[11:53:09] WARNING: not removing hydrogen atom without neighbors
[11:53:09] WARNING: not removing hydrogen atom without neighbors
[11:53:12] WARNING: not removing hydrogen atom without neighbors
[11:53:12] WARNING: not removing hydrogen atom without neighbors
[11:53:12] WARNING: not removing hydrogen atom without neighbors
[11:53:13] WARNING: not removing hydrogen atom without neighbors
[11:53:13] WARNING: not removing hydrogen atom without neighbors
[11:53:14] WARNING: not removing hydrogen atom without neighbors
[11:53:14] WARNING: not removing hydrogen atom without neighbors
[11:53:15] WARNING: not removing hydrogen atom without neighbors
[11:53:15] WARNING: not removing hydrogen atom without neighbors
[11:53:17] WARNING: not removing hydrogen atom without neighbors
[11:53:17] WARNING: not removing hydrogen atom without neighbors
[11:53:18] WARNING: not removing hydrogen atom without neighbors
[11:53:19] WARNING: not removing hydrogen atom without neighbors
[11:53:19] WARNING: not removing hydrogen atom without neighbors
[11:53:19] WARNING: not removing hydrogen atom without neighbors
[11:53:19] WARNING: not removing hydrogen atom without neighbors
[11:53:31] WARNING: not removing hydrogen atom without neighbors
[11:53:31] WARNING: not removing hydrogen atom without neighbors
[11:53:31] WARNING: not removing hydrogen atom without neighbors
[11:53:31] WARNING: not removing hydrogen atom without neighbors
[11:53:48] WARNING: not removing hydrogen atom without neighbors
[11:53:48] WARNING: not removing hydrogen atom without neighbors
[11:53:48] WARNING: not removing hydrogen atom without neighbors
[11:53:48] WARNING: not removing hydrogen atom without neighbors
[11:53:48] WARNING: not removing hydrogen atom without neighbors
[11:53:55] WARNING: not removing hydrogen atom without neighbors
[11:54:02] WARNING: not removing hydrogen atom without neighbors
[11:54:02] WARNING: not removing hydrogen atom without neighbors
[11:54:02] WARNING: not removing hydrogen atom without neighbors
[11:54:05] WARNING: not removing hydrogen atom without neighbors
[11:54:11] WARNING: not removing hydrogen atom without neighbors
[11:54:11] WARNING: not removing hydrogen atom without neighbors
[11:54:15] WARNING: not removing hydrogen atom without neighbors
[11:54:15] WARNING: not removing hydrogen atom without neighbors
[11:54:15] WARNING: not removing hydrogen atom without neighbors
[11:54:16] WARNING: not removing hydrogen atom without neighbors
[11:54:16] WARNING: not removing hydrogen atom without neighbors
[11:54:18] WARNING: not removing hydrogen atom without neighbors
[11:54:18] WARNING: not removing hydrogen atom without neighbors
[11:54:18] WARNING: not removing hydrogen atom without neighbors
[11:54:18] WARNING: not removing hydrogen atom without neighbors
[11:54:21] WARNING: not removing hydrogen atom without neighbors
[11:54:21] WARNING: not removing hydrogen atom without neighbors
[11:54:22] WARNING: not removing hydrogen atom without neighbors
[11:54:22] WARNING: not removing hydrogen atom without neighbors
[11:54:22] WARNING: not removing hydrogen atom without neighbors
[11:54:22] WARNING: not removing hydrogen atom without neighbors
[11:54:23] WARNING: not removing hydrogen atom without neighbors
[11:54:23] WARNING: not removing hydrogen atom without neighbors
[11:54:23] WARNING: not removing hydrogen atom without neighbors
[11:56:11] WARNING: not removing hydrogen atom without neighbors
[11:56:11] WARNING: not removing hydrogen atom without neighbors
[11:56:11] WARNING: not removing hydrogen atom without neighbors
[11:56:11] WARNING: not removing hydrogen atom without neighbors
[11:56:11] WARNING: not removing hydrogen atom without neighbors
[11:56:11] WARNING: not removing hydrogen atom without neighbors
[11:56:11] WARNING: not removing hydrogen atom without neighbors
[11:56:11] WARNING: not removing hydrogen atom without neighbors
[11:56:11] WARNING: not removing hydrogen atom without neighbors
[11:56:13] WARNING: not removing hydrogen atom without neighbors
[11:56:13] WARNING: not removing hydrogen atom without neighbors
[11:56:13] WARNING: not removing hydrogen atom without neighbors
[11:56:15] WARNING: not removing hydrogen atom without neighbors
[11:56:15] WARNING: not removing hydrogen atom without neighbors
[11:56:15] WARNING: not removing hydrogen atom without neighbors
[11:56:16] WARNING: not removing hydrogen atom without neighbors
[11:56:16] WARNING: not removing hydrogen atom without neighbors
[11:56:16] WARNING: not removing hydrogen atom without neighbors
[11:56:16] WARNING: not removing hydrogen atom without neighbors
[11:56:17] WARNING: not removing hydrogen atom without neighbors
[11:56:17] WARNING: not removing hydrogen atom without neighbors
[11:56:17] WARNING: not removing hydrogen atom without neighbors
[11:56:17] WARNING: not removing hydrogen atom without neighbors
[11:56:17] WARNING: not removing hydrogen atom without neighbors
[11:56:17] WARNING: not removing hydrogen atom without neighbors
[11:56:17] WARNING: not removing hydrogen atom without neighbors
[11:56:18] WARNING: not removing hydrogen atom without neighbors
[11:56:18] WARNING: not removing hydrogen atom without neighbors
[11:56:18] WARNING: not removing hydrogen atom without neighbors
[11:56:18] WARNING: not removing hydrogen atom without neighbors
[11:56:18] WARNING: not removing hydrogen atom without neighbors
[11:56:18] WARNING: not removing hydrogen atom without neighbors
[11:56:18] WARNING: not removing hydrogen atom without neighbors
[11:56:20] WARNING: not removing hydrogen atom without neighbors
[11:56:20] WARNING: not removing hydrogen atom without neighbors
[11:56:22] WARNING: not removing hydrogen atom without neighbors
[11:56:22] WARNING: not removing hydrogen atom without neighbors
[11:56:28] WARNING: not removing hydrogen atom without neighbors
[11:56:28] WARNING: not removing hydrogen atom without neighbors
[11:56:29] WARNING: not removing hydrogen atom without neighbors
[11:56:29] WARNING: not removing hydrogen atom without neighbors
[11:56:29] WARNING: not removing hydrogen atom without neighbors
[11:56:29] WARNING: not removing hydrogen atom without neighbors
[11:56:29] WARNING: not removing hydrogen atom without neighbors
[11:56:29] WARNING: not removing hydrogen atom without neighbors
[11:56:29] WARNING: not removing hydrogen atom without neighbors
[11:56:29] WARNING: not removing hydrogen atom without neighbors
[11:56:29] WARNING: not removing hydrogen atom without neighbors
[11:56:29] WARNING: not removing hydrogen atom without neighbors
[11:56:29] WARNING: not removing hydrogen atom without neighbors
[11:56:29] WARNING: not removing hydrogen atom without neighbors
[11:56:29] WARNING: not removing hydrogen atom without neighbors
[11:56:29] WARNING: not removing hydrogen atom without neighbors
[11:56:29] WARNING: not removing hydrogen atom without neighbors
[11:56:29] WARNING: not removing hydrogen atom without neighbors
[11:56:29] WARNING: not removing hydrogen atom without neighbors
[11:56:29] WARNING: not removing hydrogen atom without neighbors
[11:56:30] WARNING: not removing hydrogen atom without neighbors
[11:56:30] WARNING: not removing hydrogen atom without neighbors
[11:56:30] WARNING: not removing hydrogen atom without neighbors
[11:56:30] WARNING: not removing hydrogen atom without neighbors
[11:56:30] WARNING: not removing hydrogen atom without neighbors
[11:56:30] WARNING: not removing hydrogen atom without neighbors
[11:56:30] WARNING: not removing hydrogen atom without neighbors
[11:56:30] WARNING: not removing hydrogen atom without neighbors
[11:56:30] WARNING: not removing hydrogen atom without neighbors
[11:56:30] WARNING: not removing hydrogen atom without neighbors
[11:56:31] WARNING: not removing hydrogen atom without neighbors
[11:56:31] WARNING: not removing hydrogen atom without neighbors
[11:56:31] WARNING: not removing hydrogen atom without neighbors
[11:56:35] WARNING: not removing hydrogen atom without neighbors
[11:56:35] WARNING: not removing hydrogen atom without neighbors
[11:56:35] WARNING: not removing hydrogen atom without neighbors
[11:56:35] WARNING: not removing hydrogen atom without neighbors
[11:56:38] WARNING: not removing hydrogen atom without neighbors
[11:56:38] WARNING: not removing hydrogen atom without neighbors
[11:56:38] WARNING: not removing hydrogen atom without neighbors
[11:56:38] WARNING: not removing hydrogen atom without neighbors
[11:56:38] WARNING: not removing hydrogen atom without neighbors
[11:56:38] WARNING: not removing hydrogen atom without neighbors
[11:56:38] WARNING: not removing hydrogen atom without neighbors
[11:56:38] WARNING: not removing hydrogen atom without neighbors
[11:56:38] WARNING: not removing hydrogen atom without neighbors
[11:56:38] WARNING: not removing hydrogen atom without neighbors
[11:56:38] WARNING: not removing hydrogen atom without neighbors
[11:56:38] WARNING: not removing hydrogen atom without neighbors
[11:56:38] WARNING: not removing hydrogen atom without neighbors
[11:56:38] WARNING: not removing hydrogen atom without neighbors
[11:56:38] WARNING: not removing hydrogen atom without neighbors
[11:56:38] WARNING: not removing hydrogen atom without neighbors
[11:56:38] WARNING: not removing hydrogen atom without neighbors
[11:56:38] WARNING: not removing hydrogen atom without neighbors
[11:56:39] WARNING: not removing hydrogen atom without neighbors
[11:56:39] WARNING: not removing hydrogen atom without neighbors
[11:56:39] WARNING: not removing hydrogen atom without neighbors
[11:56:39] WARNING: not removing hydrogen atom without neighbors
[11:56:39] WARNING: not removing hydrogen atom without neighbors
[11:56:39] WARNING: not removing hydrogen atom without neighbors
[11:56:39] WARNING: not removing hydrogen atom without neighbors
[11:56:39] WARNING: not removing hydrogen atom without neighbors
[11:56:39] WARNING: not removing hydrogen atom without neighbors
[11:56:39] WARNING: not removing hydrogen atom without neighbors
[11:56:39] WARNING: not removing hydrogen atom without neighbors
[11:56:39] WARNING: not removing hydrogen atom without neighbors
[11:56:39] WARNING: not removing hydrogen atom without neighbors
[11:56:39] WARNING: not removing hydrogen atom without neighbors
[11:56:39] WARNING: not removing hydrogen atom without neighbors
[11:56:39] WARNING: not removing hydrogen atom without neighbors
[11:56:39] WARNING: not removing hydrogen atom without neighbors
[11:56:39] WARNING: not removing hydrogen atom without neighbors
[11:56:39] WARNING: not removing hydrogen atom without neighbors
[11:56:39] WARNING: not removing hydrogen atom without neighbors
[11:56:39] WARNING: not removing hydrogen atom without neighbors
[11:56:39] WARNING: not removing hydrogen atom without neighbors
[11:56:39] WARNING: not removing hydrogen atom without neighbors
[11:56:39] WARNING: not removing hydrogen atom without neighbors
[11:56:39] WARNING: not removing hydrogen atom without neighbors
[11:56:40] WARNING: not removing hydrogen atom without neighbors
[11:56:40] WARNING: not removing hydrogen atom without neighbors
[11:56:40] WARNING: not removing hydrogen atom without neighbors
[11:56:40] WARNING: not removing hydrogen atom without neighbors
[11:56:40] WARNING: not removing hydrogen atom without neighbors
[11:56:40] WARNING: not removing hydrogen atom without neighbors
[11:56:40] WARNING: not removing hydrogen atom without neighbors
[11:56:40] WARNING: not removing hydrogen atom without neighbors
[11:56:40] WARNING: not removing hydrogen atom without neighbors
[11:56:40] WARNING: not removing hydrogen atom without neighbors
[11:56:40] WARNING: not removing hydrogen atom without neighbors
[11:56:40] WARNING: not removing hydrogen atom without neighbors
[11:56:40] WARNING: not removing hydrogen atom without neighbors
[11:56:40] WARNING: not removing hydrogen atom without neighbors
[11:56:40] WARNING: not removing hydrogen atom without neighbors
[11:56:40] WARNING: not removing hydrogen atom without neighbors
[11:56:40] WARNING: not removing hydrogen atom without neighbors
[11:56:40] WARNING: not removing hydrogen atom without neighbors
[11:56:40] WARNING: not removing hydrogen atom without neighbors
[11:56:40] WARNING: not removing hydrogen atom without neighbors
[11:56:40] WARNING: not removing hydrogen atom without neighbors
[11:56:40] WARNING: not removing hydrogen atom without neighbors
[11:56:40] WARNING: not removing hydrogen atom without neighbors
[11:56:40] WARNING: not removing hydrogen atom without neighbors
[11:56:40] WARNING: not removing hydrogen atom without neighbors
[11:56:40] WARNING: not removing hydrogen atom without neighbors
[11:56:40] WARNING: not removing hydrogen atom without neighbors
[11:56:40] WARNING: not removing hydrogen atom without neighbors
[11:56:40] WARNING: not removing hydrogen atom without neighbors
[11:56:40] WARNING: not removing hydrogen atom without neighbors
[11:56:40] WARNING: not removing hydrogen atom without neighbors
[11:56:40] WARNING: not removing hydrogen atom without neighbors
[11:56:40] WARNING: not removing hydrogen atom without neighbors
[11:56:40] WARNING: not removing hydrogen atom without neighbors
[11:56:40] WARNING: not removing hydrogen atom without neighbors
[11:56:40] WARNING: not removing hydrogen atom without neighbors
[11:56:40] WARNING: not removing hydrogen atom without neighbors
[11:56:40] WARNING: not removing hydrogen atom without neighbors
[11:56:40] WARNING: not removing hydrogen atom without neighbors
[11:56:40] WARNING: not removing hydrogen atom without neighbors
[11:56:40] WARNING: not removing hydrogen atom without neighbors
[11:56:40] WARNING: not removing hydrogen atom without neighbors
[11:56:40] WARNING: not removing hydrogen atom without neighbors
[11:56:40] WARNING: not removing hydrogen atom without neighbors
[11:56:40] WARNING: not removing hydrogen atom without neighbors
[11:56:41] WARNING: not removing hydrogen atom without neighbors
[11:56:41] WARNING: not removing hydrogen atom without neighbors
[11:56:41] WARNING: not removing hydrogen atom without neighbors
[11:56:41] WARNING: not removing hydrogen atom without neighbors
[11:56:41] WARNING: not removing hydrogen atom without neighbors
[11:56:41] WARNING: not removing hydrogen atom without neighbors
[11:56:41] WARNING: not removing hydrogen atom without neighbors
[11:56:41] WARNING: not removing hydrogen atom without neighbors
[11:56:41] WARNING: not removing hydrogen atom without neighbors
[11:56:42] WARNING: not removing hydrogen atom without neighbors
[11:56:42] WARNING: not removing hydrogen atom without neighbors
[11:56:42] WARNING: not removing hydrogen atom without neighbors
[11:56:42] WARNING: not removing hydrogen atom without neighbors
[11:56:43] WARNING: not removing hydrogen atom without neighbors
[11:56:43] WARNING: not removing hydrogen atom without neighbors
[11:56:45] WARNING: not removing hydrogen atom without neighbors
[11:56:57] WARNING: not removing hydrogen atom without neighbors
[11:56:57] WARNING: not removing hydrogen atom without neighbors
[11:56:59] WARNING: not removing hydrogen atom without neighbors
[11:56:59] WARNING: not removing hydrogen atom without neighbors
[11:57:02] WARNING: not removing hydrogen atom without neighbors
[11:57:02] WARNING: not removing hydrogen atom without neighbors
[11:57:12] WARNING: not removing hydrogen atom without neighbors
[11:57:12] WARNING: not removing hydrogen atom without neighbors
[11:57:20] WARNING: not removing hydrogen atom without neighbors
[11:57:24] WARNING: not removing hydrogen atom without neighbors
[11:57:25] WARNING: not removing hydrogen atom without neighbors
[11:57:29] WARNING: not removing hydrogen atom without neighbors
[11:57:29] WARNING: not removing hydrogen atom without neighbors
[11:57:42] WARNING: not removing hydrogen atom without neighbors
[11:57:42] WARNING: not removing hydrogen atom without neighbors
[11:57:46] WARNING: not removing hydrogen atom without neighbors
[11:57:48] WARNING: not removing hydrogen atom without neighbors
[11:57:48] WARNING: not removing hydrogen atom without neighbors
[11:57:48] WARNING: not removing hydrogen atom without neighbors
[11:57:48] WARNING: not removing hydrogen atom without neighbors
[11:57:48] WARNING: not removing hydrogen atom without neighbors
[11:57:48] WARNING: not removing hydrogen atom without neighbors
[11:58:09] WARNING: not removing hydrogen atom without neighbors
[11:58:10] WARNING: not removing hydrogen atom without neighbors
[11:58:10] WARNING: not removing hydrogen atom without neighbors
[11:58:13] WARNING: not removing hydrogen atom without neighbors
[11:58:13] WARNING: not removing hydrogen atom without neighbors
[11:58:13] WARNING: not removing hydrogen atom without neighbors
[11:58:13] WARNING: not removing hydrogen atom without neighbors
[11:58:13] WARNING: not removing hydrogen atom without neighbors
[11:58:13] WARNING: not removing hydrogen atom without neighbors
[11:58:13] WARNING: not removing hydrogen atom without neighbors
[11:58:13] WARNING: not removing hydrogen atom without neighbors
[11:58:13] WARNING: not removing hydrogen atom without neighbors
[11:58:13] WARNING: not removing hydrogen atom without neighbors
[11:58:13] WARNING: not removing hydrogen atom without neighbors
[11:58:13] WARNING: not removing hydrogen atom without neighbors
[11:58:13] WARNING: not removing hydrogen atom without neighbors
[11:58:13] WARNING: not removing hydrogen atom without neighbors
[11:58:13] WARNING: not removing hydrogen atom without neighbors
[11:58:13] WARNING: not removing hydrogen atom without neighbors
[11:58:13] WARNING: not removing hydrogen atom without neighbors
[11:58:13] WARNING: not removing hydrogen atom without neighbors
[11:58:13] WARNING: not removing hydrogen atom without neighbors
[11:58:15] WARNING: not removing hydrogen atom without neighbors
[11:58:16] WARNING: not removing hydrogen atom without neighbors
[11:58:16] WARNING: not removing hydrogen atom without neighbors
[11:58:16] WARNING: not removing hydrogen atom without neighbors
[11:58:24] WARNING: not removing hydrogen atom without neighbors
[11:58:24] WARNING: not removing hydrogen atom without neighbors
[11:58:27] WARNING: not removing hydrogen atom without neighbors
[11:58:27] WARNING: not removing hydrogen atom without neighbors
[11:58:27] WARNING: not removing hydrogen atom without neighbors
[11:58:27] WARNING: not removing hydrogen atom without neighbors
[11:58:27] WARNING: not removing hydrogen atom without neighbors
[11:58:27] WARNING: not removing hydrogen atom without neighbors
[11:58:27] WARNING: not removing hydrogen atom without neighbors
[11:58:27] WARNING: not removing hydrogen atom without neighbors
[11:58:27] WARNING: not removing hydrogen atom without neighbors
[11:58:29] WARNING: not removing hydrogen atom without neighbors
[11:58:29] WARNING: not removing hydrogen atom without neighbors
[11:58:29] WARNING: not removing hydrogen atom without neighbors
[11:58:29] WARNING: not removing hydrogen atom without neighbors
[11:58:29] WARNING: not removing hydrogen atom without neighbors
[11:58:29] WARNING: not removing hydrogen atom without neighbors
[11:58:31] WARNING: not removing hydrogen atom without neighbors
[11:58:31] WARNING: not removing hydrogen atom without neighbors
[11:58:31] WARNING: not removing hydrogen atom without neighbors
[11:58:31] WARNING: not removing hydrogen atom without neighbors
[11:58:31] WARNING: not removing hydrogen atom without neighbors
[11:58:33] WARNING: not removing hydrogen atom without neighbors
[11:58:41] WARNING: not removing hydrogen atom without neighbors
[11:58:41] WARNING: not removing hydrogen atom without neighbors
[11:58:42] WARNING: not removing hydrogen atom without neighbors
[11:58:42] WARNING: not removing hydrogen atom without neighbors
[11:58:42] WARNING: not removing hydrogen atom without neighbors
[11:58:42] WARNING: not removing hydrogen atom without neighbors
[11:58:42] WARNING: not removing hydrogen atom without neighbors
[11:58:48] WARNING: not removing hydrogen atom without neighbors
[11:58:48] WARNING: not removing hydrogen atom without neighbors
[11:58:48] WARNING: not removing hydrogen atom without neighbors
[11:58:48] WARNING: not removing hydrogen atom without neighbors
[11:58:48] WARNING: not removing hydrogen atom without neighbors
[11:58:48] WARNING: not removing hydrogen atom without neighbors
[11:58:48] WARNING: not removing hydrogen atom without neighbors
[11:58:48] WARNING: not removing hydrogen atom without neighbors
[11:58:48] WARNING: not removing hydrogen atom without neighbors
[11:58:48] WARNING: not removing hydrogen atom without neighbors
[11:58:48] WARNING: not removing hydrogen atom without neighbors
[11:58:48] WARNING: not removing hydrogen atom without neighbors
[11:58:48] WARNING: not removing hydrogen atom without neighbors
[11:58:51] WARNING: not removing hydrogen atom without neighbors
[11:58:51] WARNING: not removing hydrogen atom without neighbors
[11:58:52] WARNING: not removing hydrogen atom without neighbors
[11:58:58] WARNING: not removing hydrogen atom without neighbors
[11:58:58] WARNING: not removing hydrogen atom without neighbors
[11:58:58] WARNING: not removing hydrogen atom without neighbors
[11:58:58] WARNING: not removing hydrogen atom without neighbors
[11:58:58] WARNING: not removing hydrogen atom without neighbors
[11:58:58] WARNING: not removing hydrogen atom without neighbors
[11:58:58] WARNING: not removing hydrogen atom without neighbors
[11:58:58] WARNING: not removing hydrogen atom without neighbors
[11:58:58] WARNING: not removing hydrogen atom without neighbors
[11:58:58] WARNING: not removing hydrogen atom without neighbors
[11:58:58] WARNING: not removing hydrogen atom without neighbors
[11:58:58] WARNING: not removing hydrogen atom without neighbors
[11:58:58] WARNING: not removing hydrogen atom without neighbors
[11:58:58] WARNING: not removing hydrogen atom without neighbors
[11:59:04] WARNING: not removing hydrogen atom without neighbors
[11:59:04] WARNING: not removing hydrogen atom without neighbors
[11:59:04] WARNING: not removing hydrogen atom without neighbors
[11:59:04] WARNING: not removing hydrogen atom without neighbors
[11:59:04] WARNING: not removing hydrogen atom without neighbors
[11:59:04] WARNING: not removing hydrogen atom without neighbors
[11:59:04] WARNING: not removing hydrogen atom without neighbors
[11:59:04] WARNING: not removing hydrogen atom without neighbors
[11:59:04] WARNING: not removing hydrogen atom without neighbors
[11:59:04] WARNING: not removing hydrogen atom without neighbors
[11:59:05] WARNING: not removing hydrogen atom without neighbors
[11:59:05] WARNING: not removing hydrogen atom without neighbors
[11:59:06] WARNING: not removing hydrogen atom without neighbors
[11:59:07] WARNING: not removing hydrogen atom without neighbors
[11:59:07] WARNING: not removing hydrogen atom without neighbors
[11:59:08] WARNING: not removing hydrogen atom without neighbors
[11:59:33] WARNING: not removing hydrogen atom without neighbors
[11:59:33] WARNING: not removing hydrogen atom without neighbors
[11:59:33] WARNING: not removing hydrogen atom without neighbors
saving fingerprints
extracting molecular descriptors
[13:11:59] WARNING: not removing hydrogen atom without neighbors
[13:11:59] WARNING: not removing hydrogen atom without neighbors
[13:16:22] WARNING: not removing hydrogen atom without neighbors
[13:16:22] WARNING: not removing hydrogen atom without neighbors
[13:38:45] WARNING: not removing hydrogen atom without neighbors
[13:38:45] WARNING: not removing hydrogen atom without neighbors
[13:41:11] WARNING: not removing hydrogen atom without neighbors
[13:41:11] WARNING: not removing hydrogen atom without neighbors
[13:41:12] WARNING: not removing hydrogen atom without neighbors
[13:41:12] WARNING: not removing hydrogen atom without neighbors
[13:41:15] WARNING: not removing hydrogen atom without neighbors
[13:41:15] WARNING: not removing hydrogen atom without neighbors
[13:41:15] WARNING: not removing hydrogen atom without neighbors
[13:41:15] WARNING: not removing hydrogen atom without neighbors
[13:41:16] WARNING: not removing hydrogen atom without neighbors
[13:41:16] WARNING: not removing hydrogen atom without neighbors
[13:42:31] WARNING: not removing hydrogen atom without neighbors
[13:42:32] WARNING: not removing hydrogen atom without neighbors
[13:43:24] WARNING: not removing hydrogen atom without neighbors
[13:43:24] WARNING: not removing hydrogen atom without neighbors
[13:43:25] WARNING: not removing hydrogen atom without neighbors
[13:43:25] WARNING: not removing hydrogen atom without neighbors
[13:43:28] WARNING: not removing hydrogen atom without neighbors
[13:43:28] WARNING: not removing hydrogen atom without neighbors
[13:50:56] WARNING: not removing hydrogen atom without neighbors
[13:50:56] WARNING: not removing hydrogen atom without neighbors
[13:50:56] WARNING: not removing hydrogen atom without neighbors
[13:50:56] WARNING: not removing hydrogen atom without neighbors
[13:50:56] WARNING: not removing hydrogen atom without neighbors
[13:50:56] WARNING: not removing hydrogen atom without neighbors
[13:52:55] WARNING: not removing hydrogen atom without neighbors
[13:52:55] WARNING: not removing hydrogen atom without neighbors
[13:52:55] WARNING: not removing hydrogen atom without neighbors
[13:52:55] WARNING: not removing hydrogen atom without neighbors
[13:54:30] WARNING: not removing hydrogen atom without neighbors
[13:54:31] WARNING: not removing hydrogen atom without neighbors
[13:54:34] WARNING: not removing hydrogen atom without neighbors
[13:54:34] WARNING: not removing hydrogen atom without neighbors
[14:25:46] WARNING: not removing hydrogen atom without neighbors
[14:25:46] WARNING: not removing hydrogen atom without neighbors
[14:25:46] WARNING: not removing hydrogen atom without neighbors
[14:25:46] WARNING: not removing hydrogen atom without neighbors
[14:30:05] WARNING: not removing hydrogen atom without neighbors
[14:30:05] WARNING: not removing hydrogen atom without neighbors
[14:30:05] WARNING: not removing hydrogen atom without neighbors
[14:30:05] WARNING: not removing hydrogen atom without neighbors
[14:30:05] WARNING: not removing hydrogen atom without neighbors
[14:30:05] WARNING: not removing hydrogen atom without neighbors
[14:30:18] WARNING: not removing hydrogen atom without neighbors
[14:30:18] WARNING: not removing hydrogen atom without neighbors
[14:30:18] WARNING: not removing hydrogen atom without neighbors
[14:30:18] WARNING: not removing hydrogen atom without neighbors
[14:30:37] WARNING: not removing hydrogen atom without neighbors
[14:30:37] WARNING: not removing hydrogen atom without neighbors
[14:30:37] WARNING: not removing hydrogen atom without neighbors
[14:30:37] WARNING: not removing hydrogen atom without neighbors
[14:31:04] WARNING: not removing hydrogen atom without neighbors
[14:31:06] WARNING: not removing hydrogen atom without neighbors
[14:31:17] WARNING: not removing hydrogen atom without neighbors
[14:31:18] WARNING: not removing hydrogen atom without neighbors
[14:33:14] WARNING: not removing hydrogen atom without neighbors
[14:33:14] WARNING: not removing hydrogen atom without neighbors
[14:33:14] WARNING: not removing hydrogen atom without neighbors
[14:33:14] WARNING: not removing hydrogen atom without neighbors
[14:33:50] WARNING: not removing hydrogen atom without neighbors
[14:33:50] WARNING: not removing hydrogen atom without neighbors
[14:34:00] WARNING: not removing hydrogen atom without neighbors
[14:34:00] WARNING: not removing hydrogen atom without neighbors
[14:34:00] WARNING: not removing hydrogen atom without neighbors
[14:34:01] WARNING: not removing hydrogen atom without neighbors
[14:34:01] WARNING: not removing hydrogen atom without neighbors
[14:34:01] WARNING: not removing hydrogen atom without neighbors
[14:34:01] WARNING: not removing hydrogen atom without neighbors
[14:34:01] WARNING: not removing hydrogen atom without neighbors
[15:02:35] WARNING: not removing hydrogen atom without neighbors
[15:02:35] WARNING: not removing hydrogen atom without neighbors
[15:02:35] WARNING: not removing hydrogen atom without neighbors
[15:02:35] WARNING: not removing hydrogen atom without neighbors
[15:03:10] WARNING: not removing hydrogen atom without neighbors
[15:03:10] WARNING: not removing hydrogen atom without neighbors
[15:03:10] WARNING: not removing hydrogen atom without neighbors
[15:03:10] WARNING: not removing hydrogen atom without neighbors
[15:36:22] WARNING: not removing hydrogen atom without neighbors
[15:36:22] WARNING: not removing hydrogen atom without neighbors
[15:36:22] WARNING: not removing hydrogen atom without neighbors
[15:36:22] WARNING: not removing hydrogen atom without neighbors
[15:36:22] WARNING: not removing hydrogen atom without neighbors
[15:36:23] WARNING: not removing hydrogen atom without neighbors
[15:36:23] WARNING: not removing hydrogen atom without neighbors
[15:36:23] WARNING: not removing hydrogen atom without neighbors
[15:36:23] WARNING: not removing hydrogen atom without neighbors
[15:36:24] WARNING: not removing hydrogen atom without neighbors
[16:14:17] WARNING: not removing hydrogen atom without neighbors
[16:14:18] WARNING: not removing hydrogen atom without neighbors
[16:26:26] WARNING: not removing hydrogen atom without neighbors
[16:26:26] WARNING: not removing hydrogen atom without neighbors
[16:26:26] WARNING: not removing hydrogen atom without neighbors
[16:26:26] WARNING: not removing hydrogen atom without neighbors
[16:26:26] WARNING: not removing hydrogen atom without neighbors
[16:26:26] WARNING: not removing hydrogen atom without neighbors
[16:30:50] WARNING: not removing hydrogen atom without neighbors
[16:30:58] WARNING: not removing hydrogen atom without neighbors
[16:49:13] WARNING: not removing hydrogen atom without neighbors
[16:49:13] WARNING: not removing hydrogen atom without neighbors
[16:49:13] WARNING: not removing hydrogen atom without neighbors
[16:49:13] WARNING: not removing hydrogen atom without neighbors
[16:54:08] WARNING: not removing hydrogen atom without neighbors
[16:54:09] WARNING: not removing hydrogen atom without neighbors
[16:54:35] WARNING: not removing hydrogen atom without neighbors
[16:54:35] WARNING: not removing hydrogen atom without neighbors
[16:54:36] WARNING: not removing hydrogen atom without neighbors
[16:54:36] WARNING: not removing hydrogen atom without neighbors
[16:55:48] WARNING: not removing hydrogen atom without neighbors
[16:55:48] WARNING: not removing hydrogen atom without neighbors
[16:55:49] WARNING: not removing hydrogen atom without neighbors
[16:55:49] WARNING: not removing hydrogen atom without neighbors
[16:56:11] WARNING: not removing hydrogen atom without neighbors
[16:56:11] WARNING: not removing hydrogen atom without neighbors
[16:56:11] WARNING: not removing hydrogen atom without neighbors
[16:56:11] WARNING: not removing hydrogen atom without neighbors
[16:56:11] WARNING: not removing hydrogen atom without neighbors
[16:56:11] WARNING: not removing hydrogen atom without neighbors
[16:56:11] WARNING: not removing hydrogen atom without neighbors
[16:56:11] WARNING: not removing hydrogen atom without neighbors
[16:59:50] WARNING: not removing hydrogen atom without neighbors
[16:59:50] WARNING: not removing hydrogen atom without neighbors
[16:59:50] WARNING: not removing hydrogen atom without neighbors
[16:59:50] WARNING: not removing hydrogen atom without neighbors
[17:12:55] WARNING: not removing hydrogen atom without neighbors
[17:12:55] WARNING: not removing hydrogen atom without neighbors
[17:12:55] WARNING: not removing hydrogen atom without neighbors
[17:12:55] WARNING: not removing hydrogen atom without neighbors
[17:12:56] WARNING: not removing hydrogen atom without neighbors
[17:12:56] WARNING: not removing hydrogen atom without neighbors
[17:12:56] WARNING: not removing hydrogen atom without neighbors
[17:12:56] WARNING: not removing hydrogen atom without neighbors
[17:17:57] WARNING: not removing hydrogen atom without neighbors
[17:17:57] WARNING: not removing hydrogen atom without neighbors
[17:18:05] WARNING: not removing hydrogen atom without neighbors
[17:18:06] WARNING: not removing hydrogen atom without neighbors
[17:18:18] WARNING: not removing hydrogen atom without neighbors
[17:18:20] WARNING: not removing hydrogen atom without neighbors
[19:58:12] WARNING: not removing hydrogen atom without neighbors
[19:58:12] WARNING: not removing hydrogen atom without neighbors
[19:58:12] WARNING: not removing hydrogen atom without neighbors
[19:58:13] WARNING: not removing hydrogen atom without neighbors
[19:58:13] WARNING: not removing hydrogen atom without neighbors
[19:58:13] WARNING: not removing hydrogen atom without neighbors
[19:58:31] WARNING: not removing hydrogen atom without neighbors
[19:58:31] WARNING: not removing hydrogen atom without neighbors
[19:58:31] WARNING: not removing hydrogen atom without neighbors
[19:58:31] WARNING: not removing hydrogen atom without neighbors
[19:58:31] WARNING: not removing hydrogen atom without neighbors
[19:58:31] WARNING: not removing hydrogen atom without neighbors
[19:58:31] WARNING: not removing hydrogen atom without neighbors
[19:58:32] WARNING: not removing hydrogen atom without neighbors
[19:59:33] WARNING: not removing hydrogen atom without neighbors
[19:59:33] WARNING: not removing hydrogen atom without neighbors
[19:59:33] WARNING: not removing hydrogen atom without neighbors
[19:59:33] WARNING: not removing hydrogen atom without neighbors
[20:00:33] WARNING: not removing hydrogen atom without neighbors
[20:00:34] WARNING: not removing hydrogen atom without neighbors
[20:00:44] WARNING: not removing hydrogen atom without neighbors
[20:00:45] WARNING: not removing hydrogen atom without neighbors
[20:00:48] WARNING: not removing hydrogen atom without neighbors
[20:00:48] WARNING: not removing hydrogen atom without neighbors
[20:01:07] WARNING: not removing hydrogen atom without neighbors
[20:01:07] WARNING: not removing hydrogen atom without neighbors
[20:01:07] WARNING: not removing hydrogen atom without neighbors
[20:01:07] WARNING: not removing hydrogen atom without neighbors
[20:01:08] WARNING: not removing hydrogen atom without neighbors
[20:01:08] WARNING: not removing hydrogen atom without neighbors
[20:01:10] WARNING: not removing hydrogen atom without neighbors
[20:01:10] WARNING: not removing hydrogen atom without neighbors
[20:01:10] WARNING: not removing hydrogen atom without neighbors
[20:01:10] WARNING: not removing hydrogen atom without neighbors
[20:01:13] WARNING: not removing hydrogen atom without neighbors
[20:01:13] WARNING: not removing hydrogen atom without neighbors
[20:01:13] WARNING: not removing hydrogen atom without neighbors
[20:01:13] WARNING: not removing hydrogen atom without neighbors
[20:01:17] WARNING: not removing hydrogen atom without neighbors
[20:01:17] WARNING: not removing hydrogen atom without neighbors
[20:01:17] WARNING: not removing hydrogen atom without neighbors
[20:01:17] WARNING: not removing hydrogen atom without neighbors
[20:01:17] WARNING: not removing hydrogen atom without neighbors
[20:01:17] WARNING: not removing hydrogen atom without neighbors
[20:01:59] WARNING: not removing hydrogen atom without neighbors
[20:01:59] WARNING: not removing hydrogen atom without neighbors
[20:02:02] WARNING: not removing hydrogen atom without neighbors
[20:02:02] WARNING: not removing hydrogen atom without neighbors
[20:02:04] WARNING: not removing hydrogen atom without neighbors
[20:02:04] WARNING: not removing hydrogen atom without neighbors
[20:02:25] WARNING: not removing hydrogen atom without neighbors
[20:02:25] WARNING: not removing hydrogen atom without neighbors
[20:02:31] WARNING: not removing hydrogen atom without neighbors
[20:02:31] WARNING: not removing hydrogen atom without neighbors
[20:02:32] WARNING: not removing hydrogen atom without neighbors
[20:02:32] WARNING: not removing hydrogen atom without neighbors
[20:04:01] WARNING: not removing hydrogen atom without neighbors
[20:04:01] WARNING: not removing hydrogen atom without neighbors
[20:04:02] WARNING: not removing hydrogen atom without neighbors
[20:04:02] WARNING: not removing hydrogen atom without neighbors
[20:04:02] WARNING: not removing hydrogen atom without neighbors
[20:04:02] WARNING: not removing hydrogen atom without neighbors
[20:04:03] WARNING: not removing hydrogen atom without neighbors
[20:04:03] WARNING: not removing hydrogen atom without neighbors
[20:04:03] WARNING: not removing hydrogen atom without neighbors
[20:04:03] WARNING: not removing hydrogen atom without neighbors
[20:04:07] WARNING: not removing hydrogen atom without neighbors
[20:04:07] WARNING: not removing hydrogen atom without neighbors
[20:04:07] WARNING: not removing hydrogen atom without neighbors
[20:04:07] WARNING: not removing hydrogen atom without neighbors
[20:09:07] WARNING: not removing hydrogen atom without neighbors
[20:09:07] WARNING: not removing hydrogen atom without neighbors
[20:09:08] WARNING: not removing hydrogen atom without neighbors
[20:09:08] WARNING: not removing hydrogen atom without neighbors
[20:17:20] WARNING: not removing hydrogen atom without neighbors
[20:17:20] WARNING: not removing hydrogen atom without neighbors
[20:17:20] WARNING: not removing hydrogen atom without neighbors
[20:17:20] WARNING: not removing hydrogen atom without neighbors
[20:17:49] WARNING: not removing hydrogen atom without neighbors
[20:17:49] WARNING: not removing hydrogen atom without neighbors
[20:17:52] WARNING: not removing hydrogen atom without neighbors
[20:17:52] WARNING: not removing hydrogen atom without neighbors
[20:17:52] WARNING: not removing hydrogen atom without neighbors
[20:17:52] WARNING: not removing hydrogen atom without neighbors
[20:17:52] WARNING: not removing hydrogen atom without neighbors
[20:17:52] WARNING: not removing hydrogen atom without neighbors
[20:17:52] WARNING: not removing hydrogen atom without neighbors
[20:17:52] WARNING: not removing hydrogen atom without neighbors
[20:17:52] WARNING: not removing hydrogen atom without neighbors
[20:17:52] WARNING: not removing hydrogen atom without neighbors
[20:17:52] WARNING: not removing hydrogen atom without neighbors
[20:17:52] WARNING: not removing hydrogen atom without neighbors
[20:17:52] WARNING: not removing hydrogen atom without neighbors
[20:17:52] WARNING: not removing hydrogen atom without neighbors
[20:17:52] WARNING: not removing hydrogen atom without neighbors
[20:17:52] WARNING: not removing hydrogen atom without neighbors
[20:17:52] WARNING: not removing hydrogen atom without neighbors
[20:17:52] WARNING: not removing hydrogen atom without neighbors
[20:17:52] WARNING: not removing hydrogen atom without neighbors
[20:17:52] WARNING: not removing hydrogen atom without neighbors
[20:17:52] WARNING: not removing hydrogen atom without neighbors
[20:17:52] WARNING: not removing hydrogen atom without neighbors
[20:17:52] WARNING: not removing hydrogen atom without neighbors
[20:17:52] WARNING: not removing hydrogen atom without neighbors
[20:17:52] WARNING: not removing hydrogen atom without neighbors
[20:17:52] WARNING: not removing hydrogen atom without neighbors
[20:17:52] WARNING: not removing hydrogen atom without neighbors
[20:17:52] WARNING: not removing hydrogen atom without neighbors
[20:17:52] WARNING: not removing hydrogen atom without neighbors
[20:17:52] WARNING: not removing hydrogen atom without neighbors
[20:17:52] WARNING: not removing hydrogen atom without neighbors
[20:17:52] WARNING: not removing hydrogen atom without neighbors
[20:17:52] WARNING: not removing hydrogen atom without neighbors
[20:17:52] WARNING: not removing hydrogen atom without neighbors
[20:17:53] WARNING: not removing hydrogen atom without neighbors
[20:17:53] WARNING: not removing hydrogen atom without neighbors
[20:17:53] WARNING: not removing hydrogen atom without neighbors
[20:17:53] WARNING: not removing hydrogen atom without neighbors
[20:17:53] WARNING: not removing hydrogen atom without neighbors
[20:17:53] WARNING: not removing hydrogen atom without neighbors
[20:17:53] WARNING: not removing hydrogen atom without neighbors
[20:17:53] WARNING: not removing hydrogen atom without neighbors
[20:17:53] WARNING: not removing hydrogen atom without neighbors
[20:17:53] WARNING: not removing hydrogen atom without neighbors
[20:17:53] WARNING: not removing hydrogen atom without neighbors
[20:17:53] WARNING: not removing hydrogen atom without neighbors
[20:17:53] WARNING: not removing hydrogen atom without neighbors
[20:17:53] WARNING: not removing hydrogen atom without neighbors
[20:17:53] WARNING: not removing hydrogen atom without neighbors
[20:17:53] WARNING: not removing hydrogen atom without neighbors
[20:17:53] WARNING: not removing hydrogen atom without neighbors
[20:17:53] WARNING: not removing hydrogen atom without neighbors
[20:17:53] WARNING: not removing hydrogen atom without neighbors
[20:17:53] WARNING: not removing hydrogen atom without neighbors
[20:18:05] WARNING: not removing hydrogen atom without neighbors
[20:18:05] WARNING: not removing hydrogen atom without neighbors
[20:18:36] WARNING: not removing hydrogen atom without neighbors
[20:18:36] WARNING: not removing hydrogen atom without neighbors
[20:18:36] WARNING: not removing hydrogen atom without neighbors
[20:18:36] WARNING: not removing hydrogen atom without neighbors
[20:21:10] WARNING: not removing hydrogen atom without neighbors
[20:21:10] WARNING: not removing hydrogen atom without neighbors
[20:21:10] WARNING: not removing hydrogen atom without neighbors
[20:21:10] WARNING: not removing hydrogen atom without neighbors
[20:21:10] WARNING: not removing hydrogen atom without neighbors
[20:21:10] WARNING: not removing hydrogen atom without neighbors
[20:21:11] WARNING: not removing hydrogen atom without neighbors
[20:21:11] WARNING: not removing hydrogen atom without neighbors
[20:22:12] WARNING: not removing hydrogen atom without neighbors
[20:22:12] WARNING: not removing hydrogen atom without neighbors
[20:22:12] WARNING: not removing hydrogen atom without neighbors
[20:22:12] WARNING: not removing hydrogen atom without neighbors
[20:22:12] WARNING: not removing hydrogen atom without neighbors
[20:22:12] WARNING: not removing hydrogen atom without neighbors
[20:22:12] WARNING: not removing hydrogen atom without neighbors
[20:22:13] WARNING: not removing hydrogen atom without neighbors
[20:22:14] WARNING: not removing hydrogen atom without neighbors
[20:22:14] WARNING: not removing hydrogen atom without neighbors
[20:22:14] WARNING: not removing hydrogen atom without neighbors
[20:22:14] WARNING: not removing hydrogen atom without neighbors
[20:22:14] WARNING: not removing hydrogen atom without neighbors
[20:22:14] WARNING: not removing hydrogen atom without neighbors
[20:22:14] WARNING: not removing hydrogen atom without neighbors
[20:22:14] WARNING: not removing hydrogen atom without neighbors
[20:22:14] WARNING: not removing hydrogen atom without neighbors
[20:22:15] WARNING: not removing hydrogen atom without neighbors
[20:22:15] WARNING: not removing hydrogen atom without neighbors
[20:22:15] WARNING: not removing hydrogen atom without neighbors
[20:22:15] WARNING: not removing hydrogen atom without neighbors
[20:22:15] WARNING: not removing hydrogen atom without neighbors
[20:22:15] WARNING: not removing hydrogen atom without neighbors
[20:22:15] WARNING: not removing hydrogen atom without neighbors
[20:22:54] WARNING: not removing hydrogen atom without neighbors
[20:22:54] WARNING: not removing hydrogen atom without neighbors
[20:22:54] WARNING: not removing hydrogen atom without neighbors
[20:22:54] WARNING: not removing hydrogen atom without neighbors
[20:22:55] WARNING: not removing hydrogen atom without neighbors
[20:22:55] WARNING: not removing hydrogen atom without neighbors
[20:22:55] WARNING: not removing hydrogen atom without neighbors
[20:22:55] WARNING: not removing hydrogen atom without neighbors
[20:22:55] WARNING: not removing hydrogen atom without neighbors
[20:22:55] WARNING: not removing hydrogen atom without neighbors
[20:22:55] WARNING: not removing hydrogen atom without neighbors
[20:22:55] WARNING: not removing hydrogen atom without neighbors
[20:23:01] WARNING: not removing hydrogen atom without neighbors
[20:23:01] WARNING: not removing hydrogen atom without neighbors
[20:23:01] WARNING: not removing hydrogen atom without neighbors
[20:23:01] WARNING: not removing hydrogen atom without neighbors
[20:23:01] WARNING: not removing hydrogen atom without neighbors
[20:23:01] WARNING: not removing hydrogen atom without neighbors
[20:23:01] WARNING: not removing hydrogen atom without neighbors
[20:23:01] WARNING: not removing hydrogen atom without neighbors
[20:23:01] WARNING: not removing hydrogen atom without neighbors
[20:23:01] WARNING: not removing hydrogen atom without neighbors
[20:23:01] WARNING: not removing hydrogen atom without neighbors
[20:23:01] WARNING: not removing hydrogen atom without neighbors
[20:23:01] WARNING: not removing hydrogen atom without neighbors
[20:23:01] WARNING: not removing hydrogen atom without neighbors
[20:23:01] WARNING: not removing hydrogen atom without neighbors
[20:23:01] WARNING: not removing hydrogen atom without neighbors
[20:23:01] WARNING: not removing hydrogen atom without neighbors
[20:23:01] WARNING: not removing hydrogen atom without neighbors
[20:23:01] WARNING: not removing hydrogen atom without neighbors
[20:23:01] WARNING: not removing hydrogen atom without neighbors
[20:23:01] WARNING: not removing hydrogen atom without neighbors
[20:23:01] WARNING: not removing hydrogen atom without neighbors
[20:23:01] WARNING: not removing hydrogen atom without neighbors
[20:23:01] WARNING: not removing hydrogen atom without neighbors
[20:23:01] WARNING: not removing hydrogen atom without neighbors
[20:23:01] WARNING: not removing hydrogen atom without neighbors
[20:23:03] WARNING: not removing hydrogen atom without neighbors
[20:23:03] WARNING: not removing hydrogen atom without neighbors
[20:23:03] WARNING: not removing hydrogen atom without neighbors
[20:23:03] WARNING: not removing hydrogen atom without neighbors
[20:23:03] WARNING: not removing hydrogen atom without neighbors
[20:23:03] WARNING: not removing hydrogen atom without neighbors
[20:23:03] WARNING: not removing hydrogen atom without neighbors
[20:23:03] WARNING: not removing hydrogen atom without neighbors
[20:23:03] WARNING: not removing hydrogen atom without neighbors
[20:23:03] WARNING: not removing hydrogen atom without neighbors
[20:23:03] WARNING: not removing hydrogen atom without neighbors
[20:23:03] WARNING: not removing hydrogen atom without neighbors
[20:23:03] WARNING: not removing hydrogen atom without neighbors
[20:23:03] WARNING: not removing hydrogen atom without neighbors
[20:23:03] WARNING: not removing hydrogen atom without neighbors
[20:23:03] WARNING: not removing hydrogen atom without neighbors
[20:23:03] WARNING: not removing hydrogen atom without neighbors
[20:23:03] WARNING: not removing hydrogen atom without neighbors
[20:23:03] WARNING: not removing hydrogen atom without neighbors
[20:23:03] WARNING: not removing hydrogen atom without neighbors
[20:23:03] WARNING: not removing hydrogen atom without neighbors
[20:23:03] WARNING: not removing hydrogen atom without neighbors
[20:23:03] WARNING: not removing hydrogen atom without neighbors
[20:23:03] WARNING: not removing hydrogen atom without neighbors
[20:24:44] WARNING: not removing hydrogen atom without neighbors
[20:24:44] WARNING: not removing hydrogen atom without neighbors
[20:24:44] WARNING: not removing hydrogen atom without neighbors
[20:24:44] WARNING: not removing hydrogen atom without neighbors
[20:24:44] WARNING: not removing hydrogen atom without neighbors
[20:24:44] WARNING: not removing hydrogen atom without neighbors
[20:24:44] WARNING: not removing hydrogen atom without neighbors
[20:24:44] WARNING: not removing hydrogen atom without neighbors
[20:24:44] WARNING: not removing hydrogen atom without neighbors
[20:24:44] WARNING: not removing hydrogen atom without neighbors
[20:24:44] WARNING: not removing hydrogen atom without neighbors
[20:24:44] WARNING: not removing hydrogen atom without neighbors
[20:24:44] WARNING: not removing hydrogen atom without neighbors
[20:24:44] WARNING: not removing hydrogen atom without neighbors
[20:24:44] WARNING: not removing hydrogen atom without neighbors
[20:24:44] WARNING: not removing hydrogen atom without neighbors
[20:24:44] WARNING: not removing hydrogen atom without neighbors
[20:24:44] WARNING: not removing hydrogen atom without neighbors
[20:24:44] WARNING: not removing hydrogen atom without neighbors
[20:24:44] WARNING: not removing hydrogen atom without neighbors
[20:24:44] WARNING: not removing hydrogen atom without neighbors
[20:24:44] WARNING: not removing hydrogen atom without neighbors
[20:24:44] WARNING: not removing hydrogen atom without neighbors
[20:24:44] WARNING: not removing hydrogen atom without neighbors
[20:24:44] WARNING: not removing hydrogen atom without neighbors
[20:24:44] WARNING: not removing hydrogen atom without neighbors
[20:24:44] WARNING: not removing hydrogen atom without neighbors
[20:24:44] WARNING: not removing hydrogen atom without neighbors
[20:24:44] WARNING: not removing hydrogen atom without neighbors
[20:24:44] WARNING: not removing hydrogen atom without neighbors
[20:24:44] WARNING: not removing hydrogen atom without neighbors
[20:24:44] WARNING: not removing hydrogen atom without neighbors
[20:24:44] WARNING: not removing hydrogen atom without neighbors
[20:24:44] WARNING: not removing hydrogen atom without neighbors
[20:24:44] WARNING: not removing hydrogen atom without neighbors
[20:24:44] WARNING: not removing hydrogen atom without neighbors
[20:24:44] WARNING: not removing hydrogen atom without neighbors
[20:24:44] WARNING: not removing hydrogen atom without neighbors
[20:24:44] WARNING: not removing hydrogen atom without neighbors
[20:24:44] WARNING: not removing hydrogen atom without neighbors
[20:24:44] WARNING: not removing hydrogen atom without neighbors
[20:24:44] WARNING: not removing hydrogen atom without neighbors
[20:24:44] WARNING: not removing hydrogen atom without neighbors
[20:24:44] WARNING: not removing hydrogen atom without neighbors
[20:24:44] WARNING: not removing hydrogen atom without neighbors
[20:24:44] WARNING: not removing hydrogen atom without neighbors
[20:24:44] WARNING: not removing hydrogen atom without neighbors
[20:24:44] WARNING: not removing hydrogen atom without neighbors
[20:24:44] WARNING: not removing hydrogen atom without neighbors
[20:24:44] WARNING: not removing hydrogen atom without neighbors
[20:24:44] WARNING: not removing hydrogen atom without neighbors
[20:24:44] WARNING: not removing hydrogen atom without neighbors
[20:24:44] WARNING: not removing hydrogen atom without neighbors
[20:24:44] WARNING: not removing hydrogen atom without neighbors
[20:24:44] WARNING: not removing hydrogen atom without neighbors
[20:24:44] WARNING: not removing hydrogen atom without neighbors
[20:24:44] WARNING: not removing hydrogen atom without neighbors
[20:24:44] WARNING: not removing hydrogen atom without neighbors
[20:24:44] WARNING: not removing hydrogen atom without neighbors
[20:24:44] WARNING: not removing hydrogen atom without neighbors
[20:24:44] WARNING: not removing hydrogen atom without neighbors
[20:24:44] WARNING: not removing hydrogen atom without neighbors
[20:24:44] WARNING: not removing hydrogen atom without neighbors
[20:24:44] WARNING: not removing hydrogen atom without neighbors
[20:24:44] WARNING: not removing hydrogen atom without neighbors
[20:24:44] WARNING: not removing hydrogen atom without neighbors
[20:24:44] WARNING: not removing hydrogen atom without neighbors
[20:24:44] WARNING: not removing hydrogen atom without neighbors
[20:24:44] WARNING: not removing hydrogen atom without neighbors
[20:24:44] WARNING: not removing hydrogen atom without neighbors
[20:24:44] WARNING: not removing hydrogen atom without neighbors
[20:24:44] WARNING: not removing hydrogen atom without neighbors
[20:24:44] WARNING: not removing hydrogen atom without neighbors
[20:24:44] WARNING: not removing hydrogen atom without neighbors
[20:24:45] WARNING: not removing hydrogen atom without neighbors
[20:24:45] WARNING: not removing hydrogen atom without neighbors
[20:24:45] WARNING: not removing hydrogen atom without neighbors
[20:24:45] WARNING: not removing hydrogen atom without neighbors
[20:24:45] WARNING: not removing hydrogen atom without neighbors
[20:24:45] WARNING: not removing hydrogen atom without neighbors
[20:24:45] WARNING: not removing hydrogen atom without neighbors
[20:24:45] WARNING: not removing hydrogen atom without neighbors
[20:24:45] WARNING: not removing hydrogen atom without neighbors
[20:24:45] WARNING: not removing hydrogen atom without neighbors
[20:24:45] WARNING: not removing hydrogen atom without neighbors
[20:24:45] WARNING: not removing hydrogen atom without neighbors
[20:24:46] WARNING: not removing hydrogen atom without neighbors
[20:24:46] WARNING: not removing hydrogen atom without neighbors
[20:24:47] WARNING: not removing hydrogen atom without neighbors
[20:24:47] WARNING: not removing hydrogen atom without neighbors
[20:25:20] WARNING: not removing hydrogen atom without neighbors
[20:25:20] WARNING: not removing hydrogen atom without neighbors
[20:25:20] WARNING: not removing hydrogen atom without neighbors
[20:25:21] WARNING: not removing hydrogen atom without neighbors
[20:25:21] WARNING: not removing hydrogen atom without neighbors
[20:25:21] WARNING: not removing hydrogen atom without neighbors
[20:25:21] WARNING: not removing hydrogen atom without neighbors
[20:25:21] WARNING: not removing hydrogen atom without neighbors
[20:25:21] WARNING: not removing hydrogen atom without neighbors
[20:25:21] WARNING: not removing hydrogen atom without neighbors
[20:25:21] WARNING: not removing hydrogen atom without neighbors
[20:25:21] WARNING: not removing hydrogen atom without neighbors
[20:25:21] WARNING: not removing hydrogen atom without neighbors
[20:25:21] WARNING: not removing hydrogen atom without neighbors
[20:25:38] WARNING: not removing hydrogen atom without neighbors
[20:25:39] WARNING: not removing hydrogen atom without neighbors
[20:25:40] WARNING: not removing hydrogen atom without neighbors
[20:25:40] WARNING: not removing hydrogen atom without neighbors
[20:25:49] WARNING: not removing hydrogen atom without neighbors
[20:25:49] WARNING: not removing hydrogen atom without neighbors
[20:25:49] WARNING: not removing hydrogen atom without neighbors
[20:25:49] WARNING: not removing hydrogen atom without neighbors
[20:27:04] WARNING: not removing hydrogen atom without neighbors
[20:27:04] WARNING: not removing hydrogen atom without neighbors
[20:27:05] WARNING: not removing hydrogen atom without neighbors
[20:27:05] WARNING: not removing hydrogen atom without neighbors
[20:28:34] WARNING: not removing hydrogen atom without neighbors
[20:28:34] WARNING: not removing hydrogen atom without neighbors
[20:28:35] WARNING: not removing hydrogen atom without neighbors
[20:28:35] WARNING: not removing hydrogen atom without neighbors
[20:28:47] WARNING: not removing hydrogen atom without neighbors
[20:28:47] WARNING: not removing hydrogen atom without neighbors
[20:31:51] WARNING: not removing hydrogen atom without neighbors
[20:31:51] WARNING: not removing hydrogen atom without neighbors
[20:32:08] WARNING: not removing hydrogen atom without neighbors
[20:32:08] WARNING: not removing hydrogen atom without neighbors
[20:35:00] WARNING: not removing hydrogen atom without neighbors
[20:35:00] WARNING: not removing hydrogen atom without neighbors
[20:35:01] WARNING: not removing hydrogen atom without neighbors
[20:35:01] WARNING: not removing hydrogen atom without neighbors
[20:35:27] WARNING: not removing hydrogen atom without neighbors
[20:35:27] WARNING: not removing hydrogen atom without neighbors
[20:35:27] WARNING: not removing hydrogen atom without neighbors
[20:35:28] WARNING: not removing hydrogen atom without neighbors
[20:38:04] WARNING: not removing hydrogen atom without neighbors
[20:38:04] WARNING: not removing hydrogen atom without neighbors
[20:38:04] WARNING: not removing hydrogen atom without neighbors
[20:38:04] WARNING: not removing hydrogen atom without neighbors
[20:47:46] WARNING: not removing hydrogen atom without neighbors
[20:47:47] WARNING: not removing hydrogen atom without neighbors
[20:53:55] WARNING: not removing hydrogen atom without neighbors
[20:53:56] WARNING: not removing hydrogen atom without neighbors
[20:54:13] WARNING: not removing hydrogen atom without neighbors
[20:54:13] WARNING: not removing hydrogen atom without neighbors
[20:58:59] WARNING: not removing hydrogen atom without neighbors
[20:58:59] WARNING: not removing hydrogen atom without neighbors
[20:59:01] WARNING: not removing hydrogen atom without neighbors
[20:59:01] WARNING: not removing hydrogen atom without neighbors
[21:07:21] WARNING: not removing hydrogen atom without neighbors
[21:07:21] WARNING: not removing hydrogen atom without neighbors
[21:07:21] WARNING: not removing hydrogen atom without neighbors
[21:07:21] WARNING: not removing hydrogen atom without neighbors
[21:12:27] WARNING: not removing hydrogen atom without neighbors
[21:12:27] WARNING: not removing hydrogen atom without neighbors
[21:13:14] WARNING: not removing hydrogen atom without neighbors
[21:13:14] WARNING: not removing hydrogen atom without neighbors
[21:13:14] WARNING: not removing hydrogen atom without neighbors
[21:13:14] WARNING: not removing hydrogen atom without neighbors
[21:13:14] WARNING: not removing hydrogen atom without neighbors
[21:13:14] WARNING: not removing hydrogen atom without neighbors
[21:13:14] WARNING: not removing hydrogen atom without neighbors
[21:13:14] WARNING: not removing hydrogen atom without neighbors
[21:13:14] WARNING: not removing hydrogen atom without neighbors
[21:13:14] WARNING: not removing hydrogen atom without neighbors
[21:13:14] WARNING: not removing hydrogen atom without neighbors
[21:13:14] WARNING: not removing hydrogen atom without neighbors
[21:13:59] WARNING: not removing hydrogen atom without neighbors
[21:13:59] WARNING: not removing hydrogen atom without neighbors
[21:14:02] WARNING: not removing hydrogen atom without neighbors
[21:14:02] WARNING: not removing hydrogen atom without neighbors
[21:14:03] WARNING: not removing hydrogen atom without neighbors
[21:14:03] WARNING: not removing hydrogen atom without neighbors
[21:14:50] WARNING: not removing hydrogen atom without neighbors
[21:14:50] WARNING: not removing hydrogen atom without neighbors
[21:14:50] WARNING: not removing hydrogen atom without neighbors
[21:14:50] WARNING: not removing hydrogen atom without neighbors
[21:14:50] WARNING: not removing hydrogen atom without neighbors
[21:14:50] WARNING: not removing hydrogen atom without neighbors
[21:14:59] WARNING: not removing hydrogen atom without neighbors
[21:14:59] WARNING: not removing hydrogen atom without neighbors
[21:14:59] WARNING: not removing hydrogen atom without neighbors
[21:14:59] WARNING: not removing hydrogen atom without neighbors
[21:14:59] WARNING: not removing hydrogen atom without neighbors
[21:14:59] WARNING: not removing hydrogen atom without neighbors
[21:15:00] WARNING: not removing hydrogen atom without neighbors
[21:15:00] WARNING: not removing hydrogen atom without neighbors
[21:15:01] WARNING: not removing hydrogen atom without neighbors
[21:15:01] WARNING: not removing hydrogen atom without neighbors
[21:15:01] WARNING: not removing hydrogen atom without neighbors
[21:15:01] WARNING: not removing hydrogen atom without neighbors
[21:15:08] WARNING: not removing hydrogen atom without neighbors
[21:15:08] WARNING: not removing hydrogen atom without neighbors
[21:15:09] WARNING: not removing hydrogen atom without neighbors
[21:15:09] WARNING: not removing hydrogen atom without neighbors
[21:15:09] WARNING: not removing hydrogen atom without neighbors
[21:15:09] WARNING: not removing hydrogen atom without neighbors
[21:15:09] WARNING: not removing hydrogen atom without neighbors
[21:15:09] WARNING: not removing hydrogen atom without neighbors
[21:15:09] WARNING: not removing hydrogen atom without neighbors
[21:15:09] WARNING: not removing hydrogen atom without neighbors
[21:15:09] WARNING: not removing hydrogen atom without neighbors
[21:15:10] WARNING: not removing hydrogen atom without neighbors
[21:15:10] WARNING: not removing hydrogen atom without neighbors
[21:15:10] WARNING: not removing hydrogen atom without neighbors
[21:15:10] WARNING: not removing hydrogen atom without neighbors
[21:15:10] WARNING: not removing hydrogen atom without neighbors
[21:15:10] WARNING: not removing hydrogen atom without neighbors
[21:15:10] WARNING: not removing hydrogen atom without neighbors
[21:15:20] WARNING: not removing hydrogen atom without neighbors
[21:15:22] WARNING: not removing hydrogen atom without neighbors
[21:17:34] WARNING: not removing hydrogen atom without neighbors
[21:17:34] WARNING: not removing hydrogen atom without neighbors
[21:17:34] WARNING: not removing hydrogen atom without neighbors
[21:17:34] WARNING: not removing hydrogen atom without neighbors
[21:17:34] WARNING: not removing hydrogen atom without neighbors
[21:17:35] WARNING: not removing hydrogen atom without neighbors
[21:17:35] WARNING: not removing hydrogen atom without neighbors
[21:17:35] WARNING: not removing hydrogen atom without neighbors
[21:19:56] WARNING: not removing hydrogen atom without neighbors
[21:19:56] WARNING: not removing hydrogen atom without neighbors
[21:19:56] WARNING: not removing hydrogen atom without neighbors
[21:19:56] WARNING: not removing hydrogen atom without neighbors
[21:22:47] WARNING: not removing hydrogen atom without neighbors
[21:22:47] WARNING: not removing hydrogen atom without neighbors
[21:22:47] WARNING: not removing hydrogen atom without neighbors
[21:22:47] WARNING: not removing hydrogen atom without neighbors
[21:22:48] WARNING: not removing hydrogen atom without neighbors
[21:22:48] WARNING: not removing hydrogen atom without neighbors
[21:22:48] WARNING: not removing hydrogen atom without neighbors
[21:22:48] WARNING: not removing hydrogen atom without neighbors
[21:22:48] WARNING: not removing hydrogen atom without neighbors
[21:22:48] WARNING: not removing hydrogen atom without neighbors
[21:22:48] WARNING: not removing hydrogen atom without neighbors
[21:22:48] WARNING: not removing hydrogen atom without neighbors
[21:22:48] WARNING: not removing hydrogen atom without neighbors
[21:22:48] WARNING: not removing hydrogen atom without neighbors
[21:22:48] WARNING: not removing hydrogen atom without neighbors
[21:22:48] WARNING: not removing hydrogen atom without neighbors
[21:22:48] WARNING: not removing hydrogen atom without neighbors
[21:22:48] WARNING: not removing hydrogen atom without neighbors
[21:23:12] WARNING: not removing hydrogen atom without neighbors
[21:23:12] WARNING: not removing hydrogen atom without neighbors
[21:23:12] WARNING: not removing hydrogen atom without neighbors
[21:23:12] WARNING: not removing hydrogen atom without neighbors
[21:23:12] WARNING: not removing hydrogen atom without neighbors
[21:23:12] WARNING: not removing hydrogen atom without neighbors
[21:23:12] WARNING: not removing hydrogen atom without neighbors
[21:23:12] WARNING: not removing hydrogen atom without neighbors
[21:23:12] WARNING: not removing hydrogen atom without neighbors
[21:23:12] WARNING: not removing hydrogen atom without neighbors
[21:23:17] WARNING: not removing hydrogen atom without neighbors
[21:23:17] WARNING: not removing hydrogen atom without neighbors
[21:26:23] WARNING: not removing hydrogen atom without neighbors
[21:26:24] WARNING: not removing hydrogen atom without neighbors
[21:26:35] WARNING: not removing hydrogen atom without neighbors
[21:26:36] WARNING: not removing hydrogen atom without neighbors
[21:26:40] WARNING: not removing hydrogen atom without neighbors
[21:26:41] WARNING: not removing hydrogen atom without neighbors
[21:26:53] WARNING: not removing hydrogen atom without neighbors
[21:26:53] WARNING: not removing hydrogen atom without neighbors
[21:26:57] WARNING: not removing hydrogen atom without neighbors
[21:26:59] WARNING: not removing hydrogen atom without neighbors
[21:31:03] WARNING: not removing hydrogen atom without neighbors
[21:31:04] WARNING: not removing hydrogen atom without neighbors
[22:13:15] WARNING: not removing hydrogen atom without neighbors
[22:13:15] WARNING: not removing hydrogen atom without neighbors
[22:15:10] WARNING: not removing hydrogen atom without neighbors
[22:15:10] WARNING: not removing hydrogen atom without neighbors
[22:17:36] WARNING: not removing hydrogen atom without neighbors
[22:17:36] WARNING: not removing hydrogen atom without neighbors
[22:17:37] WARNING: not removing hydrogen atom without neighbors
[22:17:49] WARNING: not removing hydrogen atom without neighbors
[22:17:57] WARNING: not removing hydrogen atom without neighbors
[22:17:57] WARNING: not removing hydrogen atom without neighbors
[22:17:57] WARNING: not removing hydrogen atom without neighbors
[22:17:57] WARNING: not removing hydrogen atom without neighbors
[22:17:57] WARNING: not removing hydrogen atom without neighbors
[22:17:57] WARNING: not removing hydrogen atom without neighbors
[22:28:37] WARNING: not removing hydrogen atom without neighbors
[22:28:38] WARNING: not removing hydrogen atom without neighbors
[22:28:46] WARNING: not removing hydrogen atom without neighbors
[22:28:46] WARNING: not removing hydrogen atom without neighbors
[22:28:46] WARNING: not removing hydrogen atom without neighbors
[22:28:46] WARNING: not removing hydrogen atom without neighbors
[22:28:47] WARNING: not removing hydrogen atom without neighbors
[22:28:47] WARNING: not removing hydrogen atom without neighbors
[22:28:47] WARNING: not removing hydrogen atom without neighbors
[22:28:47] WARNING: not removing hydrogen atom without neighbors
[22:28:47] WARNING: not removing hydrogen atom without neighbors
[22:28:47] WARNING: not removing hydrogen atom without neighbors
[22:28:47] WARNING: not removing hydrogen atom without neighbors
[22:28:47] WARNING: not removing hydrogen atom without neighbors
[22:28:47] WARNING: not removing hydrogen atom without neighbors
[22:28:47] WARNING: not removing hydrogen atom without neighbors
[22:28:47] WARNING: not removing hydrogen atom without neighbors
[22:28:48] WARNING: not removing hydrogen atom without neighbors
[22:28:48] WARNING: not removing hydrogen atom without neighbors
[22:28:48] WARNING: not removing hydrogen atom without neighbors
[22:28:48] WARNING: not removing hydrogen atom without neighbors
[22:28:49] WARNING: not removing hydrogen atom without neighbors
[22:29:03] WARNING: not removing hydrogen atom without neighbors
[22:29:03] WARNING: not removing hydrogen atom without neighbors
[22:29:03] WARNING: not removing hydrogen atom without neighbors
[22:29:03] WARNING: not removing hydrogen atom without neighbors
[22:30:15] WARNING: not removing hydrogen atom without neighbors
[22:30:15] WARNING: not removing hydrogen atom without neighbors
[22:30:16] WARNING: not removing hydrogen atom without neighbors
[22:30:16] WARNING: not removing hydrogen atom without neighbors
[22:30:47] WARNING: not removing hydrogen atom without neighbors
[22:30:47] WARNING: not removing hydrogen atom without neighbors
[22:34:49] WARNING: not removing hydrogen atom without neighbors
[22:34:49] WARNING: not removing hydrogen atom without neighbors
[22:34:49] WARNING: not removing hydrogen atom without neighbors
[22:34:50] WARNING: not removing hydrogen atom without neighbors
[22:34:50] WARNING: not removing hydrogen atom without neighbors
[22:34:50] WARNING: not removing hydrogen atom without neighbors
[22:34:50] WARNING: not removing hydrogen atom without neighbors
[22:34:50] WARNING: not removing hydrogen atom without neighbors
[22:34:50] WARNING: not removing hydrogen atom without neighbors
[22:34:50] WARNING: not removing hydrogen atom without neighbors
[22:34:51] WARNING: not removing hydrogen atom without neighbors
[22:34:51] WARNING: not removing hydrogen atom without neighbors
[22:34:51] WARNING: not removing hydrogen atom without neighbors
[22:34:51] WARNING: not removing hydrogen atom without neighbors
[22:34:51] WARNING: not removing hydrogen atom without neighbors
[22:34:51] WARNING: not removing hydrogen atom without neighbors
[22:34:51] WARNING: not removing hydrogen atom without neighbors
[22:34:51] WARNING: not removing hydrogen atom without neighbors
[22:34:51] WARNING: not removing hydrogen atom without neighbors
[22:34:51] WARNING: not removing hydrogen atom without neighbors
[22:34:51] WARNING: not removing hydrogen atom without neighbors
[22:34:51] WARNING: not removing hydrogen atom without neighbors
[22:34:51] WARNING: not removing hydrogen atom without neighbors
[22:34:51] WARNING: not removing hydrogen atom without neighbors
[22:34:51] WARNING: not removing hydrogen atom without neighbors
[22:34:53] WARNING: not removing hydrogen atom without neighbors
[22:34:53] WARNING: not removing hydrogen atom without neighbors
[22:34:53] WARNING: not removing hydrogen atom without neighbors
[22:41:56] WARNING: not removing hydrogen atom without neighbors
[22:41:57] WARNING: not removing hydrogen atom without neighbors
[22:41:57] WARNING: not removing hydrogen atom without neighbors
[22:41:57] WARNING: not removing hydrogen atom without neighbors
[22:41:57] WARNING: not removing hydrogen atom without neighbors
[22:41:57] WARNING: not removing hydrogen atom without neighbors
[22:41:57] WARNING: not removing hydrogen atom without neighbors
[22:41:57] WARNING: not removing hydrogen atom without neighbors
[22:41:57] WARNING: not removing hydrogen atom without neighbors
[22:41:57] WARNING: not removing hydrogen atom without neighbors
[22:41:58] WARNING: not removing hydrogen atom without neighbors
[22:41:58] WARNING: not removing hydrogen atom without neighbors
[22:41:58] WARNING: not removing hydrogen atom without neighbors
[22:41:58] WARNING: not removing hydrogen atom without neighbors
[22:41:58] WARNING: not removing hydrogen atom without neighbors
[22:41:59] WARNING: not removing hydrogen atom without neighbors
[22:43:26] WARNING: not removing hydrogen atom without neighbors
[22:43:26] WARNING: not removing hydrogen atom without neighbors
[22:43:27] WARNING: not removing hydrogen atom without neighbors
[22:43:27] WARNING: not removing hydrogen atom without neighbors
[22:43:27] WARNING: not removing hydrogen atom without neighbors
[22:43:27] WARNING: not removing hydrogen atom without neighbors
[22:43:28] WARNING: not removing hydrogen atom without neighbors
[22:43:28] WARNING: not removing hydrogen atom without neighbors
[22:45:23] WARNING: not removing hydrogen atom without neighbors
[22:45:24] WARNING: not removing hydrogen atom without neighbors
[22:48:31] WARNING: not removing hydrogen atom without neighbors
[22:48:34] WARNING: not removing hydrogen atom without neighbors
[22:49:06] WARNING: not removing hydrogen atom without neighbors
[22:49:07] WARNING: not removing hydrogen atom without neighbors
[22:50:21] WARNING: not removing hydrogen atom without neighbors
[22:50:24] WARNING: not removing hydrogen atom without neighbors
[02:24:46] WARNING: not removing hydrogen atom without neighbors
[02:24:46] WARNING: not removing hydrogen atom without neighbors
[02:24:47] WARNING: not removing hydrogen atom without neighbors
[02:24:47] WARNING: not removing hydrogen atom without neighbors
[02:25:00] WARNING: not removing hydrogen atom without neighbors
[02:25:01] WARNING: not removing hydrogen atom without neighbors
