nohup: ignoring input
Random seed : 10
Pre-trained weights of KPGT were loaded successfully!
Set of Optimizer: lr:0.0001, weight_decay:0.0
Current Optimizer is adan
Let's start training!
epoch: 1 / 15,step 999 / 18630, loss: 2.77258945
epoch: 1 / 15,step 1999 / 18630, loss: 2.77258873
epoch: 1 / 15,step 2999 / 18630, loss: 2.77258897
epoch: 1 / 15,step 3999 / 18630, loss: 2.77258873
epoch: 1 / 15,step 4999 / 18630, loss: 2.77258897
epoch: 1 / 15,step 5999 / 18630, loss: 2.77258897
epoch: 1 / 15,step 6999 / 18630, loss: 2.77258873
epoch: 1 / 15,step 7999 / 18630, loss: 2.77258873
epoch: 1 / 15,step 8999 / 18630, loss: 2.77258897
epoch: 1 / 15,step 9999 / 18630, loss: 2.77258897
epoch: 1 / 15,step 10999 / 18630, loss: 2.77258897
epoch: 1 / 15,step 11999 / 18630, loss: 2.77258897
epoch: 1 / 15,step 12999 / 18630, loss: 2.77258921
epoch: 1 / 15,step 13999 / 18630, loss: 2.77258921
epoch: 1 / 15,step 14999 / 18630, loss: 2.77258897
epoch: 1 / 15,step 15999 / 18630, loss: 2.77258897
epoch: 1 / 15,step 16999 / 18630, loss: 2.77258897
epoch: 1 / 15,step 17999 / 18630, loss: 2.77258921
epoch: 1 end ; cost time: 47.4302 min
epoch: 2 / 15,step 999 / 18630, loss: 2.77258897
epoch: 2 / 15,step 1999 / 18630, loss: 2.77258897
epoch: 2 / 15,step 2999 / 18630, loss: 2.77258873
epoch: 2 / 15,step 3999 / 18630, loss: 2.77258897
epoch: 2 / 15,step 4999 / 18630, loss: 2.77258873
epoch: 2 / 15,step 5999 / 18630, loss: 2.77258873
epoch: 2 / 15,step 6999 / 18630, loss: 2.77258897
epoch: 2 / 15,step 7999 / 18630, loss: 2.77258897
epoch: 2 / 15,step 8999 / 18630, loss: 2.77258873
epoch: 2 / 15,step 9999 / 18630, loss: 2.77258873
epoch: 2 / 15,step 10999 / 18630, loss: 2.77258921
epoch: 2 / 15,step 11999 / 18630, loss: 2.77258921
epoch: 2 / 15,step 12999 / 18630, loss: 2.77258897
epoch: 2 / 15,step 13999 / 18630, loss: 2.77258873
epoch: 2 / 15,step 14999 / 18630, loss: 2.77258897
epoch: 2 / 15,step 15999 / 18630, loss: 2.77258921
epoch: 2 / 15,step 16999 / 18630, loss: 2.77258873
epoch: 2 / 15,step 17999 / 18630, loss: 2.77258897
epoch: 2 end ; cost time: 47.7657 min
epoch: 3 / 15,step 999 / 18630, loss: 2.77258897
epoch: 3 / 15,step 1999 / 18630, loss: 2.77258921
epoch: 3 / 15,step 2999 / 18630, loss: 2.77258897
epoch: 3 / 15,step 3999 / 18630, loss: 2.77258921
epoch: 3 / 15,step 4999 / 18630, loss: 2.77258921
epoch: 3 / 15,step 5999 / 18630, loss: 2.77258873
epoch: 3 / 15,step 6999 / 18630, loss: 2.77258873
epoch: 3 / 15,step 7999 / 18630, loss: 2.77258897
epoch: 3 / 15,step 8999 / 18630, loss: 2.77258897
epoch: 3 / 15,step 9999 / 18630, loss: 2.77258873
epoch: 3 / 15,step 10999 / 18630, loss: 2.77258921
epoch: 3 / 15,step 11999 / 18630, loss: 2.77258921
epoch: 3 / 15,step 12999 / 18630, loss: 2.77258921
epoch: 3 / 15,step 13999 / 18630, loss: 2.77258921
epoch: 3 / 15,step 14999 / 18630, loss: 2.77258897
epoch: 3 / 15,step 15999 / 18630, loss: 2.77258897
epoch: 3 / 15,step 16999 / 18630, loss: 2.77258873
epoch: 3 / 15,step 17999 / 18630, loss: 2.77258897
epoch: 3 end ; cost time: 47.3681 min
epoch: 4 / 15,step 999 / 18630, loss: 2.77258897
epoch: 4 / 15,step 1999 / 18630, loss: 2.77258921
epoch: 4 / 15,step 2999 / 18630, loss: 2.77258921
epoch: 4 / 15,step 3999 / 18630, loss: 2.77258921
epoch: 4 / 15,step 4999 / 18630, loss: 2.77258873
epoch: 4 / 15,step 5999 / 18630, loss: 2.77258897
epoch: 4 / 15,step 6999 / 18630, loss: 2.77258897
epoch: 4 / 15,step 7999 / 18630, loss: 2.77258873
epoch: 4 / 15,step 8999 / 18630, loss: 2.77258873
epoch: 4 / 15,step 9999 / 18630, loss: 2.77258873
epoch: 4 / 15,step 10999 / 18630, loss: 2.77258897
epoch: 4 / 15,step 11999 / 18630, loss: 2.77258921
epoch: 4 / 15,step 12999 / 18630, loss: 2.77258921
epoch: 4 / 15,step 13999 / 18630, loss: 2.77258897
epoch: 4 / 15,step 14999 / 18630, loss: 2.77258921
epoch: 4 / 15,step 15999 / 18630, loss: 2.77258897
epoch: 4 / 15,step 16999 / 18630, loss: 2.77258873
epoch: 4 / 15,step 17999 / 18630, loss: 2.77258873
epoch: 4 end ; cost time: 47.5028 min
epoch: 5 / 15,step 999 / 18630, loss: 2.77258921
epoch: 5 / 15,step 1999 / 18630, loss: 2.77258897
epoch: 5 / 15,step 2999 / 18630, loss: 2.77258897
epoch: 5 / 15,step 3999 / 18630, loss: 2.77258897
epoch: 5 / 15,step 4999 / 18630, loss: 2.77258873
epoch: 5 / 15,step 5999 / 18630, loss: 2.77258921
epoch: 5 / 15,step 6999 / 18630, loss: 2.77258873
epoch: 5 / 15,step 7999 / 18630, loss: 2.77258921
epoch: 5 / 15,step 8999 / 18630, loss: 2.77258921
epoch: 5 / 15,step 9999 / 18630, loss: 2.77258921
epoch: 5 / 15,step 10999 / 18630, loss: 2.77258897
epoch: 5 / 15,step 11999 / 18630, loss: 2.77258873
epoch: 5 / 15,step 12999 / 18630, loss: 2.77258921
epoch: 5 / 15,step 13999 / 18630, loss: 2.77258873
epoch: 5 / 15,step 14999 / 18630, loss: 2.77258897
epoch: 5 / 15,step 15999 / 18630, loss: 2.77258897
epoch: 5 / 15,step 16999 / 18630, loss: 2.77258873
epoch: 5 / 15,step 17999 / 18630, loss: 2.77258921
epoch: 5 end ; cost time: 47.2584 min
epoch: 6 / 15,step 999 / 18630, loss: 2.77258873
epoch: 6 / 15,step 1999 / 18630, loss: 2.77258873
epoch: 6 / 15,step 2999 / 18630, loss: 2.77258873
epoch: 6 / 15,step 3999 / 18630, loss: 2.77258921
epoch: 6 / 15,step 4999 / 18630, loss: 2.77258897
epoch: 6 / 15,step 5999 / 18630, loss: 2.77258921
epoch: 6 / 15,step 6999 / 18630, loss: 2.77258897
epoch: 6 / 15,step 7999 / 18630, loss: 2.77258873
epoch: 6 / 15,step 8999 / 18630, loss: 2.77258873
epoch: 6 / 15,step 9999 / 18630, loss: 2.77258897
epoch: 6 / 15,step 10999 / 18630, loss: 2.77258873
epoch: 6 / 15,step 11999 / 18630, loss: 2.77258873
epoch: 6 / 15,step 12999 / 18630, loss: 2.77258873
epoch: 6 / 15,step 13999 / 18630, loss: 2.77258897
epoch: 6 / 15,step 14999 / 18630, loss: 2.77258921
epoch: 6 / 15,step 15999 / 18630, loss: 2.77258873
epoch: 6 / 15,step 16999 / 18630, loss: 2.77258921
epoch: 6 / 15,step 17999 / 18630, loss: 2.77258873
epoch: 6 end ; cost time: 47.5105 min
epoch: 7 / 15,step 999 / 18630, loss: 2.77258873
epoch: 7 / 15,step 1999 / 18630, loss: 2.77258921
epoch: 7 / 15,step 2999 / 18630, loss: 2.77258897
epoch: 7 / 15,step 3999 / 18630, loss: 2.77258897
epoch: 7 / 15,step 4999 / 18630, loss: 2.77258921
epoch: 7 / 15,step 5999 / 18630, loss: 2.77258921
epoch: 7 / 15,step 6999 / 18630, loss: 2.77258921
epoch: 7 / 15,step 7999 / 18630, loss: 2.77258897
epoch: 7 / 15,step 8999 / 18630, loss: 2.77258897
epoch: 7 / 15,step 9999 / 18630, loss: 2.77258921
epoch: 7 / 15,step 10999 / 18630, loss: 2.77258897
epoch: 7 / 15,step 11999 / 18630, loss: 2.77258921
epoch: 7 / 15,step 12999 / 18630, loss: 2.77258921
epoch: 7 / 15,step 13999 / 18630, loss: 2.77258921
epoch: 7 / 15,step 14999 / 18630, loss: 2.77258897
epoch: 7 / 15,step 15999 / 18630, loss: 2.77258873
epoch: 7 / 15,step 16999 / 18630, loss: 2.77258897
epoch: 7 / 15,step 17999 / 18630, loss: 2.77258873
epoch: 7 end ; cost time: 47.3802 min
epoch: 8 / 15,step 999 / 18630, loss: 2.77258921
epoch: 8 / 15,step 1999 / 18630, loss: 2.77258873
epoch: 8 / 15,step 2999 / 18630, loss: 2.77258897
epoch: 8 / 15,step 3999 / 18630, loss: 2.77258897
epoch: 8 / 15,step 4999 / 18630, loss: 2.77258921
epoch: 8 / 15,step 5999 / 18630, loss: 2.77258921
epoch: 8 / 15,step 6999 / 18630, loss: 2.77258897
epoch: 8 / 15,step 7999 / 18630, loss: 2.77258921
epoch: 8 / 15,step 8999 / 18630, loss: 2.77258897
epoch: 8 / 15,step 9999 / 18630, loss: 2.77258873
epoch: 8 / 15,step 10999 / 18630, loss: 2.77258897
epoch: 8 / 15,step 11999 / 18630, loss: 2.77258873
epoch: 8 / 15,step 12999 / 18630, loss: 2.77258921
epoch: 8 / 15,step 13999 / 18630, loss: 2.77258873
epoch: 8 / 15,step 14999 / 18630, loss: 2.77258897
epoch: 8 / 15,step 15999 / 18630, loss: 2.77258921
epoch: 8 / 15,step 16999 / 18630, loss: 2.77258897
epoch: 8 / 15,step 17999 / 18630, loss: 2.77258897
epoch: 8 end ; cost time: 47.4746 min
epoch: 9 / 15,step 999 / 18630, loss: 2.77258897
epoch: 9 / 15,step 1999 / 18630, loss: 2.77258897
epoch: 9 / 15,step 2999 / 18630, loss: 2.77258873
epoch: 9 / 15,step 3999 / 18630, loss: 2.77258897
epoch: 9 / 15,step 4999 / 18630, loss: 2.77258897
epoch: 9 / 15,step 5999 / 18630, loss: 2.77258921
epoch: 9 / 15,step 6999 / 18630, loss: 2.77258897
epoch: 9 / 15,step 7999 / 18630, loss: 2.77258873
epoch: 9 / 15,step 8999 / 18630, loss: 2.77258921
epoch: 9 / 15,step 9999 / 18630, loss: 2.77258873
epoch: 9 / 15,step 10999 / 18630, loss: 2.77258921
epoch: 9 / 15,step 11999 / 18630, loss: 2.77258921
epoch: 9 / 15,step 12999 / 18630, loss: 2.77258873
epoch: 9 / 15,step 13999 / 18630, loss: 2.77258873
epoch: 9 / 15,step 14999 / 18630, loss: 2.77258897
epoch: 9 / 15,step 15999 / 18630, loss: 2.77258873
epoch: 9 / 15,step 16999 / 18630, loss: 2.77258921
epoch: 9 / 15,step 17999 / 18630, loss: 2.77258921
epoch: 9 end ; cost time: 47.3795 min
epoch: 10 / 15,step 999 / 18630, loss: 2.77258873
epoch: 10 / 15,step 1999 / 18630, loss: 2.77258873
epoch: 10 / 15,step 2999 / 18630, loss: 2.77258897
epoch: 10 / 15,step 3999 / 18630, loss: 2.77258873
epoch: 10 / 15,step 4999 / 18630, loss: 2.77258897
epoch: 10 / 15,step 5999 / 18630, loss: 2.77258873
epoch: 10 / 15,step 6999 / 18630, loss: 2.77258897
epoch: 10 / 15,step 7999 / 18630, loss: 2.77258921
epoch: 10 / 15,step 8999 / 18630, loss: 2.77258873
epoch: 10 / 15,step 9999 / 18630, loss: 2.77258873
epoch: 10 / 15,step 10999 / 18630, loss: 2.77258897
epoch: 10 / 15,step 11999 / 18630, loss: 2.77258897
epoch: 10 / 15,step 12999 / 18630, loss: 2.77258897
epoch: 10 / 15,step 13999 / 18630, loss: 2.77258873
epoch: 10 / 15,step 14999 / 18630, loss: 2.77258897
epoch: 10 / 15,step 15999 / 18630, loss: 2.77258921
epoch: 10 / 15,step 16999 / 18630, loss: 2.77258921
epoch: 10 / 15,step 17999 / 18630, loss: 2.77258897
epoch: 10 end ; cost time: 47.3551 min
epoch: 11 / 15,step 999 / 18630, loss: 2.77258921
epoch: 11 / 15,step 1999 / 18630, loss: 2.77258873
epoch: 11 / 15,step 2999 / 18630, loss: 2.77258873
epoch: 11 / 15,step 3999 / 18630, loss: 2.77258921
epoch: 11 / 15,step 4999 / 18630, loss: 2.77258873
epoch: 11 / 15,step 5999 / 18630, loss: 2.77258873
epoch: 11 / 15,step 6999 / 18630, loss: 2.77258873
epoch: 11 / 15,step 7999 / 18630, loss: 2.77258897
epoch: 11 / 15,step 8999 / 18630, loss: 2.77258921
epoch: 11 / 15,step 9999 / 18630, loss: 2.77258921
epoch: 11 / 15,step 10999 / 18630, loss: 2.77258921
epoch: 11 / 15,step 11999 / 18630, loss: 2.77258921
epoch: 11 / 15,step 12999 / 18630, loss: 2.77258897
epoch: 11 / 15,step 13999 / 18630, loss: 2.77258873
epoch: 11 / 15,step 14999 / 18630, loss: 2.77258921
epoch: 11 / 15,step 15999 / 18630, loss: 2.77258897
epoch: 11 / 15,step 16999 / 18630, loss: 2.77258921
epoch: 11 / 15,step 17999 / 18630, loss: 2.77258897
epoch: 11 end ; cost time: 47.2037 min
epoch: 12 / 15,step 999 / 18630, loss: 2.77258873
epoch: 12 / 15,step 1999 / 18630, loss: 2.77258897
epoch: 12 / 15,step 2999 / 18630, loss: 2.77258921
epoch: 12 / 15,step 3999 / 18630, loss: 2.77258897
epoch: 12 / 15,step 4999 / 18630, loss: 2.77258873
epoch: 12 / 15,step 5999 / 18630, loss: 2.77258921
epoch: 12 / 15,step 6999 / 18630, loss: 2.77258873
epoch: 12 / 15,step 7999 / 18630, loss: 2.77258897
epoch: 12 / 15,step 8999 / 18630, loss: 2.77258897
epoch: 12 / 15,step 9999 / 18630, loss: 2.77258921
epoch: 12 / 15,step 10999 / 18630, loss: 2.77258897
epoch: 12 / 15,step 11999 / 18630, loss: 2.77258921
epoch: 12 / 15,step 12999 / 18630, loss: 2.77258897
epoch: 12 / 15,step 13999 / 18630, loss: 2.77258897
epoch: 12 / 15,step 14999 / 18630, loss: 2.77258921
epoch: 12 / 15,step 15999 / 18630, loss: 2.77258873
epoch: 12 / 15,step 16999 / 18630, loss: 2.77258921
epoch: 12 / 15,step 17999 / 18630, loss: 2.77258873
epoch: 12 end ; cost time: 47.4240 min
epoch: 13 / 15,step 999 / 18630, loss: 2.77258873
epoch: 13 / 15,step 1999 / 18630, loss: 2.77258897
epoch: 13 / 15,step 2999 / 18630, loss: 2.77258897
epoch: 13 / 15,step 3999 / 18630, loss: 2.77258873
epoch: 13 / 15,step 4999 / 18630, loss: 2.77258873
epoch: 13 / 15,step 5999 / 18630, loss: 2.77258921
epoch: 13 / 15,step 6999 / 18630, loss: 2.77258921
epoch: 13 / 15,step 7999 / 18630, loss: 2.77258897
epoch: 13 / 15,step 8999 / 18630, loss: 2.77258921
epoch: 13 / 15,step 9999 / 18630, loss: 2.77258897
epoch: 13 / 15,step 10999 / 18630, loss: 2.77258897
epoch: 13 / 15,step 11999 / 18630, loss: 2.77258897
epoch: 13 / 15,step 12999 / 18630, loss: 2.77258921
epoch: 13 / 15,step 13999 / 18630, loss: 2.77258921
epoch: 13 / 15,step 14999 / 18630, loss: 2.77258873
epoch: 13 / 15,step 15999 / 18630, loss: 2.77258897
epoch: 13 / 15,step 16999 / 18630, loss: 2.77258897
epoch: 13 / 15,step 17999 / 18630, loss: 2.77258897
epoch: 13 end ; cost time: 47.2657 min
epoch: 14 / 15,step 999 / 18630, loss: 2.77258921
epoch: 14 / 15,step 1999 / 18630, loss: 2.77258897
epoch: 14 / 15,step 2999 / 18630, loss: 2.77258897
epoch: 14 / 15,step 3999 / 18630, loss: 2.77258897
epoch: 14 / 15,step 4999 / 18630, loss: 2.77258873
epoch: 14 / 15,step 5999 / 18630, loss: 2.77258897
epoch: 14 / 15,step 6999 / 18630, loss: 2.77258873
epoch: 14 / 15,step 7999 / 18630, loss: 2.77258921
epoch: 14 / 15,step 8999 / 18630, loss: 2.77258873
epoch: 14 / 15,step 9999 / 18630, loss: 2.77258897
epoch: 14 / 15,step 10999 / 18630, loss: 2.77258873
epoch: 14 / 15,step 11999 / 18630, loss: 2.77258897
epoch: 14 / 15,step 12999 / 18630, loss: 2.77258921
